<?xml version="1.0" encoding="UTF-8"?>
<testsuites>
  <testsuite name="Accessor tests" timestamp="2024-11-14T16:39:31Z" hostname="d42982ee9c84" tests="97" skipped="0" failures="0" errors="0" time="2.103">
    <testcase time="0.0920000000000001" classname="Accessor_tests" name="various_accessors_work_at_the_layout_table_level"/>
    <testcase time="0.0149999999999999" classname="Accessor_tests" name="various_accessors_work_at_the_layout_table_level"/>
    <testcase time="0.0249999999999999" classname="Accessor_tests" name="various_accessors_work_at_the_layout_table_level"/>
    <testcase time="0.00100000000000011" classname="Accessor_tests" name="various_accessors_work_at_the_layout_table_level"/>
    <testcase time="0.00099999999999989" classname="Accessor_tests" name="various_accessors_work_at_the_layout_table_level"/>
    <testcase time="0.00100000000000011" classname="Accessor_tests" name="various_accessors_work_at_the_layout_table_level"/>
    <testcase time="0.002" classname="Accessor_tests" name="various_accessors_work_at_the_layout_table_level"/>
    <testcase time="0.01" classname="Accessor_tests" name="various_accessors_work_at_the_layout_table_level"/>
    <testcase time="0.002" classname="Accessor_tests" name="various_accessors_work_at_the_layout_table_level"/>
    <testcase time="0.002" classname="Accessor_tests" name="various_accessors_work_at_the_layout_table_level"/>
    <testcase time="0.00099999999999989" classname="Accessor_tests" name="various_accessors_work_at_the_layout_table_level"/>
    <testcase time="0.00100000000000011" classname="Accessor_tests" name="various_accessors_work_at_the_layout_table_level"/>
    <testcase time="0.05" classname="Accessor_tests" name="various_accessors_work_at_the_layout_table_level"/>
    <testcase time="0.002" classname="Accessor_tests" name="various_accessors_work_at_the_layout_table_level"/>
    <testcase time="0.00099999999999989" classname="Accessor_tests" name="various_accessors_work_at_the_layout_table_level"/>
    <testcase time="0.00100000000000011" classname="Accessor_tests" name="various_accessors_work_at_the_layout_table_level"/>
    <testcase time="0.0089999999999999" classname="Accessor_tests" name="various_accessors_work_at_the_layout_table_level"/>
    <testcase time="0.01" classname="Accessor_tests" name="Accessors_for_Split_objects_work"/>
    <testcase time="0.00100000000000011" classname="Accessor_tests" name="Accessors_for_Split_objects_work"/>
    <testcase time="0.00099999999999989" classname="Accessor_tests" name="Accessors_for_Split_objects_work"/>
    <testcase time="0.002" classname="Accessor_tests" name="Accessors_for_Split_objects_work"/>
    <testcase time="0.00100000000000011" classname="Accessor_tests" name="Accessors_for_Split_objects_work"/>
    <testcase time="0.00099999999999989" classname="Accessor_tests" name="Accessors_for_Split_objects_work"/>
    <testcase time="0.00300000000000011" classname="Accessor_tests" name="Accessors_for_Split_objects_work"/>
    <testcase time="0.00099999999999989" classname="Accessor_tests" name="Accessors_for_Split_objects_work"/>
    <testcase time="0.00300000000000011" classname="Accessor_tests" name="Accessors_for_Split_objects_work"/>
    <testcase time="0.002" classname="Accessor_tests" name="Accessors_for_Split_objects_work"/>
    <testcase time="0.00099999999999989" classname="Accessor_tests" name="Accessors_for_Split_objects_work"/>
    <testcase time="0.00100000000000011" classname="Accessor_tests" name="Accessors_for_Split_objects_work"/>
    <testcase time="0.00099999999999989" classname="Accessor_tests" name="Accessors_for_Split_objects_work"/>
    <testcase time="0.002" classname="Accessor_tests" name="Accessors_for_Split_objects_work"/>
    <testcase time="0.00100000000000011" classname="Accessor_tests" name="Accessors_for_Split_objects_work"/>
    <testcase time="0.312" classname="Accessor_tests" name="header_sep_setting_works"/>
    <testcase time="0.034" classname="Accessor_tests" name="header_sep_setting_works"/>
    <testcase time="0.0840000000000001" classname="Accessor_tests" name="header_sep_setting_works"/>
    <testcase time="0.03" classname="Accessor_tests" name="header_sep_setting_works"/>
    <testcase time="0.002" classname="Accessor_tests" name="header_sep_setting_works"/>
    <testcase time="0.00299999999999989" classname="Accessor_tests" name="header_sep_setting_works"/>
    <testcase time="0.0150000000000001" classname="Accessor_tests" name="header_sep_setting_works"/>
    <testcase time="0.0829999999999997" classname="Accessor_tests" name="header_sep_setting_works"/>
    <testcase time="0.028" classname="Accessor_tests" name="header_sep_setting_works"/>
    <testcase time="0.00100000000000033" classname="Accessor_tests" name="header_sep_setting_works"/>
    <testcase time="0.097" classname="Accessor_tests" name="section_div_getter_and_setter_works"/>
    <testcase time="0.00099999999999989" classname="Accessor_tests" name="section_div_getter_and_setter_works"/>
    <testcase time="0.00199999999999978" classname="Accessor_tests" name="section_div_getter_and_setter_works"/>
    <testcase time="0.00100000000000033" classname="Accessor_tests" name="section_div_getter_and_setter_works"/>
    <testcase time="0.00099999999999989" classname="Accessor_tests" name="section_div_getter_and_setter_works"/>
    <testcase time="0.00099999999999989" classname="Accessor_tests" name="section_div_getter_and_setter_works"/>
    <testcase time="0.00200000000000022" classname="Accessor_tests" name="section_div_getter_and_setter_works"/>
    <testcase time="0.00099999999999989" classname="Accessor_tests" name="section_div_getter_and_setter_works"/>
    <testcase time="0.0169999999999999" classname="Accessor_tests" name="section_div_getter_and_setter_works"/>
    <testcase time="0.00099999999999989" classname="Accessor_tests" name="section_div_getter_and_setter_works"/>
    <testcase time="0.00200000000000022" classname="Accessor_tests" name="section_div_getter_and_setter_works"/>
    <testcase time="0.00099999999999989" classname="Accessor_tests" name="section_div_getter_and_setter_works"/>
    <testcase time="0.00099999999999989" classname="Accessor_tests" name="section_div_getter_and_setter_works"/>
    <testcase time="0.00100000000000033" classname="Accessor_tests" name="section_div_getter_and_setter_works"/>
    <testcase time="0.00199999999999978" classname="Accessor_tests" name="section_div_getter_and_setter_works"/>
    <testcase time="0.00099999999999989" classname="Accessor_tests" name="section_div_getter_and_setter_works"/>
    <testcase time="0.00100000000000033" classname="Accessor_tests" name="section_div_getter_and_setter_works"/>
    <testcase time="0.00099999999999989" classname="Accessor_tests" name="section_div_getter_and_setter_works"/>
    <testcase time="0.00199999999999978" classname="Accessor_tests" name="section_div_getter_and_setter_works"/>
    <testcase time="0.00900000000000034" classname="Accessor_tests" name="section_div_getter_and_setter_works"/>
    <testcase time="0.0129999999999999" classname="Accessor_tests" name="section_div_getter_and_setter_works"/>
    <testcase time="0.00499999999999989" classname="Accessor_tests" name="section_div_getter_and_setter_works"/>
    <testcase time="0.00099999999999989" classname="Accessor_tests" name="section_div_getter_and_setter_works"/>
    <testcase time="0.00100000000000033" classname="Accessor_tests" name="section_div_getter_and_setter_works"/>
    <testcase time="0.00199999999999978" classname="Accessor_tests" name="section_div_getter_and_setter_works"/>
    <testcase time="0.00099999999999989" classname="Accessor_tests" name="section_div_getter_and_setter_works"/>
    <testcase time="0.00100000000000033" classname="Accessor_tests" name="section_div_getter_and_setter_works"/>
    <testcase time="0.00199999999999978" classname="Accessor_tests" name="section_div_getter_and_setter_works"/>
    <testcase time="0.00099999999999989" classname="Accessor_tests" name="section_div_getter_and_setter_works"/>
    <testcase time="0.00100000000000033" classname="Accessor_tests" name="section_div_getter_and_setter_works"/>
    <testcase time="0.00199999999999978" classname="Accessor_tests" name="section_div_getter_and_setter_works"/>
    <testcase time="0.00099999999999989" classname="Accessor_tests" name="section_div_getter_and_setter_works"/>
    <testcase time="0.00100000000000033" classname="Accessor_tests" name="section_div_getter_and_setter_works"/>
    <testcase time="0.00099999999999989" classname="Accessor_tests" name="section_div_getter_and_setter_works"/>
    <testcase time="0.00099999999999989" classname="Accessor_tests" name="section_div_getter_and_setter_works"/>
    <testcase time="0.00200000000000022" classname="Accessor_tests" name="section_div_getter_and_setter_works"/>
    <testcase time="0.00099999999999989" classname="Accessor_tests" name="section_div_getter_and_setter_works"/>
    <testcase time="0.00099999999999989" classname="Accessor_tests" name="section_div_getter_and_setter_works"/>
    <testcase time="0.00200000000000022" classname="Accessor_tests" name="section_div_getter_and_setter_works"/>
    <testcase time="0.00099999999999989" classname="Accessor_tests" name="section_div_getter_and_setter_works"/>
    <testcase time="0.0089999999999999" classname="Accessor_tests" name="section_div_getter_and_setter_works"/>
    <testcase time="0.0089999999999999" classname="Accessor_tests" name="section_div_getter_and_setter_works"/>
    <testcase time="0.169" classname="Accessor_tests" name="section_div_getter_and_setter_works"/>
    <testcase time="0.00600000000000023" classname="Accessor_tests" name="section_div_getter_and_setter_works"/>
    <testcase time="0.151" classname="Accessor_tests" name="the_split_only_setter_works"/>
    <testcase time="0.204" classname="Accessor_tests" name="the_split_only_setter_works"/>
    <testcase time="0.00599999999999978" classname="Accessor_tests" name="the_split_only_setter_works"/>
    <testcase time="0.0100000000000002" classname="Accessor_tests" name="header_section_div_works"/>
    <testcase time="0.00099999999999989" classname="Accessor_tests" name="header_section_div_works"/>
    <testcase time="0.044" classname="Accessor_tests" name="header_section_div_works"/>
    <testcase time="0.00200000000000022" classname="Accessor_tests" name="header_section_div_works"/>
    <testcase time="0.0319999999999996" classname="Accessor_tests" name="header_section_div_works"/>
    <testcase time="0.18" classname="Accessor_tests" name="top_level_section_div_works"/>
    <testcase time="0.00200000000000022" classname="Accessor_tests" name="top_level_section_div_works"/>
    <testcase time="0.253" classname="Accessor_tests" name="top_level_section_div_works"/>
  </testsuite>
  <testsuite name="Exporting to HTML" timestamp="2024-11-14T16:39:33Z" hostname="d42982ee9c84" tests="13" skipped="0" failures="0" errors="0" time="1.798">
    <testcase time="1.186" classname="Exporting_to_HTML" name="as_html_smoke_test"/>
    <testcase time="0.00499999999999989" classname="Exporting_to_HTML" name="as_html_smoke_test"/>
    <testcase time="0.0820000000000007" classname="Exporting_to_HTML" name="as_html_Viewer_with_newline_test"/>
    <testcase time="0.0389999999999997" classname="Exporting_to_HTML" name="as_html_Viewer_with_newline_test"/>
    <testcase time="0.00300000000000011" classname="Exporting_to_HTML" name="as_html_Viewer_with_newline_test"/>
    <testcase time="0.0489999999999995" classname="Exporting_to_HTML" name="as_html_does_not_trim_whitespace"/>
    <testcase time="0.0430000000000001" classname="Exporting_to_HTML" name="as_html_bolding_works"/>
    <testcase time="0.048" classname="Exporting_to_HTML" name="as_html_header_line_works"/>
    <testcase time="0.127" classname="Exporting_to_HTML" name="as_html_indentation_is_translated_to_rows_with_linebreaks"/>
    <testcase time="0.00300000000000011" classname="Exporting_to_HTML" name="as_html_indentation_is_translated_to_rows_with_linebreaks"/>
    <testcase time="0.00100000000000033" classname="Exporting_to_HTML" name="as_html_indentation_is_translated_to_rows_with_linebreaks"/>
    <testcase time="0.191" classname="Exporting_to_HTML" name="as_html_expands_or_not_newlines_depending_on_expand_newlines"/>
    <testcase time="0.0209999999999999" classname="Exporting_to_HTML" name="as_html_expands_or_not_newlines_depending_on_expand_newlines"/>
  </testsuite>
  <testsuite name="binding" timestamp="2024-11-14T16:39:35Z" hostname="d42982ee9c84" tests="47" skipped="0" failures="0" errors="0" time="1.559">
    <testcase time="0.0540000000000003" classname="binding" name="cbind_rtables_works"/>
    <testcase time="0.00100000000000033" classname="binding" name="cbind_rtables_works"/>
    <testcase time="0.00100000000000033" classname="binding" name="cbind_rtables_works"/>
    <testcase time="0.0379999999999994" classname="binding" name="cbind_rtables_works_with_3_tables"/>
    <testcase time="0.00200000000000067" classname="binding" name="cbind_rtables_works_with_3_tables"/>
    <testcase time="0.0409999999999995" classname="binding" name="cbind_rtables_works_with_3_tables"/>
    <testcase time="0.0289999999999999" classname="binding" name="cbind_rtables_works_with_3_tables"/>
    <testcase time="0.0289999999999999" classname="binding" name="cbind_rtables_works_with_3_tables"/>
    <testcase time="0.0860000000000003" classname="binding" name="mixing_NA_and_non_NA_counts_and_avars_is_ok"/>
    <testcase time="0.00100000000000033" classname="binding" name="mixing_NA_and_non_NA_counts_and_avars_is_ok"/>
    <testcase time="0.0329999999999995" classname="binding" name="cell_formats_not_dropped_when_cbinding"/>
    <testcase time="0.00499999999999989" classname="binding" name="chk_cbindable_many_works"/>
    <testcase time="0.00500000000000078" classname="binding" name="chk_cbindable_many_works"/>
    <testcase time="0.016" classname="binding" name="chk_cbindable_many_works"/>
    <testcase time="0.00399999999999956" classname="binding" name="chk_cbindable_many_works"/>
    <testcase time="0.00499999999999989" classname="binding" name="chk_cbindable_many_works"/>
    <testcase time="0.04" classname="binding" name="chk_cbindable_many_works"/>
    <testcase time="0.00600000000000023" classname="binding" name="chk_cbindable_many_works"/>
    <testcase time="0.0170000000000003" classname="binding" name="chk_cbindable_many_works"/>
    <testcase time="0.0459999999999994" classname="binding" name="c_rbind_and_top_left_behave"/>
    <testcase time="0.0170000000000003" classname="binding" name="c_rbind_and_top_left_behave"/>
    <testcase time="0.00600000000000023" classname="binding" name="c_rbind_and_top_left_behave"/>
    <testcase time="0.00599999999999934" classname="binding" name="c_rbind_and_top_left_behave"/>
    <testcase time="0.00300000000000011" classname="binding" name="c_rbind_and_top_left_behave"/>
    <testcase time="0.00199999999999978" classname="binding" name="c_rbind_and_top_left_behave"/>
    <testcase time="0.0340000000000007" classname="binding" name="c_rbind_and_top_left_behave"/>
    <testcase time="0.0720000000000001" classname="binding" name="insert_rrow_works"/>
    <testcase time="0.0419999999999998" classname="binding" name="insert_rrow_works"/>
    <testcase time="0.00199999999999978" classname="binding" name="insert_rrow_works"/>
    <testcase time="0.409" classname="binding" name="count_visibility_syncing_works_when_cbinding"/>
    <testcase time="0.161" classname="binding" name="count_visibility_syncing_works_when_cbinding"/>
    <testcase time="0.135" classname="binding" name="equivalent_split_funs_withs_differrent_environments_dont_block_rbinding"/>
    <testcase time="0.0709999999999997" classname="binding" name="cbinding_table_with_counts_and_with_NA_counts_works"/>
    <testcase time="0.0300000000000002" classname="binding" name="cbinding_table_with_counts_and_with_NA_counts_works"/>
    <testcase time="0.00100000000000033" classname="binding" name="cbinding_table_with_counts_and_with_NA_counts_works"/>
    <testcase time="0.0299999999999994" classname="binding" name="rbinding_2_objects_with_different_titles_footers_removes_them"/>
    <testcase time="0.00100000000000033" classname="binding" name="rbinding_2_objects_with_different_titles_footers_removes_them"/>
    <testcase time="0.00100000000000033" classname="binding" name="rbinding_2_objects_with_different_titles_footers_removes_them"/>
    <testcase time="0.000999999999999446" classname="binding" name="rbinding_2_objects_with_different_titles_footers_removes_them"/>
    <testcase time="0.0380000000000003" classname="binding" name="rbinding_objects_with_only_titles_footers_for_first_object_keeps_them"/>
    <testcase time="0.00199999999999978" classname="binding" name="rbinding_objects_with_only_titles_footers_for_first_object_keeps_them"/>
    <testcase time="0.00100000000000033" classname="binding" name="rbinding_objects_with_only_titles_footers_for_first_object_keeps_them"/>
    <testcase time="0.000999999999999446" classname="binding" name="rbinding_objects_with_only_titles_footers_for_first_object_keeps_them"/>
    <testcase time="0.0300000000000002" classname="binding" name="rbinding_objects_with_identical_titles_footers_keeps_them"/>
    <testcase time="0.00100000000000033" classname="binding" name="rbinding_objects_with_identical_titles_footers_keeps_them"/>
    <testcase time="0.000999999999999446" classname="binding" name="rbinding_objects_with_identical_titles_footers_keeps_them"/>
    <testcase time="0.00200000000000067" classname="binding" name="rbinding_objects_with_identical_titles_footers_keeps_them"/>
  </testsuite>
  <testsuite name="compare_rtables" timestamp="2024-11-14T16:39:36Z" hostname="d42982ee9c84" tests="13" skipped="0" failures="0" errors="0" time="2.138">
    <testcase time="0.425" classname="compare_rtables" name="compare_rtables"/>
    <testcase time="0.393" classname="compare_rtables" name="compare_rtables"/>
    <testcase time="0.00199999999999978" classname="compare_rtables" name="compare_rtables"/>
    <testcase time="0.340000000000001" classname="compare_rtables" name="compare_rtables"/>
    <testcase time="0.00199999999999978" classname="compare_rtables" name="compare_rtables"/>
    <testcase time="0.00300000000000011" classname="compare_rtables" name="compare_rtables"/>
    <testcase time="0.304999999999999" classname="compare_rtables" name="compare_rtables"/>
    <testcase time="0.00300000000000011" classname="compare_rtables" name="compare_rtables"/>
    <testcase time="0.00200000000000067" classname="compare_rtables" name="compare_rtables"/>
    <testcase time="0.359" classname="compare_rtables" name="compare_rtables"/>
    <testcase time="0.00200000000000067" classname="compare_rtables" name="compare_rtables"/>
    <testcase time="0.00300000000000011" classname="compare_rtables" name="compare_rtables"/>
    <testcase time="0.298999999999999" classname="compare_rtables" name="compare_rtables"/>
  </testsuite>
  <testsuite name="Custom Split Functions" timestamp="2024-11-14T16:39:39Z" hostname="d42982ee9c84" tests="24" skipped="0" failures="0" errors="0" time="0.875">
    <testcase time="0.0830000000000002" classname="Custom_Split_Functions" name="Custom_functions_in_multivar_splits_work"/>
    <testcase time="0.081999999999999" classname="Custom_Split_Functions" name="Custom_functions_in_multivar_splits_work"/>
    <testcase time="0.0800000000000001" classname="Custom_Split_Functions" name="add_overall_level_works"/>
    <testcase time="0.00100000000000122" classname="Custom_Split_Functions" name="add_overall_level_works"/>
    <testcase time="0.145" classname="Custom_Split_Functions" name="add_overall_level_works"/>
    <testcase time="0.00799999999999912" classname="Custom_Split_Functions" name="split_rows_by_multivar_and_add_overall_level_throw_an_error"/>
    <testcase time="0.0140000000000011" classname="Custom_Split_Functions" name="split_rows_by_multivar_and_add_overall_level_throw_an_error"/>
    <testcase time="0.0380000000000003" classname="Custom_Split_Functions" name="split_rows_by_multivar_and_add_overall_level_throw_an_error"/>
    <testcase time="0.0399999999999991" classname="Custom_Split_Functions" name="make_split_fun_works"/>
    <testcase time="0.00200000000000067" classname="Custom_Split_Functions" name="make_split_fun_works"/>
    <testcase time="0.088000000000001" classname="Custom_Split_Functions" name="make_split_fun_works"/>
    <testcase time="0.00399999999999956" classname="Custom_Split_Functions" name="make_split_fun_works"/>
    <testcase time="0.00499999999999901" classname="Custom_Split_Functions" name="make_split_fun_works"/>
    <testcase time="0.0500000000000007" classname="Custom_Split_Functions" name="make_split_fun_works"/>
    <testcase time="0.0129999999999999" classname="Custom_Split_Functions" name="make_split_fun_works"/>
    <testcase time="0.0419999999999998" classname="Custom_Split_Functions" name="make_split_fun_works"/>
    <testcase time="0.0709999999999997" classname="Custom_Split_Functions" name="make_split_fun_works"/>
    <testcase time="0.00200000000000067" classname="Custom_Split_Functions" name="make_split_fun_works"/>
    <testcase time="0.000999999999999446" classname="Custom_Split_Functions" name="make_split_fun_works"/>
    <testcase time="0.0519999999999996" classname="Custom_Split_Functions" name="make_split_fun_works"/>
    <testcase time="0.011000000000001" classname="Custom_Split_Functions" name="spl_variable_works"/>
    <testcase time="0.0250000000000004" classname="Custom_Split_Functions" name="spl_variable_works"/>
    <testcase time="0.000999999999999446" classname="Custom_Split_Functions" name="spl_variable_works"/>
    <testcase time="0.0169999999999995" classname="Custom_Split_Functions" name="spl_variable_works"/>
  </testsuite>
  <testsuite name="Default Split Functions" timestamp="2024-11-14T16:39:39Z" hostname="d42982ee9c84" tests="27" skipped="0" failures="0" errors="0" time="1.164">
    <testcase time="0.0470000000000006" classname="Default_Split_Functions" name="keep_split_levels_reorder_works_correctly"/>
    <testcase time="0.0459999999999994" classname="Default_Split_Functions" name="keep_split_levels_reorder_works_correctly"/>
    <testcase time="0.00600000000000023" classname="Default_Split_Functions" name="keep_split_levels_reorder_works_correctly"/>
    <testcase time="0.0139999999999993" classname="Default_Split_Functions" name="keep_split_levels_reorder_works_correctly"/>
    <testcase time="0.0360000000000014" classname="Default_Split_Functions" name="reorder_split_levels_drlevels_TRUE_works"/>
    <testcase time="0.0239999999999991" classname="Default_Split_Functions" name="reorder_split_levels_drlevels_TRUE_works"/>
    <testcase time="0.0180000000000007" classname="Default_Split_Functions" name="reorder_split_levels_drlevels_TRUE_works"/>
    <testcase time="0.0179999999999989" classname="Default_Split_Functions" name="reorder_split_levels_drlevels_TRUE_works"/>
    <testcase time="0.0550000000000015" classname="Default_Split_Functions" name="reorder_split_levels_drlevels_FALSE_works"/>
    <testcase time="0.0190000000000001" classname="Default_Split_Functions" name="reorder_split_levels_drlevels_FALSE_works"/>
    <testcase time="0.0179999999999989" classname="Default_Split_Functions" name="reorder_split_levels_drlevels_FALSE_works"/>
    <testcase time="0.0779999999999994" classname="Default_Split_Functions" name="regression_for_reorder_split_levels_newlabels_"/>
    <testcase time="0.0800000000000001" classname="Default_Split_Functions" name="remove_split_levels_works_as_expected_with_factor_variables"/>
    <testcase time="0.0850000000000009" classname="Default_Split_Functions" name="remove_split_levels_works_as_expected_with_factor_variables"/>
    <testcase time="0.0559999999999992" classname="Default_Split_Functions" name="remove_split_levels_works_as_expected_with_character_variables"/>
    <testcase time="0.0540000000000003" classname="Default_Split_Functions" name="drop_and_remove_levels_works_as_expected_when_dropping_not_appearing_levels"/>
    <testcase time="0.0510000000000002" classname="Default_Split_Functions" name="drop_and_remove_levels_also_works_with_character_variables"/>
    <testcase time="0.105" classname="Default_Split_Functions" name="trim_levels_to_map_split_function_works"/>
    <testcase time="0.0280000000000005" classname="Default_Split_Functions" name="trim_levels_to_map_split_function_works"/>
    <testcase time="0.0510000000000002" classname="Default_Split_Functions" name="trim_levels_to_map_split_function_works"/>
    <testcase time="0.136999999999999" classname="Default_Split_Functions" name="trim_levels_to_map_split_function_works"/>
    <testcase time="0.00100000000000122" classname="Default_Split_Functions" name="trim_levels_to_map_split_function_works"/>
    <testcase time="0.000999999999999446" classname="Default_Split_Functions" name="trim_levels_to_map_split_function_works"/>
    <testcase time="0.00200000000000067" classname="Default_Split_Functions" name="trim_levels_to_map_split_function_works"/>
    <testcase time="0.000999999999999446" classname="Default_Split_Functions" name="trim_levels_to_map_split_function_works"/>
    <testcase time="0.109999999999999" classname="Default_Split_Functions" name="trim_levels_in_group_works"/>
    <testcase time="0.0229999999999997" classname="Default_Split_Functions" name="trim_levels_in_group_works"/>
  </testsuite>
  <testsuite name="deprecated functionality" timestamp="2024-11-14T16:39:41Z" hostname="d42982ee9c84" tests="16" skipped="0" failures="0" errors="0" time="0.626">
    <testcase time="0.0300000000000011" classname="deprecated_functionality" name="deprecated_things_are_still_there_and_work_kinda"/>
    <testcase time="0.00499999999999901" classname="deprecated_functionality" name="deprecated_things_are_still_there_and_work_kinda"/>
    <testcase time="0.0240000000000009" classname="deprecated_functionality" name="deprecated_things_are_still_there_and_work_kinda"/>
    <testcase time="0.00499999999999901" classname="deprecated_functionality" name="deprecated_things_are_still_there_and_work_kinda"/>
    <testcase time="0.0570000000000004" classname="deprecated_functionality" name="deprecated_insert_rrow_still_currently_works"/>
    <testcase time="0.0240000000000009" classname="deprecated_functionality" name="deprecated_insert_rrow_still_currently_works"/>
    <testcase time="0.0339999999999989" classname="deprecated_functionality" name="deprecated_insert_rrow_still_currently_works"/>
    <testcase time="0.107000000000001" classname="deprecated_functionality" name="deprecated_insert_rrow_still_currently_works"/>
    <testcase time="0.0359999999999996" classname="deprecated_functionality" name="deprecated_insert_rrow_still_currently_works"/>
    <testcase time="0.0419999999999998" classname="deprecated_functionality" name="deprecated_insert_rrow_still_currently_works"/>
    <testcase time="0.0429999999999993" classname="deprecated_functionality" name="deprecated_insert_rrow_still_currently_works"/>
    <testcase time="0.0380000000000003" classname="deprecated_functionality" name="deprecated_insert_rrow_still_currently_works"/>
    <testcase time="0.0570000000000004" classname="deprecated_functionality" name="add_colcounts_works"/>
    <testcase time="0.048" classname="deprecated_functionality" name="add_colcounts_format_argument_works"/>
    <testcase time="0.0410000000000004" classname="deprecated_functionality" name="add_colcounts_format_argument_works"/>
    <testcase time="0.0350000000000001" classname="deprecated_functionality" name="add_colcounts_format_argument_works"/>
  </testsuite>
  <testsuite name="Exporting to txt, pdf, rtf, and docx" timestamp="2024-11-14T16:39:41Z" hostname="d42982ee9c84" tests="21" skipped="0" failures="0" errors="0" time="11.205">
    <testcase time="0.349" classname="Exporting_to_txt_pdf_rtf_and_docx" name="export_as_txt_works_with_and_without_pagination"/>
    <testcase time="0.157" classname="Exporting_to_txt_pdf_rtf_and_docx" name="export_as_txt_works_with_and_without_pagination"/>
    <testcase time="0.254999999999999" classname="Exporting_to_txt_pdf_rtf_and_docx" name="export_as_txt_works_with_wrapping"/>
    <testcase time="0.254" classname="Exporting_to_txt_pdf_rtf_and_docx" name="export_as_txt_works_with_wrapping"/>
    <testcase time="0.248000000000001" classname="Exporting_to_txt_pdf_rtf_and_docx" name="export_as_txt_works_with_wrapping"/>
    <testcase time="0.000999999999999446" classname="Exporting_to_txt_pdf_rtf_and_docx" name="export_as_txt_works_with_wrapping"/>
    <testcase time="0.216000000000001" classname="Exporting_to_txt_pdf_rtf_and_docx" name="export_as_txt_works_with_wrapping"/>
    <testcase time="0.276" classname="Exporting_to_txt_pdf_rtf_and_docx" name="export_as_txt_works_with_wrapping"/>
    <testcase time="0.222" classname="Exporting_to_txt_pdf_rtf_and_docx" name="export_as_txt_works_with_wrapping"/>
    <testcase time="0.31" classname="Exporting_to_txt_pdf_rtf_and_docx" name="export_as_txt_works_with_wrapping"/>
    <testcase time="0.382" classname="Exporting_to_txt_pdf_rtf_and_docx" name="tsv_roundtripping_for_path_enriched_df"/>
    <testcase time="0.000999999999999446" classname="Exporting_to_txt_pdf_rtf_and_docx" name="tsv_roundtripping_for_path_enriched_df"/>
    <testcase time="0.548" classname="Exporting_to_txt_pdf_rtf_and_docx" name="export_as_pdf_works"/>
    <testcase time="0.00200000000000067" classname="Exporting_to_txt_pdf_rtf_and_docx" name="export_as_pdf_works"/>
    <testcase time="0.507" classname="Exporting_to_txt_pdf_rtf_and_docx" name="export_as_pdf_works"/>
    <testcase time="1.498" classname="Exporting_to_txt_pdf_rtf_and_docx" name="export_as_pdf_works"/>
    <testcase time="1.496" classname="Exporting_to_txt_pdf_rtf_and_docx" name="export_as_pdf_works"/>
    <testcase time="2.711" classname="Exporting_to_txt_pdf_rtf_and_docx" name="exporting_pdf_does_the_inset"/>
    <testcase time="0.0640000000000001" classname="Exporting_to_txt_pdf_rtf_and_docx" name="path_enriched_df_works_for_tables_with_a_column_that_has_all_length_1_elements"/>
    <testcase time="0.335999999999999" classname="Exporting_to_txt_pdf_rtf_and_docx" name="export_as_rtf_works"/>
    <testcase time="1.372" classname="Exporting_to_txt_pdf_rtf_and_docx" name="export_as_rtf_works"/>
  </testsuite>
  <testsuite name="value formatting" timestamp="2024-11-14T16:39:52Z" hostname="d42982ee9c84" tests="8" skipped="0" failures="0" errors="0" time="0.447">
    <testcase time="0.0560000000000009" classname="value_formatting" name="sprintf_format_works_correctly"/>
    <testcase time="0.0779999999999994" classname="value_formatting" name="table_shell_works"/>
    <testcase time="0.0750000000000028" classname="value_formatting" name="table_shell_works"/>
    <testcase time="0.00399999999999778" classname="value_formatting" name="rcell_format_na_str_functionality_works"/>
    <testcase time="0.00100000000000122" classname="value_formatting" name="rcell_format_na_str_functionality_works"/>
    <testcase time="0.170999999999999" classname="value_formatting" name="format_na_str_functionality_works_in_get_formatted_cells_i.e._printing_and_make_afun"/>
    <testcase time="0.0599999999999987" classname="value_formatting" name="format_and_na_str_inheritance"/>
    <testcase time="0.00200000000000244" classname="value_formatting" name="format_and_na_str_inheritance"/>
  </testsuite>
  <testsuite name="headers and footers" timestamp="2024-11-14T16:39:53Z" hostname="d42982ee9c84" tests="17" skipped="0" failures="0" errors="0" time="0.964">
    <testcase time="0.0509999999999984" classname="headers_and_footers" name="referential_footnotes_work"/>
    <testcase time="0.00100000000000122" classname="headers_and_footers" name="referential_footnotes_work"/>
    <testcase time="0.000999999999997669" classname="headers_and_footers" name="referential_footnotes_work"/>
    <testcase time="0.00100000000000122" classname="headers_and_footers" name="referential_footnotes_work"/>
    <testcase time="0.00100000000000122" classname="headers_and_footers" name="referential_footnotes_work"/>
    <testcase time="0.00199999999999889" classname="headers_and_footers" name="referential_footnotes_work"/>
    <testcase time="0.0459999999999994" classname="headers_and_footers" name="referential_footnotes_work"/>
    <testcase time="0.00100000000000122" classname="headers_and_footers" name="referential_footnotes_work"/>
    <testcase time="0.359999999999999" classname="headers_and_footers" name="post_processing_addition_of_referential_footnotes_works"/>
    <testcase time="0.00100000000000122" classname="headers_and_footers" name="post_processing_addition_of_referential_footnotes_works"/>
    <testcase time="0.00199999999999889" classname="headers_and_footers" name="post_processing_addition_of_referential_footnotes_works"/>
    <testcase time="0.00100000000000122" classname="headers_and_footers" name="post_processing_addition_of_referential_footnotes_works"/>
    <testcase time="0.0179999999999971" classname="headers_and_footers" name="post_processing_addition_of_referential_footnotes_works"/>
    <testcase time="0.00100000000000122" classname="headers_and_footers" name="post_processing_addition_of_referential_footnotes_works"/>
    <testcase time="0.172000000000001" classname="headers_and_footers" name="post_processing_addition_of_referential_footnotes_works"/>
    <testcase time="0.303999999999998" classname="headers_and_footers" name="post_processing_addition_of_referential_footnotes_works"/>
    <testcase time="0.00100000000000122" classname="headers_and_footers" name="post_processing_addition_of_referential_footnotes_works"/>
  </testsuite>
  <testsuite name="Indent modifiers" timestamp="2024-11-14T16:39:54Z" hostname="d42982ee9c84" tests="19" skipped="0" failures="0" errors="0" time="1.547">
    <testcase time="0.0410000000000004" classname="Indent_modifiers" name="indent_modifiers_propogated_from_analyze_calls_properly"/>
    <testcase time="0.00499999999999901" classname="Indent_modifiers" name="indent_modifiers_propogated_from_analyze_calls_properly"/>
    <testcase time="0.118000000000002" classname="Indent_modifiers" name="indents_are_correct_in_make_row_df"/>
    <testcase time="0.163999999999998" classname="Indent_modifiers" name="indents_are_correct_in_make_row_df"/>
    <testcase time="0.116" classname="Indent_modifiers" name="indents_are_correct_in_make_row_df"/>
    <testcase time="0.122" classname="Indent_modifiers" name="indents_are_correct_in_make_row_df"/>
    <testcase time="0.121000000000002" classname="Indent_modifiers" name="indents_are_correct_in_make_row_df"/>
    <testcase time="0.128999999999998" classname="Indent_modifiers" name="indents_are_correct_in_make_row_df"/>
    <testcase time="0.118000000000002" classname="Indent_modifiers" name="indents_are_correct_in_make_row_df"/>
    <testcase time="0.167999999999999" classname="Indent_modifiers" name="getters_and_setters_work"/>
    <testcase time="0.00100000000000122" classname="Indent_modifiers" name="getters_and_setters_work"/>
    <testcase time="0.00199999999999889" classname="Indent_modifiers" name="getters_and_setters_work"/>
    <testcase time="0.00100000000000122" classname="Indent_modifiers" name="getters_and_setters_work"/>
    <testcase time="0.00199999999999889" classname="Indent_modifiers" name="getters_and_setters_work"/>
    <testcase time="0.00400000000000134" classname="Indent_modifiers" name="getters_and_setters_work"/>
    <testcase time="0.000999999999997669" classname="Indent_modifiers" name="getters_and_setters_work"/>
    <testcase time="0.00199999999999889" classname="Indent_modifiers" name="getters_and_setters_work"/>
    <testcase time="0.00200000000000244" classname="Indent_modifiers" name="getters_and_setters_work"/>
    <testcase time="0.43" classname="Indent_modifiers" name="clear_indent_mods_works_as_desired"/>
  </testsuite>
  <testsuite name="Tabulation framework" timestamp="2024-11-14T16:39:55Z" hostname="d42982ee9c84" tests="150" skipped="0" failures="0" errors="0" time="18.855">
    <testcase time="0.303000000000001" classname="Tabulation_framework" name="summarize_row_groups_works_with_provided_funcs"/>
    <testcase time="0.553000000000001" classname="Tabulation_framework" name="complex_layout_works"/>
    <testcase time="0.00199999999999889" classname="Tabulation_framework" name="complex_layout_works"/>
    <testcase time="0.282" classname="Tabulation_framework" name="complex_layout_works"/>
    <testcase time="0.188000000000002" classname="Tabulation_framework" name="existing_table_in_layout_works"/>
    <testcase time="0.151" classname="Tabulation_framework" name="Nested_splits_in_column_space_work"/>
    <testcase time="0.000999999999997669" classname="Tabulation_framework" name="Nested_splits_in_column_space_work"/>
    <testcase time="0.174000000000003" classname="Tabulation_framework" name="labelkids_parameter_works"/>
    <testcase time="0.161999999999999" classname="Tabulation_framework" name="labelkids_parameter_works"/>
    <testcase time="0.158999999999999" classname="Tabulation_framework" name="labelkids_parameter_works"/>
    <testcase time="0.163" classname="Tabulation_framework" name="labelkids_parameter_works"/>
    <testcase time="0.172000000000001" classname="Tabulation_framework" name="labelkids_parameter_works"/>
    <testcase time="0.166" classname="Tabulation_framework" name="labelkids_parameter_works"/>
    <testcase time="0.0530000000000008" classname="Tabulation_framework" name="ref_group_comparisons_work"/>
    <testcase time="0.00600000000000023" classname="Tabulation_framework" name="ref_group_comparisons_work"/>
    <testcase time="0.0119999999999969" classname="Tabulation_framework" name="ref_group_comparisons_work"/>
    <testcase time="0.364000000000001" classname="Tabulation_framework" name="ref_group_comparisons_work"/>
    <testcase time="0.0199999999999996" classname="Tabulation_framework" name="ref_group_comparisons_work"/>
    <testcase time="0.0289999999999999" classname="Tabulation_framework" name="ref_group_comparisons_work"/>
    <testcase time="0.0650000000000013" classname="Tabulation_framework" name="ref_group_comparisons_work"/>
    <testcase time="0.00100000000000122" classname="Tabulation_framework" name="ref_group_comparisons_work"/>
    <testcase time="0.014999999999997" classname="Tabulation_framework" name="missing_vars_caught"/>
    <testcase time="0.0140000000000029" classname="Tabulation_framework" name="missing_vars_caught"/>
    <testcase time="0.0129999999999981" classname="Tabulation_framework" name="missing_vars_caught"/>
    <testcase time="0.0480000000000018" classname="Tabulation_framework" name="missing_vars_caught"/>
    <testcase time="0.0529999999999973" classname="Tabulation_framework" name="error_localization_works"/>
    <testcase time="0.0960000000000001" classname="Tabulation_framework" name="error_localization_works"/>
    <testcase time="0.0330000000000013" classname="Tabulation_framework" name="error_localization_works"/>
    <testcase time="0.0749999999999993" classname="Tabulation_framework" name="cfun_args"/>
    <testcase time="0.0719999999999992" classname="Tabulation_framework" name="cfun_args"/>
    <testcase time="0.0710000000000015" classname="Tabulation_framework" name="split_under_analyze"/>
    <testcase time="0.0539999999999985" classname="Tabulation_framework" name="label_var_works_as_expected"/>
    <testcase time="0.0570000000000022" classname="Tabulation_framework" name="label_var_works_as_expected"/>
    <testcase time="0.0069999999999979" classname="Tabulation_framework" name="label_var_works_as_expected"/>
    <testcase time="0.0640000000000001" classname="Tabulation_framework" name="factors_with_unobserved_levels_work_as_expected"/>
    <testcase time="0.0470000000000006" classname="Tabulation_framework" name="factors_with_unobserved_levels_work_as_expected"/>
    <testcase time="0.054000000000002" classname="Tabulation_framework" name=".N_row_argument_in_afun_works_correctly"/>
    <testcase time="0.0939999999999976" classname="Tabulation_framework" name="extra_args_works"/>
    <testcase time="0.00200000000000244" classname="Tabulation_framework" name="extra_args_works"/>
    <testcase time="0.000999999999997669" classname="Tabulation_framework" name="extra_args_works"/>
    <testcase time="0.00100000000000122" classname="Tabulation_framework" name="extra_args_works"/>
    <testcase time="0.0440000000000005" classname="Tabulation_framework" name="extra_args_works"/>
    <testcase time="0.0269999999999975" classname="Tabulation_framework" name="extra_args_works"/>
    <testcase time="0.0210000000000008" classname="Tabulation_framework" name="extra_args_works"/>
    <testcase time="0.0249999999999986" classname="Tabulation_framework" name="Colcounts_work_correctly"/>
    <testcase time="0.0400000000000027" classname="Tabulation_framework" name="Colcounts_work_correctly"/>
    <testcase time="0.0769999999999982" classname="Tabulation_framework" name="Colcounts_work_correctly"/>
    <testcase time="0.00600000000000023" classname="Tabulation_framework" name="Colcounts_work_correctly"/>
    <testcase time="0.0160000000000018" classname="Tabulation_framework" name="Colcounts_work_correctly"/>
    <testcase time="0.0519999999999996" classname="Tabulation_framework" name="Colcounts_work_correctly"/>
    <testcase time="0.178999999999998" classname="Tabulation_framework" name="Colcounts_work_correctly"/>
    <testcase time="0.0450000000000017" classname="Tabulation_framework" name="content_extra_args_for_summarize_row_groups_works"/>
    <testcase time="0.046999999999997" classname="Tabulation_framework" name="content_extra_args_for_summarize_row_groups_works"/>
    <testcase time="0.0460000000000029" classname="Tabulation_framework" name="content_extra_args_for_summarize_row_groups_works"/>
    <testcase time="0.0259999999999998" classname="Tabulation_framework" name="content_extra_args_for_summarize_row_groups_works"/>
    <testcase time="0.0549999999999997" classname="Tabulation_framework" name=".df_row_analysis_function_argument_works"/>
    <testcase time="0.0560000000000009" classname="Tabulation_framework" name="analysis_function_arguments_work_with_NA_rows_in_data"/>
    <testcase time="0.0329999999999977" classname="Tabulation_framework" name="analyze_colvars_inclNAs_works"/>
    <testcase time="0.0240000000000009" classname="Tabulation_framework" name="analyze_colvars_inclNAs_works"/>
    <testcase time="0.123999999999999" classname="Tabulation_framework" name="analyze_colvars_works_generally"/>
    <testcase time="0.00100000000000122" classname="Tabulation_framework" name="analyze_colvars_works_generally"/>
    <testcase time="0.0850000000000009" classname="Tabulation_framework" name="analyze_colvars_works_generally"/>
    <testcase time="0.00199999999999889" classname="Tabulation_framework" name="analyze_colvars_works_generally"/>
    <testcase time="0.279" classname="Tabulation_framework" name="analyze_colvars_works_generally"/>
    <testcase time="0.00199999999999889" classname="Tabulation_framework" name="analyze_colvars_works_generally"/>
    <testcase time="0.0300000000000011" classname="Tabulation_framework" name="analyze_colvars_works_generally"/>
    <testcase time="0.0569999999999986" classname="Tabulation_framework" name="analyze_colvars_works_generally"/>
    <testcase time="0.130000000000003" classname="Tabulation_framework" name="alt_counts_df_works"/>
    <testcase time="0.0109999999999992" classname="Tabulation_framework" name="alt_counts_df_works"/>
    <testcase time="0.448" classname="Tabulation_framework" name="deeply_nested_and_uneven_column_layouts_work"/>
    <testcase time="0.256" classname="Tabulation_framework" name="deeply_nested_and_uneven_column_layouts_work"/>
    <testcase time="0.229999999999997" classname="Tabulation_framework" name="topleft_label_position_works"/>
    <testcase time="0.00200000000000244" classname="Tabulation_framework" name="topleft_label_position_works"/>
    <testcase time="0.829999999999998" classname="Tabulation_framework" name="topleft_label_position_works"/>
    <testcase time="0.0420000000000016" classname="Tabulation_framework" name="topleft_label_position_works"/>
    <testcase time="0.0420000000000016" classname="Tabulation_framework" name="topleft_label_position_works"/>
    <testcase time="0.0539999999999949" classname="Tabulation_framework" name="topleft_label_position_works"/>
    <testcase time="0.447000000000003" classname="Tabulation_framework" name=".spl_context_works_in_content_and_analysis_functions"/>
    <testcase time="0.00200000000000244" classname="Tabulation_framework" name=".spl_context_works_in_content_and_analysis_functions"/>
    <testcase time="0.00199999999999534" classname="Tabulation_framework" name=".spl_context_works_in_content_and_analysis_functions"/>
    <testcase time="0.169000000000004" classname="Tabulation_framework" name="cut_functions_work"/>
    <testcase time="0.0799999999999983" classname="Tabulation_framework" name="cut_functions_work"/>
    <testcase time="0.186999999999998" classname="Tabulation_framework" name="cut_functions_work"/>
    <testcase time="0.149000000000001" classname="Tabulation_framework" name="cut_functions_work"/>
    <testcase time="0.136000000000003" classname="Tabulation_framework" name="cut_functions_work"/>
    <testcase time="0.253" classname="Tabulation_framework" name="cut_functions_work"/>
    <testcase time="0.131" classname="Tabulation_framework" name="cut_functions_work"/>
    <testcase time="0.262999999999998" classname="Tabulation_framework" name="cut_functions_work"/>
    <testcase time="0.133000000000003" classname="Tabulation_framework" name="cut_functions_work"/>
    <testcase time="0.0300000000000011" classname="Tabulation_framework" name="empty_factor_levels_represented_correctly_when_ref_group_is_set"/>
    <testcase time="0.0219999999999985" classname="Tabulation_framework" name="error_on_empty_level_of_splitting_variable"/>
    <testcase time="0.0069999999999979" classname="Tabulation_framework" name="error_on_empty_level_of_splitting_variable"/>
    <testcase time="0.0120000000000005" classname="Tabulation_framework" name="error_on_empty_level_of_splitting_variable"/>
    <testcase time="0.0069999999999979" classname="Tabulation_framework" name="error_on_empty_level_of_splitting_variable"/>
    <testcase time="0.0390000000000015" classname="Tabulation_framework" name="error_when_afun_gives_differing_numbers_of_rows_is_informative"/>
    <testcase time="0.0360000000000014" classname="Tabulation_framework" name="warning_when_same_name_siblings"/>
    <testcase time="0.00600000000000023" classname="Tabulation_framework" name="warning_when_same_name_siblings"/>
    <testcase time="0.0069999999999979" classname="Tabulation_framework" name="error_when_inset_0_or_non_number"/>
    <testcase time="0.00500000000000256" classname="Tabulation_framework" name="error_when_inset_0_or_non_number"/>
    <testcase time="0.0189999999999984" classname="Tabulation_framework" name="error_when_ref_group_value_not_a_level_of_var_when_using_split_cols_by"/>
    <testcase time="0.00600000000000023" classname="Tabulation_framework" name="counts_wpcts_works_as_expected"/>
    <testcase time="0.0069999999999979" classname="Tabulation_framework" name="counts_wpcts_returns_error_correctly"/>
    <testcase time="0.0579999999999998" classname="Tabulation_framework" name="qtable_works"/>
    <testcase time="0.00500000000000256" classname="Tabulation_framework" name="qtable_works"/>
    <testcase time="0.00200000000000244" classname="Tabulation_framework" name="qtable_works"/>
    <testcase time="0.00199999999999534" classname="Tabulation_framework" name="qtable_works"/>
    <testcase time="0.213000000000001" classname="Tabulation_framework" name="qtable_works"/>
    <testcase time="0.00399999999999778" classname="Tabulation_framework" name="qtable_works"/>
    <testcase time="0.00500000000000256" classname="Tabulation_framework" name="qtable_works"/>
    <testcase time="0.000999999999997669" classname="Tabulation_framework" name="qtable_works"/>
    <testcase time="0.0860000000000056" classname="Tabulation_framework" name="qtable_works"/>
    <testcase time="0.0069999999999979" classname="Tabulation_framework" name="qtable_works"/>
    <testcase time="0.00200000000000244" classname="Tabulation_framework" name="qtable_works"/>
    <testcase time="0.000999999999997669" classname="Tabulation_framework" name="qtable_works"/>
    <testcase time="0.201999999999998" classname="Tabulation_framework" name="qtable_works"/>
    <testcase time="0.0069999999999979" classname="Tabulation_framework" name="qtable_works"/>
    <testcase time="0.00200000000000244" classname="Tabulation_framework" name="qtable_works"/>
    <testcase time="0.00100000000000477" classname="Tabulation_framework" name="qtable_works"/>
    <testcase time="1.876" classname="Tabulation_framework" name="qtable_works"/>
    <testcase time="0.0189999999999984" classname="Tabulation_framework" name="qtable_works"/>
    <testcase time="0.00900000000000034" classname="Tabulation_framework" name="qtable_works"/>
    <testcase time="0.00100000000000477" classname="Tabulation_framework" name="qtable_works"/>
    <testcase time="1.961" classname="Tabulation_framework" name="qtable_works"/>
    <testcase time="0.0189999999999984" classname="Tabulation_framework" name="qtable_works"/>
    <testcase time="0.00900000000000034" classname="Tabulation_framework" name="qtable_works"/>
    <testcase time="0.00200000000000244" classname="Tabulation_framework" name="qtable_works"/>
    <testcase time="0.388999999999996" classname="Tabulation_framework" name="qtable_works"/>
    <testcase time="0.007000000000005" classname="Tabulation_framework" name="qtable_works"/>
    <testcase time="0.00799999999999557" classname="Tabulation_framework" name="qtable_works"/>
    <testcase time="0.00200000000000244" classname="Tabulation_framework" name="qtable_works"/>
    <testcase time="0.219000000000001" classname="Tabulation_framework" name="qtable_works"/>
    <testcase time="0.00900000000000034" classname="Tabulation_framework" name="qtable_works"/>
    <testcase time="0.00300000000000011" classname="Tabulation_framework" name="qtable_works"/>
    <testcase time="0.00199999999999534" classname="Tabulation_framework" name="qtable_works"/>
    <testcase time="3.735" classname="Tabulation_framework" name="qtable_works"/>
    <testcase time="0.007000000000005" classname="Tabulation_framework" name="qtable_works"/>
    <testcase time="0.0200000000000031" classname="Tabulation_framework" name="qtable_works"/>
    <testcase time="0.00499999999999545" classname="Tabulation_framework" name="qtable_works"/>
    <testcase time="0.0500000000000043" classname="Tabulation_framework" name="qtable_works"/>
    <testcase time="0.0309999999999988" classname="Tabulation_framework" name="qtable_works"/>
    <testcase time="0.088000000000001" classname="Tabulation_framework" name="qtable_works"/>
    <testcase time="0.046999999999997" classname="Tabulation_framework" name="qtable_works"/>
    <testcase time="0.0700000000000003" classname="Tabulation_framework" name="qtable_works"/>
    <testcase time="0.027000000000001" classname="Tabulation_framework" name="qtable_works"/>
    <testcase time="0.0409999999999968" classname="Tabulation_framework" name="qtable_works"/>
    <testcase time="0.027000000000001" classname="Tabulation_framework" name="qtable_works"/>
    <testcase time="0.00500000000000256" classname="Tabulation_framework" name="qtable_works"/>
    <testcase time="0.00499999999999545" classname="Tabulation_framework" name="qtable_works"/>
    <testcase time="0.0300000000000011" classname="Tabulation_framework" name="problematic_labels_are_caught_and_give_informative_error_message"/>
    <testcase time="0.0380000000000038" classname="Tabulation_framework" name="No_superfluous_warning_when_ref_group_is_set_with_custom_split_fun"/>
  </testsuite>
  <testsuite name="make_afun and related machinery" timestamp="2024-11-14T16:40:14Z" hostname="d42982ee9c84" tests="35" skipped="0" failures="0" errors="0" time="0.314">
    <testcase time="0.00999999999999801" classname="make_afun_and_related_machinery" name="afun_internals_coverage"/>
    <testcase time="0.00399999999999778" classname="make_afun_and_related_machinery" name="afun_internals_coverage"/>
    <testcase time="0.00200000000000244" classname="make_afun_and_related_machinery" name="afun_internals_coverage"/>
    <testcase time="0.00300000000000011" classname="make_afun_and_related_machinery" name="make_afun_works_for_x_arg"/>
    <testcase time="0.00200000000000244" classname="make_afun_and_related_machinery" name="make_afun_works_for_x_arg"/>
    <testcase time="0.000999999999997669" classname="make_afun_and_related_machinery" name="make_afun_works_for_x_arg"/>
    <testcase time="0.00300000000000011" classname="make_afun_and_related_machinery" name="make_afun_works_for_x_arg"/>
    <testcase time="0.00200000000000244" classname="make_afun_and_related_machinery" name="make_afun_works_for_x_arg"/>
    <testcase time="0.00300000000000011" classname="make_afun_and_related_machinery" name="make_afun_works_for_df_functions"/>
    <testcase time="0.00199999999999534" classname="make_afun_and_related_machinery" name="make_afun_works_for_df_functions"/>
    <testcase time="0.00100000000000477" classname="make_afun_and_related_machinery" name="make_afun_works_for_df_functions"/>
    <testcase time="0.00199999999999534" classname="make_afun_and_related_machinery" name="make_afun_works_for_df_functions"/>
    <testcase time="0.00200000000000244" classname="make_afun_and_related_machinery" name="make_afun_works_for_df_functions"/>
    <testcase time="0.000999999999997669" classname="make_afun_and_related_machinery" name="make_afun_works_for_df_functions"/>
    <testcase time="0.007000000000005" classname="make_afun_and_related_machinery" name="make_afun_works_for_df_functions"/>
    <testcase time="0.000999999999997669" classname="make_afun_and_related_machinery" name="make_afun_works_for_df_functions"/>
    <testcase time="0.00300000000000011" classname="make_afun_and_related_machinery" name="make_afun_works_for_funs_with_..."/>
    <testcase time="0.00300000000000011" classname="make_afun_and_related_machinery" name="ungrouping_.ungroup_stats_works"/>
    <testcase time="0.00300000000000011" classname="make_afun_and_related_machinery" name="ungrouping_.ungroup_stats_works"/>
    <testcase time="0.000999999999997669" classname="make_afun_and_related_machinery" name="ungrouping_.ungroup_stats_works"/>
    <testcase time="0.00399999999999778" classname="make_afun_and_related_machinery" name="make_afun_.indent_mods_argument_works"/>
    <testcase time="0.00300000000000011" classname="make_afun_and_related_machinery" name="make_afun_.indent_mods_argument_works"/>
    <testcase time="0.0260000000000034" classname="make_afun_and_related_machinery" name="make_afun_.indent_mods_argument_works"/>
    <testcase time="0.00500000000000256" classname="make_afun_and_related_machinery" name="make_afun_override_arg_that_has_no_default"/>
    <testcase time="0.0269999999999939" classname="make_afun_and_related_machinery" name="make_afun_build_table_integration_tests"/>
    <testcase time="0.0350000000000037" classname="make_afun_and_related_machinery" name="make_afun_build_table_integration_tests"/>
    <testcase time="0.0289999999999964" classname="make_afun_and_related_machinery" name="make_afun_build_table_integration_tests"/>
    <testcase time="0.0360000000000014" classname="make_afun_and_related_machinery" name="make_afun_build_table_integration_tests"/>
    <testcase time="0.036999999999999" classname="make_afun_and_related_machinery" name="make_afun_build_table_integration_tests"/>
    <testcase time="0.0410000000000039" classname="make_afun_and_related_machinery" name="make_afun_build_table_integration_tests"/>
    <testcase time="0.00399999999999778" classname="make_afun_and_related_machinery" name="call_time_..._passed_down_correctly_by_funs_constructed_by_make_afun"/>
    <testcase time="0.00200000000000244" classname="make_afun_and_related_machinery" name="call_time_..._passed_down_correctly_by_funs_constructed_by_make_afun"/>
    <testcase time="0.00399999999999778" classname="make_afun_and_related_machinery" name=".format_na_strs_works_in_make_afun"/>
    <testcase time="0.00300000000000011" classname="make_afun_and_related_machinery" name="list_wrap_functions_work"/>
    <testcase time="0.00200000000000244" classname="make_afun_and_related_machinery" name="list_wrap_functions_work"/>
  </testsuite>
  <testsuite name="matrix_form works" timestamp="2024-11-14T16:40:15Z" hostname="d42982ee9c84" tests="2" skipped="0" failures="0" errors="0" time="0.084">
    <testcase time="0.0760000000000005" classname="matrix_form_works" name="matrix_form_works_with_indent_rownames_FALSE"/>
    <testcase time="0.00800000000000267" classname="matrix_form_works" name="matrix_form_works_with_indent_rownames_FALSE"/>
  </testsuite>
  <testsuite name="Pagination" timestamp="2024-11-14T16:40:15Z" hostname="d42982ee9c84" tests="102" skipped="0" failures="0" errors="0" time="16.93">
    <testcase time="0.159999999999997" classname="Pagination" name="Page_by_splitting_works"/>
    <testcase time="0.0120000000000005" classname="Pagination" name="Page_by_splitting_works"/>
    <testcase time="0.0120000000000005" classname="Pagination" name="Page_by_splitting_works"/>
    <testcase time="0.582000000000001" classname="Pagination" name="Page_by_splitting_works"/>
    <testcase time="0.591000000000001" classname="Pagination" name="Page_by_splitting_works"/>
    <testcase time="0.116" classname="Pagination" name="export_as_txt_prints_split_level_header_correctly_when_using_page_by"/>
    <testcase time="0.207000000000001" classname="Pagination" name="export_as_txt_prints_split_level_header_correctly_when_using_page_by"/>
    <testcase time="0.00300000000000011" classname="Pagination" name="export_as_txt_prints_split_level_header_correctly_when_using_page_by"/>
    <testcase time="0.460000000000001" classname="Pagination" name="vertical_and_horizontal_pagination_work"/>
    <testcase time="0.273999999999994" classname="Pagination" name="vertical_and_horizontal_pagination_work"/>
    <testcase time="0.336000000000006" classname="Pagination" name="vertical_and_horizontal_pagination_work"/>
    <testcase time="0.305999999999997" classname="Pagination" name="vertical_and_horizontal_pagination_work"/>
    <testcase time="0.264000000000003" classname="Pagination" name="vertical_and_horizontal_pagination_work"/>
    <testcase time="0.320999999999998" classname="Pagination" name="vertical_and_horizontal_pagination_work"/>
    <testcase time="0.277999999999999" classname="Pagination" name="vertical_and_horizontal_pagination_work"/>
    <testcase time="0.280000000000001" classname="Pagination" name="vertical_and_horizontal_pagination_work"/>
    <testcase time="0.275999999999996" classname="Pagination" name="vertical_and_horizontal_pagination_work"/>
    <testcase time="0.472000000000001" classname="Pagination" name="vertical_and_horizontal_pagination_work"/>
    <testcase time="0.00300000000000011" classname="Pagination" name="vertical_and_horizontal_pagination_work"/>
    <testcase time="0.999000000000002" classname="Pagination" name="vertical_and_horizontal_pagination_work"/>
    <testcase time="0.0660000000000025" classname="Pagination" name="vertical_and_horizontal_pagination_work"/>
    <testcase time="1.066" classname="Pagination" name="vertical_and_horizontal_pagination_work"/>
    <testcase time="0.0570000000000022" classname="Pagination" name="vertical_and_horizontal_pagination_work"/>
    <testcase time="0.0559999999999974" classname="Pagination" name="vertical_and_horizontal_pagination_work"/>
    <testcase time="0.0570000000000022" classname="Pagination" name="vertical_and_horizontal_pagination_work"/>
    <testcase time="0.00200000000000244" classname="Pagination" name="vertical_and_horizontal_pagination_work"/>
    <testcase time="0.000999999999997669" classname="Pagination" name="vertical_and_horizontal_pagination_work"/>
    <testcase time="0.000999999999997669" classname="Pagination" name="vertical_and_horizontal_pagination_work"/>
    <testcase time="0.00100000000000477" classname="Pagination" name="vertical_and_horizontal_pagination_work"/>
    <testcase time="0.68" classname="Pagination" name="vertical_and_horizontal_pagination_work"/>
    <testcase time="0.000999999999997669" classname="Pagination" name="vertical_and_horizontal_pagination_work"/>
    <testcase time="1.267" classname="Pagination" name="vertical_and_horizontal_pagination_work"/>
    <testcase time="0.397999999999996" classname="Pagination" name="vertical_and_horizontal_pagination_work"/>
    <testcase time="0.155999999999999" classname="Pagination" name="vertical_and_horizontal_pagination_work"/>
    <testcase time="1.035" classname="Pagination" name="inset_and_pagination_work_together"/>
    <testcase time="0.070999999999998" classname="Pagination" name="inset_and_pagination_work_together"/>
    <testcase time="0.00200000000000244" classname="Pagination" name="inset_and_pagination_work_together"/>
    <testcase time="0.000999999999997669" classname="Pagination" name="inset_and_pagination_work_together"/>
    <testcase time="0.00200000000000244" classname="Pagination" name="inset_and_pagination_work_together"/>
    <testcase time="0.00199999999999534" classname="Pagination" name="inset_and_pagination_work_together"/>
    <testcase time="0.0290000000000035" classname="Pagination" name="cell_and_column_wrapping_works_in_pagination"/>
    <testcase time="0.0489999999999995" classname="Pagination" name="cell_and_column_wrapping_works_in_pagination"/>
    <testcase time="0.0210000000000008" classname="Pagination" name="cell_and_column_wrapping_works_in_pagination"/>
    <testcase time="0.0360000000000014" classname="Pagination" name="cell_and_column_wrapping_works_in_pagination"/>
    <testcase time="0.260999999999996" classname="Pagination" name="cell_and_column_wrapping_works_in_pagination"/>
    <testcase time="0.00200000000000244" classname="Pagination" name="cell_and_column_wrapping_works_in_pagination"/>
    <testcase time="0.0589999999999975" classname="Pagination" name="cell_and_column_wrapping_works_in_pagination"/>
    <testcase time="0.0609999999999999" classname="Pagination" name="cell_and_column_wrapping_works_in_pagination"/>
    <testcase time="0.0650000000000048" classname="Pagination" name="cell_and_column_wrapping_works_in_pagination"/>
    <testcase time="0.00199999999999534" classname="Pagination" name="cell_and_column_wrapping_works_in_pagination"/>
    <testcase time="0.0859999999999985" classname="Pagination" name="cell_and_column_wrapping_works_in_pagination"/>
    <testcase time="0.00100000000000477" classname="Pagination" name="cell_and_column_wrapping_works_in_pagination"/>
    <testcase time="0.00199999999999534" classname="Pagination" name="cell_and_column_wrapping_works_in_pagination"/>
    <testcase time="0.369" classname="Pagination" name="Pagination_works_with_section_dividers"/>
    <testcase time="0.007000000000005" classname="Pagination" name="Pagination_works_with_section_dividers"/>
    <testcase time="0.0319999999999965" classname="Pagination" name="Pagination_works_with_section_dividers"/>
    <testcase time="0.0650000000000048" classname="Pagination" name="Pagination_works_with_section_dividers"/>
    <testcase time="0.105999999999995" classname="Pagination" name="Pagination_works_with_non_default_min_siblings"/>
    <testcase time="0.00200000000000244" classname="Pagination" name="Pagination_works_with_non_default_min_siblings"/>
    <testcase time="0.00399999999999778" classname="Pagination" name="Pagination_works_with_non_default_min_siblings"/>
    <testcase time="0.0600000000000023" classname="Pagination" name="Pagination_works_with_non_default_min_siblings"/>
    <testcase time="0.174999999999997" classname="Pagination" name="Pagination_works_with_wrapped_titles_footers"/>
    <testcase time="0.00200000000000244" classname="Pagination" name="Pagination_works_with_wrapped_titles_footers"/>
    <testcase time="0.000999999999997669" classname="Pagination" name="Pagination_works_with_wrapped_titles_footers"/>
    <testcase time="0.00200000000000244" classname="Pagination" name="Pagination_works_with_wrapped_titles_footers"/>
    <testcase time="0.000999999999997669" classname="Pagination" name="Pagination_works_with_wrapped_titles_footers"/>
    <testcase time="0.117000000000004" classname="Pagination" name="Pagination_works_with_wrapped_titles_footers"/>
    <testcase time="0.00199999999999534" classname="Pagination" name="Pagination_works_with_wrapped_titles_footers"/>
    <testcase time="0.0900000000000034" classname="Pagination" name="Pagination_works_with_wrapped_titles_footers"/>
    <testcase time="0.00300000000000011" classname="Pagination" name="Pagination_works_with_wrapped_titles_footers"/>
    <testcase time="0.00200000000000244" classname="Pagination" name="Pagination_works_with_wrapped_titles_footers"/>
    <testcase time="0.000999999999997669" classname="Pagination" name="Pagination_works_with_wrapped_titles_footers"/>
    <testcase time="0.000999999999997669" classname="Pagination" name="Pagination_works_with_wrapped_titles_footers"/>
    <testcase time="0.00200000000000244" classname="Pagination" name="Pagination_works_with_wrapped_titles_footers"/>
    <testcase time="0.0339999999999989" classname="Pagination" name="Pagination_works_with_wrapped_titles_footers"/>
    <testcase time="0.00300000000000011" classname="Pagination" name="Pagination_works_with_wrapped_titles_footers"/>
    <testcase time="0.00200000000000244" classname="Pagination" name="Pagination_works_with_wrapped_titles_footers"/>
    <testcase time="0.000999999999997669" classname="Pagination" name="Pagination_works_with_wrapped_titles_footers"/>
    <testcase time="0.00200000000000244" classname="Pagination" name="Pagination_works_with_wrapped_titles_footers"/>
    <testcase time="0.000999999999997669" classname="Pagination" name="Pagination_works_with_wrapped_titles_footers"/>
    <testcase time="0.880000000000003" classname="Pagination" name="Pagination_works_with_referential_footnotes"/>
    <testcase time="0.00199999999999534" classname="Pagination" name="Pagination_works_with_referential_footnotes"/>
    <testcase time="0.00300000000000011" classname="Pagination" name="Pagination_works_with_referential_footnotes"/>
    <testcase time="0.00300000000000011" classname="Pagination" name="Pagination_works_with_referential_footnotes"/>
    <testcase time="0.00200000000000244" classname="Pagination" name="Pagination_works_with_referential_footnotes"/>
    <testcase time="0.339999999999996" classname="Pagination" name="Pagination_works_with_referential_footnotes"/>
    <testcase time="0.00100000000000477" classname="Pagination" name="Pagination_works_with_referential_footnotes"/>
    <testcase time="0.0479999999999947" classname="Pagination" name="Pagination_works_with_referential_footnotes"/>
    <testcase time="0.00200000000000244" classname="Pagination" name="Pagination_works_with_referential_footnotes"/>
    <testcase time="0.000999999999997669" classname="Pagination" name="Pagination_works_with_referential_footnotes"/>
    <testcase time="0.0450000000000017" classname="Pagination" name="Pagination_works_with_referential_footnotes"/>
    <testcase time="0.00100000000000477" classname="Pagination" name="Pagination_works_with_referential_footnotes"/>
    <testcase time="0.00199999999999534" classname="Pagination" name="Pagination_works_with_referential_footnotes"/>
    <testcase time="0.0480000000000018" classname="Pagination" name="Pagination_works_with_referential_footnotes"/>
    <testcase time="0.000999999999997669" classname="Pagination" name="Pagination_works_with_referential_footnotes"/>
    <testcase time="0.00200000000000244" classname="Pagination" name="Pagination_works_with_referential_footnotes"/>
    <testcase time="0.0439999999999969" classname="Pagination" name="Pagination_works_with_referential_footnotes"/>
    <testcase time="0.00100000000000477" classname="Pagination" name="Pagination_works_with_referential_footnotes"/>
    <testcase time="0.000999999999997669" classname="Pagination" name="Pagination_works_with_referential_footnotes"/>
    <testcase time="0.961000000000006" classname="Pagination" name="setting_colgap_during_pagination_works"/>
    <testcase time="1.129" classname="Pagination" name="setting_colgap_during_pagination_works"/>
    <testcase time="0.777999999999999" classname="Pagination" name="setting_colgap_during_pagination_works"/>
  </testsuite>
  <testsuite name="Printing tables" timestamp="2024-11-14T16:40:32Z" hostname="d42982ee9c84" tests="71" skipped="0" failures="0" errors="0" time="5.431">
    <testcase time="0.176000000000002" classname="Printing_tables" name="toString_method_works_correclty"/>
    <testcase time="0.0769999999999982" classname="Printing_tables" name="labels_correctly_used_for_columns_rather_than_names"/>
    <testcase time="0.00200000000000244" classname="Printing_tables" name="labels_correctly_used_for_columns_rather_than_names"/>
    <testcase time="0.129999999999995" classname="Printing_tables" name="labels_correctly_used_for_columns_rather_than_names"/>
    <testcase time="0.0630000000000024" classname="Printing_tables" name="labels_correctly_used_for_columns_rather_than_names"/>
    <testcase time="0.0439999999999969" classname="Printing_tables" name="nested_identical_labels_work_ok"/>
    <testcase time="0.044000000000004" classname="Printing_tables" name="newline_in_column_names_and_possibly_cell_values_work"/>
    <testcase time="0.220999999999997" classname="Printing_tables" name="newline_in_column_names_and_possibly_cell_values_work"/>
    <testcase time="0.00100000000000477" classname="Printing_tables" name="newline_in_column_names_and_possibly_cell_values_work"/>
    <testcase time="0.000999999999997669" classname="Printing_tables" name="newline_in_column_names_and_possibly_cell_values_work"/>
    <testcase time="0.119" classname="Printing_tables" name="newline_in_column_names_and_possibly_cell_values_work"/>
    <testcase time="0.000999999999997669" classname="Printing_tables" name="newline_in_column_names_and_possibly_cell_values_work"/>
    <testcase time="0.0450000000000017" classname="Printing_tables" name="alignment_works"/>
    <testcase time="0.0219999999999985" classname="Printing_tables" name="alignment_works"/>
    <testcase time="0.0240000000000009" classname="Printing_tables" name="alignment_works"/>
    <testcase time="0.206000000000003" classname="Printing_tables" name="Decimal_alignment_works"/>
    <testcase time="0.335999999999999" classname="Printing_tables" name="Various_Printing_things_work"/>
    <testcase time="0.212000000000003" classname="Printing_tables" name="section_div_works_throughout"/>
    <testcase time="0.000999999999997669" classname="Printing_tables" name="section_div_works_throughout"/>
    <testcase time="0.00199999999999534" classname="Printing_tables" name="section_div_works_throughout"/>
    <testcase time="0.151000000000003" classname="Printing_tables" name="section_div_works_when_analyzing_multiple_variables"/>
    <testcase time="0.00300000000000011" classname="Printing_tables" name="section_div_works_when_analyzing_multiple_variables"/>
    <testcase time="0.0970000000000013" classname="Printing_tables" name="section_div_works_when_analyzing_multiple_variables"/>
    <testcase time="0.00199999999999534" classname="Printing_tables" name="section_div_works_when_analyzing_multiple_variables"/>
    <testcase time="0.119000000000007" classname="Printing_tables" name="Inset_works_for_table_ref_footnotes_and_main_footer"/>
    <testcase time="0.00300000000000011" classname="Printing_tables" name="Inset_works_for_table_ref_footnotes_and_main_footer"/>
    <testcase time="0.00199999999999534" classname="Printing_tables" name="Inset_works_for_table_ref_footnotes_and_main_footer"/>
    <testcase time="0.0280000000000058" classname="Printing_tables" name="Cell_and_column_label_wrapping_works_in_printing"/>
    <testcase time="0.000999999999990564" classname="Printing_tables" name="Cell_and_column_label_wrapping_works_in_printing"/>
    <testcase time="0.00200000000000955" classname="Printing_tables" name="Cell_and_column_label_wrapping_works_in_printing"/>
    <testcase time="0.000999999999990564" classname="Printing_tables" name="Cell_and_column_label_wrapping_works_in_printing"/>
    <testcase time="0.00100000000000477" classname="Printing_tables" name="Cell_and_column_label_wrapping_works_in_printing"/>
    <testcase time="0.00100000000000477" classname="Printing_tables" name="Cell_and_column_label_wrapping_works_in_printing"/>
    <testcase time="0.0229999999999961" classname="Printing_tables" name="Cell_and_column_label_wrapping_works_in_printing"/>
    <testcase time="0.0420000000000016" classname="Printing_tables" name="Cell_and_column_label_wrapping_works_in_printing"/>
    <testcase time="0.0510000000000019" classname="Printing_tables" name="Cell_and_column_label_wrapping_works_in_printing"/>
    <testcase time="0.212999999999994" classname="Printing_tables" name="row_label_indentation_is_kept_even_if_there_are_newline_characters"/>
    <testcase time="0.0169999999999959" classname="Printing_tables" name="row_label_indentation_is_kept_even_if_there_are_newline_characters"/>
    <testcase time="0.00100000000000477" classname="Printing_tables" name="row_label_indentation_is_kept_even_if_there_are_newline_characters"/>
    <testcase time="0.10499999999999" classname="Printing_tables" name="row_label_indentation_is_kept_even_if_there_are_newline_characters"/>
    <testcase time="0.00100000000000477" classname="Printing_tables" name="row_label_indentation_is_kept_even_if_there_are_newline_characters"/>
    <testcase time="0.00199999999999534" classname="Printing_tables" name="row_label_indentation_is_kept_even_if_there_are_newline_characters"/>
    <testcase time="0.00100000000000477" classname="Printing_tables" name="row_label_indentation_is_kept_even_if_there_are_newline_characters"/>
    <testcase time="0.085000000000008" classname="Printing_tables" name="row_label_indentation_is_kept_even_if_there_are_newline_characters"/>
    <testcase time="0.280999999999992" classname="Printing_tables" name="row_label_indentation_is_kept_even_if_there_are_newline_characters"/>
    <testcase time="0.0649999999999977" classname="Printing_tables" name="Support_for_newline_characters_in_all_the_parts"/>
    <testcase time="0.0679999999999978" classname="Printing_tables" name="Support_for_newline_characters_in_all_the_parts"/>
    <testcase time="0.179000000000002" classname="Printing_tables" name="Support_for_newline_characters_in_all_the_parts"/>
    <testcase time="0.13900000000001" classname="Printing_tables" name="Separators_and_wrapping_work_together_with_getter_and_setters"/>
    <testcase time="0.00199999999999534" classname="Printing_tables" name="Separators_and_wrapping_work_together_with_getter_and_setters"/>
    <testcase time="0.0519999999999925" classname="Printing_tables" name="Separators_and_wrapping_work_together_with_getter_and_setters"/>
    <testcase time="0.0280000000000058" classname="Printing_tables" name="Separators_and_wrapping_work_together_with_getter_and_setters"/>
    <testcase time="0.156000000000006" classname="Printing_tables" name="horizontal_separator_is_propagated_from_table_to_print_and_export"/>
    <testcase time="0.175999999999988" classname="Printing_tables" name="showing_higher_level_ncols_works"/>
    <testcase time="0.00200000000000955" classname="Printing_tables" name="showing_higher_level_ncols_works"/>
    <testcase time="0.0589999999999975" classname="Printing_tables" name="showing_higher_level_ncols_works"/>
    <testcase time="0.143000000000001" classname="Printing_tables" name="showing_higher_level_ncols_works"/>
    <testcase time="0.00199999999999534" classname="Printing_tables" name="showing_higher_level_ncols_works"/>
    <testcase time="0.00300000000000011" classname="Printing_tables" name="showing_higher_level_ncols_works"/>
    <testcase time="0.00200000000000955" classname="Printing_tables" name="showing_higher_level_ncols_works"/>
    <testcase time="0.00300000000000011" classname="Printing_tables" name="showing_higher_level_ncols_works"/>
    <testcase time="0.007000000000005" classname="Printing_tables" name="showing_higher_level_ncols_works"/>
    <testcase time="0.331999999999994" classname="Printing_tables" name="showing_higher_level_ncols_works"/>
    <testcase time="0.122" classname="Printing_tables" name="showing_higher_level_ncols_works"/>
    <testcase time="0.00100000000000477" classname="Printing_tables" name="showing_higher_level_ncols_works"/>
    <testcase time="0.200999999999993" classname="Printing_tables" name="showing_higher_level_ncols_works"/>
    <testcase time="0.0690000000000026" classname="Printing_tables" name="showing_higher_level_ncols_works"/>
    <testcase time="0.061000000000007" classname="Printing_tables" name="showing_higher_level_ncols_works"/>
    <testcase time="0.480000000000004" classname="Printing_tables" name="showing_higher_level_ncols_works"/>
    <testcase time="0.11699999999999" classname="Printing_tables" name="showing_higher_level_ncols_works"/>
    <testcase time="0.00200000000000955" classname="Printing_tables" name="showing_higher_level_ncols_works"/>
  </testsuite>
  <testsuite name="regression tests" timestamp="2024-11-14T16:40:37Z" hostname="d42982ee9c84" tests="72" skipped="0" failures="0" errors="0" time="4.1">
    <testcase time="0.0249999999999915" classname="regression_tests" name="unlisting_rtables_has_no_effect_on_them"/>
    <testcase time="0.00400000000000489" classname="regression_tests" name="manually_created_label_l_rows_are_always_visible"/>
    <testcase time="0.0439999999999969" classname="regression_tests" name="printing_table_with_0_rows_works"/>
    <testcase time="0.0310000000000059" classname="regression_tests" name="inclNAs_argument_works_as_expected"/>
    <testcase time="0.0289999999999964" classname="regression_tests" name="inclNAs_argument_works_as_expected"/>
    <testcase time="0.0249999999999915" classname="regression_tests" name="head_tail_work"/>
    <testcase time="0.00500000000000966" classname="regression_tests" name="head_tail_work"/>
    <testcase time="0.00699999999999079" classname="regression_tests" name="head_tail_work"/>
    <testcase time="0.00100000000000477" classname="regression_tests" name="head_tail_work"/>
    <testcase time="0.00199999999999534" classname="regression_tests" name="head_tail_work"/>
    <testcase time="0.00100000000000477" classname="regression_tests" name="head_tail_work"/>
    <testcase time="0.00100000000000477" classname="regression_tests" name="head_tail_work"/>
    <testcase time="0.000999999999990564" classname="regression_tests" name="head_tail_work"/>
    <testcase time="0.00300000000000011" classname="regression_tests" name="head_tail_work"/>
    <testcase time="0.00100000000000477" classname="regression_tests" name="head_tail_work"/>
    <testcase time="0.00100000000000477" classname="regression_tests" name="head_tail_work"/>
    <testcase time="0.00199999999999534" classname="regression_tests" name="head_tail_work"/>
    <testcase time="0.00100000000000477" classname="regression_tests" name="head_tail_work"/>
    <testcase time="0.000999999999990564" classname="regression_tests" name="head_tail_work"/>
    <testcase time="0.00300000000000011" classname="regression_tests" name="head_tail_work"/>
    <testcase time="0.00100000000000477" classname="regression_tests" name="head_tail_work"/>
    <testcase time="0.00100000000000477" classname="regression_tests" name="head_tail_work"/>
    <testcase time="0.00199999999999534" classname="regression_tests" name="head_tail_work"/>
    <testcase time="0.00100000000000477" classname="regression_tests" name="head_tail_work"/>
    <testcase time="0.000999999999990564" classname="regression_tests" name="head_tail_work"/>
    <testcase time="0.00300000000000011" classname="regression_tests" name="head_tail_work"/>
    <testcase time="0.00100000000000477" classname="regression_tests" name="head_tail_work"/>
    <testcase time="0.00199999999999534" classname="regression_tests" name="head_tail_work"/>
    <testcase time="0.00100000000000477" classname="regression_tests" name="head_tail_work"/>
    <testcase time="0.00100000000000477" classname="regression_tests" name="head_tail_work"/>
    <testcase time="0.000999999999990564" classname="regression_tests" name="head_tail_work"/>
    <testcase time="0.0670000000000073" classname="regression_tests" name="sort_does_not_clobber_top_level_siblings"/>
    <testcase time="0.239000000000004" classname="regression_tests" name="repeated_multi_var_analyzes_work_as_expected"/>
    <testcase time="0.103999999999999" classname="regression_tests" name="summarize_row_groups_after_analyze_call_s_work"/>
    <testcase time="0.116" classname="regression_tests" name="summarize_row_groups_after_analyze_call_s_work"/>
    <testcase time="0.0210000000000008" classname="regression_tests" name="summarize_row_groups_at_top_level_works"/>
    <testcase time="0.00199999999999534" classname="regression_tests" name="summarize_row_groups_at_top_level_works"/>
    <testcase time="0.007000000000005" classname="regression_tests" name="CellValue_on_something_with_object_labels"/>
    <testcase time="0.00199999999999534" classname="regression_tests" name="CellValue_on_something_with_object_labels"/>
    <testcase time="0.00199999999999534" classname="regression_tests" name="CellValue_on_something_with_object_labels"/>
    <testcase time="0.00400000000000489" classname="regression_tests" name="rcell_on_CellValue_overrides_attrs_as_necessary"/>
    <testcase time="0.0699999999999932" classname="regression_tests" name="cell_level_formats_are_retained_when_column_subsetting"/>
    <testcase time="0.070999999999998" classname="regression_tests" name="cell_level_formats_are_retained_when_column_subsetting"/>
    <testcase time="0.129000000000005" classname="regression_tests" name="row_subsetting_works_on_table_with_only_content_rows"/>
    <testcase time="0.007000000000005" classname="regression_tests" name="row_subsetting_works_on_table_with_only_content_rows"/>
    <testcase time="0.0480000000000018" classname="regression_tests" name="calls_to_make_afun_within_loop_work_correctly"/>
    <testcase time="0.0300000000000011" classname="regression_tests" name="keeping_non_existent_levels_doesn_t_break_internal_machinery_but_errors"/>
    <testcase time="0.0389999999999873" classname="regression_tests" name="add_overall_col_with_no_col_splits_works"/>
    <testcase time="0.0620000000000118" classname="regression_tests" name="cell_values_works_when_you_path_all_the_way_to_the_row"/>
    <testcase time="0.00300000000000011" classname="regression_tests" name="_xx_xx_format_works_correctly"/>
    <testcase time="0.210000000000008" classname="regression_tests" name="inclNAs_with_empty_factor_levels_behaves"/>
    <testcase time="0.114999999999995" classname="regression_tests" name="column_labeling_works_correctly_when_value_label_var_is_a_factor"/>
    <testcase time="0.0310000000000059" classname="regression_tests" name="column_labeling_works_correctly_when_value_label_var_is_a_factor"/>
    <testcase time="0.097999999999999" classname="regression_tests" name="pathing_works"/>
    <testcase time="0.0869999999999891" classname="regression_tests" name="pathing_works"/>
    <testcase time="0.00200000000000955" classname="regression_tests" name="pathing_works"/>
    <testcase time="0.00199999999999534" classname="regression_tests" name="pathing_works"/>
    <testcase time="0.0130000000000052" classname="regression_tests" name="pagination_works_on_tables_with_only_1_row"/>
    <testcase time="0.00799999999999557" classname="regression_tests" name="pagination_works_on_tables_with_only_1_row"/>
    <testcase time="0.0330000000000013" classname="regression_tests" name="in_rows_doesn_t_clobber_cell_format_when_only_1_row"/>
    <testcase time="0.00499999999999545" classname="regression_tests" name="no_extraneous_footnote_attribute"/>
    <testcase time="0.00300000000000011" classname="regression_tests" name="no_extraneous_footnote_attribute"/>
    <testcase time="0.124000000000009" classname="regression_tests" name="no_max_is_Inf_warnings_from_make_row_df_when_content_rows_exist_in_places_that_don_t_have_any_child_rows_in_the_subsequent_split"/>
    <testcase time="0.0919999999999987" classname="regression_tests" name="specifying_function_format_with_no_cfun_in_summarize_row_groups_works"/>
    <testcase time="0.135999999999996" classname="regression_tests" name="child_label_hidden_does_not_affect_tree_structure_pathing"/>
    <testcase time="0.0229999999999961" classname="regression_tests" name="child_label_hidden_does_not_affect_tree_structure_pathing"/>
    <testcase time="0.00500000000000966" classname="regression_tests" name="child_label_hidden_does_not_affect_tree_structure_pathing"/>
    <testcase time="0.00600000000000023" classname="regression_tests" name="child_label_hidden_does_not_affect_tree_structure_pathing"/>
    <testcase time="0.0169999999999959" classname="regression_tests" name="nested_FALSE_not_needed_after_analyze"/>
    <testcase time="0.228999999999999" classname="regression_tests" name="indent_mod_preserved_when_paginating_between_multi_analyses"/>
    <testcase time="1.456" classname="regression_tests" name="export_as_txt_works_when_there_are_newlines_in_column_labels_naturally_or_after_wrapping"/>
    <testcase time="0.179000000000002" classname="regression_tests" name="overridden_colcounts_via_build_table_are_used_during_tabulation_correctly"/>
  </testsuite>
  <testsuite name="Result Data Frames" timestamp="2024-11-14T16:40:41Z" hostname="d42982ee9c84" tests="37" skipped="0" failures="0" errors="0" time="4.306">
    <testcase time="0.375999999999991" classname="Result_Data_Frames" name="Result_Data_Frame_generation_works_v0"/>
    <testcase time="0.00200000000000955" classname="Result_Data_Frames" name="Result_Data_Frame_generation_works_v0"/>
    <testcase time="0.000999999999990564" classname="Result_Data_Frames" name="Result_Data_Frame_generation_works_v0"/>
    <testcase time="0.162999999999997" classname="Result_Data_Frames" name="Result_Data_Frame_generation_works_v0"/>
    <testcase time="0.0280000000000058" classname="Result_Data_Frames" name="Result_Data_Frame_generation_works_v0"/>
    <testcase time="0.070999999999998" classname="Result_Data_Frames" name="Result_Data_Frame_generation_works_v0"/>
    <testcase time="0.478000000000009" classname="Result_Data_Frames" name="as_result_df_works_with_visual_output_as_viewer_"/>
    <testcase time="0.00199999999999534" classname="Result_Data_Frames" name="as_result_df_works_with_visual_output_as_viewer_"/>
    <testcase time="0.158000000000001" classname="Result_Data_Frames" name="as_result_df_works_with_visual_output_as_viewer_"/>
    <testcase time="0.00199999999999534" classname="Result_Data_Frames" name="as_result_df_works_with_visual_output_as_viewer_"/>
    <testcase time="0.109000000000009" classname="Result_Data_Frames" name="as_result_df_works_with_visual_output_as_viewer_"/>
    <testcase time="0.169999999999987" classname="Result_Data_Frames" name="as_result_df_works_with_visual_output_as_viewer_"/>
    <testcase time="0.00200000000000955" classname="Result_Data_Frames" name="as_result_df_works_with_visual_output_as_viewer_"/>
    <testcase time="0.0150000000000006" classname="Result_Data_Frames" name="as_result_df_works_with_visual_output_as_viewer_"/>
    <testcase time="0.0249999999999915" classname="Result_Data_Frames" name="as_result_df_works_with_visual_output_as_viewer_"/>
    <testcase time="0.0280000000000058" classname="Result_Data_Frames" name="as_result_df_works_with_visual_output_as_viewer_"/>
    <testcase time="0.00400000000000489" classname="Result_Data_Frames" name="as_result_df_works_with_visual_output_as_viewer_"/>
    <testcase time="0.0159999999999911" classname="Result_Data_Frames" name="as_result_df_works_with_visual_output_as_viewer_"/>
    <testcase time="0.144999999999996" classname="Result_Data_Frames" name="as_result_df_works_with_visual_output_as_viewer_"/>
    <testcase time="0.0170000000000101" classname="Result_Data_Frames" name="as_result_df_works_with_visual_output_as_viewer_"/>
    <testcase time="0.323999999999998" classname="Result_Data_Frames" name="as_result_df_works_fine_also_with_multiple_rbind_root"/>
    <testcase time="0.114999999999995" classname="Result_Data_Frames" name="as_result_df_works_fine_also_with_multiple_rbind_root"/>
    <testcase time="0.509" classname="Result_Data_Frames" name="as_result_df_keeps_label_rows"/>
    <testcase time="0.00100000000000477" classname="Result_Data_Frames" name="as_result_df_keeps_label_rows"/>
    <testcase time="0.00199999999999534" classname="Result_Data_Frames" name="as_result_df_keeps_label_rows"/>
    <testcase time="0.00100000000000477" classname="Result_Data_Frames" name="as_result_df_keeps_label_rows"/>
    <testcase time="0.00100000000000477" classname="Result_Data_Frames" name="as_result_df_keeps_label_rows"/>
    <testcase time="0.000999999999990564" classname="Result_Data_Frames" name="as_result_df_keeps_label_rows"/>
    <testcase time="0.00200000000000955" classname="Result_Data_Frames" name="as_result_df_keeps_label_rows"/>
    <testcase time="0.000999999999990564" classname="Result_Data_Frames" name="as_result_df_keeps_label_rows"/>
    <testcase time="0.439000000000007" classname="Result_Data_Frames" name="as_result_df_keeps_label_rows"/>
    <testcase time="0.0450000000000017" classname="Result_Data_Frames" name="as_result_df_keeps_label_rows"/>
    <testcase time="0.440999999999988" classname="Result_Data_Frames" name="as_result_df_as_is_is_producing_a_data.frame_that_is_compatible_with_df_to_tt"/>
    <testcase time="0.0520000000000067" classname="Result_Data_Frames" name="as_result_df_as_is_is_producing_a_data.frame_that_is_compatible_with_df_to_tt"/>
    <testcase time="0.540999999999997" classname="Result_Data_Frames" name="as_result_df_as_is_is_producing_a_data.frame_that_is_compatible_with_df_to_tt"/>
    <testcase time="0.0169999999999959" classname="Result_Data_Frames" name="as_result_df_works_fine_with_empty_tables_and_no_character_0_is_allowed"/>
    <testcase time="0.00200000000000955" classname="Result_Data_Frames" name="as_result_df_works_fine_with_empty_tables_and_no_character_0_is_allowed"/>
  </testsuite>
  <testsuite name="rtables" timestamp="2024-11-14T16:40:45Z" hostname="d42982ee9c84" tests="40" skipped="0" failures="0" errors="0" time="0.378">
    <testcase time="0.027000000000001" classname="rtables" name="rtable_design_decisions"/>
    <testcase time="0.00199999999999534" classname="rtables" name="rtable_design_decisions"/>
    <testcase time="0.00100000000000477" classname="rtables" name="rtable_design_decisions"/>
    <testcase time="0.00499999999999545" classname="rtables" name="rtable_design_decisions"/>
    <testcase time="0.00499999999999545" classname="rtables" name="rtable_design_decisions"/>
    <testcase time="0.0290000000000106" classname="rtables" name="rtable_design_decisions"/>
    <testcase time="0.00199999999999534" classname="rtables" name="rtable_design_decisions"/>
    <testcase time="0.00100000000000477" classname="rtables" name="rtable_design_decisions"/>
    <testcase time="0.00699999999999079" classname="rtables" name="rtable_design_decisions"/>
    <testcase time="0.007000000000005" classname="rtables" name="rtable_design_decisions"/>
    <testcase time="0.00600000000000023" classname="rtables" name="rtable_design_decisions"/>
    <testcase time="0.00799999999999557" classname="rtables" name="rtable_design_decisions"/>
    <testcase time="0.00800000000000978" classname="rtables" name="rtable_design_decisions"/>
    <testcase time="0.0109999999999957" classname="rtables" name="rtable_design_decisions"/>
    <testcase time="0.00699999999999079" classname="rtables" name="rtable_design_decisions"/>
    <testcase time="0.00800000000000978" classname="rtables" name="rtable_design_decisions"/>
    <testcase time="0.00600000000000023" classname="rtables" name="rtable_design_decisions"/>
    <testcase time="0.00699999999999079" classname="rtables" name="rtable_design_decisions"/>
    <testcase time="0.00600000000000023" classname="rtables" name="rtable_design_decisions"/>
    <testcase time="0.007000000000005" classname="rtables" name="rtable_design_decisions"/>
    <testcase time="0.0730000000000075" classname="rtables" name="multi_header_tables_work"/>
    <testcase time="0.00199999999999534" classname="rtables" name="multi_header_tables_work"/>
    <testcase time="0.00100000000000477" classname="rtables" name="multi_header_tables_work"/>
    <testcase time="0.0179999999999865" classname="rtables" name="multi_header_tables_work"/>
    <testcase time="0.00400000000000489" classname="rtables" name="test_sprintf_based_format"/>
    <testcase time="0.00100000000000477" classname="rtables" name="test_sprintf_based_format"/>
    <testcase time="0.000999999999990564" classname="rtables" name="test_sprintf_based_format"/>
    <testcase time="0.00400000000000489" classname="rtables" name="test_p_value_format"/>
    <testcase time="0.00100000000000477" classname="rtables" name="test_p_value_format"/>
    <testcase time="0.000999999999990564" classname="rtables" name="test_p_value_format"/>
    <testcase time="0.00400000000000489" classname="rtables" name="test_3d_format_estimate_and_CI_"/>
    <testcase time="0.00100000000000477" classname="rtables" name="test_3d_format_estimate_and_CI_"/>
    <testcase time="0.0690000000000026" classname="rtables" name="df_to_tt_works"/>
    <testcase time="0.00199999999999534" classname="rtables" name="df_to_tt_works"/>
    <testcase time="0.00100000000000477" classname="rtables" name="df_to_tt_works"/>
    <testcase time="0.00900000000000034" classname="rtables" name="df_to_tt_works"/>
    <testcase time="0.00399999999999068" classname="rtables" name="non_ref_rcell_works"/>
    <testcase time="0.00100000000000477" classname="rtables" name="non_ref_rcell_works"/>
    <testcase time="0.0189999999999912" classname="rtables" name="rtablel_works"/>
    <testcase time="0.00200000000000955" classname="rtables" name="rtablel_works"/>
  </testsuite>
  <testsuite name="table structure validation" timestamp="2024-11-14T16:40:46Z" hostname="d42982ee9c84" tests="7" skipped="0" failures="0" errors="0" time="0.681">
    <testcase time="0.0289999999999964" classname="table_structure_validation" name="table_structure_validation_and_sanitization_work"/>
    <testcase time="0.00400000000000489" classname="table_structure_validation" name="table_structure_validation_and_sanitization_work"/>
    <testcase time="0.00199999999999534" classname="table_structure_validation" name="table_structure_validation_and_sanitization_work"/>
    <testcase time="0.00199999999999534" classname="table_structure_validation" name="table_structure_validation_and_sanitization_work"/>
    <testcase time="0.545000000000002" classname="table_structure_validation" name="table_structure_validation_and_sanitization_work"/>
    <testcase time="0.0960000000000036" classname="table_structure_validation" name="table_structure_validation_and_sanitization_work"/>
    <testcase time="0.00300000000000011" classname="table_structure_validation" name="table_structure_validation_and_sanitization_work"/>
  </testsuite>
  <testsuite name="sorting and pruning" timestamp="2024-11-14T16:40:46Z" hostname="d42982ee9c84" tests="26" skipped="0" failures="0" errors="0" time="5.234">
    <testcase time="1.669" classname="sorting_and_pruning" name="provided_pruning_functions_work"/>
    <testcase time="0.00300000000000011" classname="sorting_and_pruning" name="provided_pruning_functions_work"/>
    <testcase time="0.00300000000000011" classname="sorting_and_pruning" name="provided_pruning_functions_work"/>
    <testcase time="0.097999999999999" classname="sorting_and_pruning" name="pruning_and_trimming_work"/>
    <testcase time="0.236000000000004" classname="sorting_and_pruning" name="pruning_and_trimming_work"/>
    <testcase time="0.00199999999999534" classname="sorting_and_pruning" name="pruning_and_trimming_work"/>
    <testcase time="0.00200000000000955" classname="sorting_and_pruning" name="pruning_and_trimming_work"/>
    <testcase time="0.012999999999991" classname="sorting_and_pruning" name="pruning_and_trimming_work"/>
    <testcase time="0.12700000000001" classname="sorting_and_pruning" name="pruning_and_trimming_work"/>
    <testcase time="0.00799999999999557" classname="sorting_and_pruning" name="pruning_and_trimming_work"/>
    <testcase time="0.00900000000000034" classname="sorting_and_pruning" name="pruning_and_trimming_work"/>
    <testcase time="0.00799999999999557" classname="sorting_and_pruning" name="pruning_and_trimming_work"/>
    <testcase time="0.117000000000004" classname="sorting_and_pruning" name="provided_score_functions_work"/>
    <testcase time="0.00199999999999534" classname="sorting_and_pruning" name="provided_score_functions_work"/>
    <testcase time="0.0100000000000051" classname="sorting_and_pruning" name="sort_at_path_just_returns_an_empty_input_table"/>
    <testcase time="0.000999999999990564" classname="sorting_and_pruning" name="sort_at_path_just_returns_an_empty_input_table"/>
    <testcase time="0.990000000000009" classname="sorting_and_pruning" name="trim_rows_and_prune_table_do_the_same_thing_in_normal_cases"/>
    <testcase time="0.221999999999994" classname="sorting_and_pruning" name="trim_rows_and_prune_table_do_the_same_thing_in_normal_cases"/>
    <testcase time="0.927999999999997" classname="sorting_and_pruning" name="provided_score_functions_throw_informative_errors_when_invalid_and_in_paths_work"/>
    <testcase time="0.00900000000000034" classname="sorting_and_pruning" name="provided_score_functions_throw_informative_errors_when_invalid_and_in_paths_work"/>
    <testcase time="0.007000000000005" classname="sorting_and_pruning" name="provided_score_functions_throw_informative_errors_when_invalid_and_in_paths_work"/>
    <testcase time="0.498999999999995" classname="sorting_and_pruning" name="provided_score_functions_throw_informative_errors_when_invalid_and_in_paths_work"/>
    <testcase time="0.007000000000005" classname="sorting_and_pruning" name="provided_score_functions_throw_informative_errors_when_invalid_and_in_paths_work"/>
    <testcase time="0.00600000000000023" classname="sorting_and_pruning" name="provided_score_functions_throw_informative_errors_when_invalid_and_in_paths_work"/>
    <testcase time="0.00600000000000023" classname="sorting_and_pruning" name="provided_score_functions_throw_informative_errors_when_invalid_and_in_paths_work"/>
    <testcase time="0.251999999999995" classname="sorting_and_pruning" name="paths_come_out_correct_when_sorting_with_"/>
  </testsuite>
  <testsuite name="column spanning" timestamp="2024-11-14T16:40:52Z" hostname="d42982ee9c84" tests="3" skipped="0" failures="0" errors="0" time="0.076">
    <testcase time="0.0600000000000023" classname="column_spanning" name="column_spanning_works"/>
    <testcase time="0.00900000000000034" classname="column_spanning" name="column_spanning_works"/>
    <testcase time="0.007000000000005" classname="column_spanning" name="column_spanning_works"/>
  </testsuite>
  <testsuite name="Summarizing table structure" timestamp="2024-11-14T16:40:52Z" hostname="d42982ee9c84" tests="6" skipped="0" failures="0" errors="0" time="0.555">
    <testcase time="0.334000000000003" classname="Summarizing_table_structure" name="path_summaries"/>
    <testcase time="0.00499999999999545" classname="Summarizing_table_structure" name="path_summaries"/>
    <testcase time="0.146000000000001" classname="Summarizing_table_structure" name="path_summaries"/>
    <testcase time="0.046999999999997" classname="Summarizing_table_structure" name="path_summaries"/>
    <testcase time="0.0220000000000056" classname="Summarizing_table_structure" name="vars_in_layout_works"/>
    <testcase time="0.000999999999990564" classname="Summarizing_table_structure" name="vars_in_layout_works"/>
  </testsuite>
  <testsuite name="Accessing and subsetting tables" timestamp="2024-11-14T16:40:52Z" hostname="d42982ee9c84" tests="75" skipped="0" failures="0" errors="0" time="3.518">
    <testcase time="0.338999999999999" classname="Accessing_and_subsetting_tables" name="cell_values_function_works_as_desired"/>
    <testcase time="0.0139999999999958" classname="Accessing_and_subsetting_tables" name="cell_values_function_works_as_desired"/>
    <testcase time="0.0150000000000006" classname="Accessing_and_subsetting_tables" name="cell_values_function_works_as_desired"/>
    <testcase time="0.00200000000000955" classname="Accessing_and_subsetting_tables" name="cell_values_function_works_as_desired"/>
    <testcase time="0.0180000000000007" classname="Accessing_and_subsetting_tables" name="cell_values_function_works_as_desired"/>
    <testcase time="0.012999999999991" classname="Accessing_and_subsetting_tables" name="cell_values_function_works_as_desired"/>
    <testcase time="0.0190000000000055" classname="Accessing_and_subsetting_tables" name="cell_values_function_works_as_desired"/>
    <testcase time="0.0130000000000052" classname="Accessing_and_subsetting_tables" name="cell_values_function_works_as_desired"/>
    <testcase time="0.0149999999999864" classname="Accessing_and_subsetting_tables" name="cell_values_function_works_as_desired"/>
    <testcase time="0.0150000000000006" classname="Accessing_and_subsetting_tables" name="cell_values_function_works_as_desired"/>
    <testcase time="0.00500000000000966" classname="Accessing_and_subsetting_tables" name="cell_values_function_works_as_desired"/>
    <testcase time="0.00399999999999068" classname="Accessing_and_subsetting_tables" name="cell_values_function_works_as_desired"/>
    <testcase time="0.187000000000012" classname="Accessing_and_subsetting_tables" name="make_row_df_make_col_df_give_paths_which_all_work"/>
    <testcase time="0.00300000000000011" classname="Accessing_and_subsetting_tables" name="make_row_df_make_col_df_give_paths_which_all_work"/>
    <testcase time="0.165999999999997" classname="Accessing_and_subsetting_tables" name="make_row_df_make_col_df_give_paths_which_all_work"/>
    <testcase time="0.105000000000004" classname="Accessing_and_subsetting_tables" name="make_row_df_make_col_df_give_paths_which_all_work"/>
    <testcase time="0.0819999999999936" classname="Accessing_and_subsetting_tables" name="make_row_df_make_col_df_give_paths_which_all_work"/>
    <testcase time="0.0169999999999959" classname="Accessing_and_subsetting_tables" name="make_row_df_make_col_df_give_paths_which_all_work"/>
    <testcase time="0.054000000000002" classname="Accessing_and_subsetting_tables" name="Duplicate_colvars_path_correctly"/>
    <testcase time="0.007000000000005" classname="Accessing_and_subsetting_tables" name="Duplicate_colvars_path_correctly"/>
    <testcase time="0.11699999999999" classname="Accessing_and_subsetting_tables" name="top_left_title_footers_retention_behaviors_are_correct_across_all_scenarios"/>
    <testcase time="0.0220000000000056" classname="Accessing_and_subsetting_tables" name="top_left_title_footers_retention_behaviors_are_correct_across_all_scenarios"/>
    <testcase time="0.0280000000000058" classname="Accessing_and_subsetting_tables" name="top_left_title_footers_retention_behaviors_are_correct_across_all_scenarios"/>
    <testcase time="0.0249999999999915" classname="Accessing_and_subsetting_tables" name="top_left_title_footers_retention_behaviors_are_correct_across_all_scenarios"/>
    <testcase time="0.00500000000000966" classname="Accessing_and_subsetting_tables" name="top_left_title_footers_retention_behaviors_are_correct_across_all_scenarios"/>
    <testcase time="0.00399999999999068" classname="Accessing_and_subsetting_tables" name="top_left_title_footers_retention_behaviors_are_correct_across_all_scenarios"/>
    <testcase time="0.00400000000000489" classname="Accessing_and_subsetting_tables" name="top_left_title_footers_retention_behaviors_are_correct_across_all_scenarios"/>
    <testcase time="0.0120000000000005" classname="Accessing_and_subsetting_tables" name="top_left_title_footers_retention_behaviors_are_correct_across_all_scenarios"/>
    <testcase time="0.0109999999999957" classname="Accessing_and_subsetting_tables" name="top_left_title_footers_retention_behaviors_are_correct_across_all_scenarios"/>
    <testcase time="0.0109999999999957" classname="Accessing_and_subsetting_tables" name="top_left_title_footers_retention_behaviors_are_correct_across_all_scenarios"/>
    <testcase time="0.00500000000000966" classname="Accessing_and_subsetting_tables" name="top_left_title_footers_retention_behaviors_are_correct_across_all_scenarios"/>
    <testcase time="0.00499999999999545" classname="Accessing_and_subsetting_tables" name="top_left_title_footers_retention_behaviors_are_correct_across_all_scenarios"/>
    <testcase time="0.00600000000000023" classname="Accessing_and_subsetting_tables" name="top_left_title_footers_retention_behaviors_are_correct_across_all_scenarios"/>
    <testcase time="0.0220000000000056" classname="Accessing_and_subsetting_tables" name="top_left_title_footers_retention_behaviors_are_correct_across_all_scenarios"/>
    <testcase time="0.0319999999999965" classname="Accessing_and_subsetting_tables" name="top_left_title_footers_retention_behaviors_are_correct_across_all_scenarios"/>
    <testcase time="0.0190000000000055" classname="Accessing_and_subsetting_tables" name="top_left_title_footers_retention_behaviors_are_correct_across_all_scenarios"/>
    <testcase time="0.0180000000000007" classname="Accessing_and_subsetting_tables" name="top_left_title_footers_retention_behaviors_are_correct_across_all_scenarios"/>
    <testcase time="0.00699999999999079" classname="Accessing_and_subsetting_tables" name="top_left_title_footers_retention_behaviors_are_correct_across_all_scenarios"/>
    <testcase time="0.007000000000005" classname="Accessing_and_subsetting_tables" name="top_left_title_footers_retention_behaviors_are_correct_across_all_scenarios"/>
    <testcase time="0.00699999999999079" classname="Accessing_and_subsetting_tables" name="top_left_title_footers_retention_behaviors_are_correct_across_all_scenarios"/>
    <testcase time="0.007000000000005" classname="Accessing_and_subsetting_tables" name="top_left_title_footers_retention_behaviors_are_correct_across_all_scenarios"/>
    <testcase time="0.00600000000000023" classname="Accessing_and_subsetting_tables" name="top_left_title_footers_retention_behaviors_are_correct_across_all_scenarios"/>
    <testcase time="0.007000000000005" classname="Accessing_and_subsetting_tables" name="top_left_title_footers_retention_behaviors_are_correct_across_all_scenarios"/>
    <testcase time="0.00699999999999079" classname="Accessing_and_subsetting_tables" name="top_left_title_footers_retention_behaviors_are_correct_across_all_scenarios"/>
    <testcase time="0.187000000000012" classname="Accessing_and_subsetting_tables" name="top_left_title_footers_retention_behaviors_are_correct_across_all_scenarios"/>
    <testcase time="0.0209999999999866" classname="Accessing_and_subsetting_tables" name="top_left_title_footers_retention_behaviors_are_correct_across_all_scenarios"/>
    <testcase time="0.00500000000000966" classname="Accessing_and_subsetting_tables" name="top_left_title_footers_retention_behaviors_are_correct_across_all_scenarios"/>
    <testcase time="0.00600000000000023" classname="Accessing_and_subsetting_tables" name="top_left_title_footers_retention_behaviors_are_correct_across_all_scenarios"/>
    <testcase time="0.00999999999999091" classname="Accessing_and_subsetting_tables" name="top_left_title_footers_retention_behaviors_are_correct_across_all_scenarios"/>
    <testcase time="0.159000000000006" classname="Accessing_and_subsetting_tables" name="setters_work_ok"/>
    <testcase time="0.0559999999999974" classname="Accessing_and_subsetting_tables" name="setters_work_ok"/>
    <testcase time="0.00200000000000955" classname="Accessing_and_subsetting_tables" name="setters_work_ok"/>
    <testcase time="0.00199999999999534" classname="Accessing_and_subsetting_tables" name="setters_work_ok"/>
    <testcase time="0.126999999999995" classname="Accessing_and_subsetting_tables" name="setters_work_ok"/>
    <testcase time="0.00100000000000477" classname="Accessing_and_subsetting_tables" name="setters_work_ok"/>
    <testcase time="0.126000000000005" classname="Accessing_and_subsetting_tables" name="cell_values_and_value_at_work_on_row_objects"/>
    <testcase time="0.000999999999990564" classname="Accessing_and_subsetting_tables" name="cell_values_and_value_at_work_on_row_objects"/>
    <testcase time="0.314999999999998" classname="Accessing_and_subsetting_tables" name="label_at_path_works"/>
    <testcase time="0.00300000000000011" classname="Accessing_and_subsetting_tables" name="label_at_path_works"/>
    <testcase time="0.0490000000000066" classname="Accessing_and_subsetting_tables" name="label_at_path_works"/>
    <testcase time="0.046999999999997" classname="Accessing_and_subsetting_tables" name="label_at_path_works"/>
    <testcase time="0.0529999999999973" classname="Accessing_and_subsetting_tables" name="insert_row_at_path_works"/>
    <testcase time="0.00300000000000011" classname="Accessing_and_subsetting_tables" name="insert_row_at_path_works"/>
    <testcase time="0.0110000000000099" classname="Accessing_and_subsetting_tables" name="insert_row_at_path_works"/>
    <testcase time="0.00499999999999545" classname="Accessing_and_subsetting_tables" name="insert_row_at_path_works"/>
    <testcase time="0.00499999999999545" classname="Accessing_and_subsetting_tables" name="insert_row_at_path_works"/>
    <testcase time="0.00400000000000489" classname="Accessing_and_subsetting_tables" name="insert_row_at_path_works"/>
    <testcase time="0.046999999999997" classname="Accessing_and_subsetting_tables" name="insert_row_at_path_works"/>
    <testcase time="0.00199999999999534" classname="Accessing_and_subsetting_tables" name="insert_row_at_path_works"/>
    <testcase time="0.00300000000000011" classname="Accessing_and_subsetting_tables" name="insert_row_at_path_works"/>
    <testcase time="0.0829999999999984" classname="Accessing_and_subsetting_tables" name="bracket_methods_all_work"/>
    <testcase time="0.00200000000000955" classname="Accessing_and_subsetting_tables" name="bracket_methods_all_work"/>
    <testcase time="0.143999999999991" classname="Accessing_and_subsetting_tables" name="bracket_methods_all_work"/>
    <testcase time="0.495000000000005" classname="Accessing_and_subsetting_tables" name="bracket_methods_all_work"/>
    <testcase time="0.0570000000000022" classname="Accessing_and_subsetting_tables" name="tt_at_path_and_cell_values_work_with_values_even_if_they_differ_in_naming"/>
  </testsuite>
  <testsuite name="Analysis functions (afun)" timestamp="2024-11-14T16:40:56Z" hostname="d42982ee9c84" tests="620" skipped="0" failures="0" errors="0" time="4.047">
    <testcase time="0.097999999999999" classname="Analysis_functions_afun_" name=".spl_context_contains_information_about_the_column_split"/>
    <testcase time="0.00900000000000034" classname="Analysis_functions_afun_" name=".spl_context_contains_information_about_the_column_split"/>
    <testcase time="0.012999999999991" classname="Analysis_functions_afun_" name=".spl_context_contains_information_about_the_column_split"/>
    <testcase time="0.0230000000000103" classname="Analysis_functions_afun_" name=".spl_context_and_afun_extra_parameters_contain_information_about_combo_counts"/>
    <testcase time="0.140999999999991" classname="Analysis_functions_afun_" name=".spl_context_and_afun_extra_parameters_contain_information_about_combo_counts"/>
    <testcase time="0.00900000000000034" classname="Analysis_functions_afun_" name=".spl_context_and_afun_extra_parameters_contain_information_about_combo_counts"/>
    <testcase time="0.00100000000000477" classname="Analysis_functions_afun_" name=".spl_context_and_afun_extra_parameters_contain_information_about_combo_counts"/>
    <testcase time="0.00199999999999534" classname="Analysis_functions_afun_" name=".spl_context_and_afun_extra_parameters_contain_information_about_combo_counts"/>
    <testcase time="0.00100000000000477" classname="Analysis_functions_afun_" name=".spl_context_and_afun_extra_parameters_contain_information_about_combo_counts"/>
    <testcase time="0.00100000000000477" classname="Analysis_functions_afun_" name=".spl_context_and_afun_extra_parameters_contain_information_about_combo_counts"/>
    <testcase time="0.00199999999999534" classname="Analysis_functions_afun_" name=".spl_context_and_afun_extra_parameters_contain_information_about_combo_counts"/>
    <testcase time="0.00199999999999534" classname="Analysis_functions_afun_" name=".spl_context_and_afun_extra_parameters_contain_information_about_combo_counts"/>
    <testcase time="0.00499999999999545" classname="Analysis_functions_afun_" name=".spl_context_and_afun_extra_parameters_contain_information_about_combo_counts"/>
    <testcase time="0.00300000000000011" classname="Analysis_functions_afun_" name=".spl_context_and_afun_extra_parameters_contain_information_about_combo_counts"/>
    <testcase time="0.00800000000000978" classname="Analysis_functions_afun_" name=".spl_context_and_afun_extra_parameters_contain_information_about_combo_counts"/>
    <testcase time="0.00199999999999534" classname="Analysis_functions_afun_" name=".spl_context_and_afun_extra_parameters_contain_information_about_combo_counts"/>
    <testcase time="0.00100000000000477" classname="Analysis_functions_afun_" name=".spl_context_and_afun_extra_parameters_contain_information_about_combo_counts"/>
    <testcase time="0.000999999999990564" classname="Analysis_functions_afun_" name=".spl_context_and_afun_extra_parameters_contain_information_about_combo_counts"/>
    <testcase time="0.00200000000000955" classname="Analysis_functions_afun_" name=".spl_context_and_afun_extra_parameters_contain_information_about_combo_counts"/>
    <testcase time="0.000999999999990564" classname="Analysis_functions_afun_" name=".spl_context_and_afun_extra_parameters_contain_information_about_combo_counts"/>
    <testcase time="0.00200000000000955" classname="Analysis_functions_afun_" name=".spl_context_and_afun_extra_parameters_contain_information_about_combo_counts"/>
    <testcase time="0.00600000000000023" classname="Analysis_functions_afun_" name=".spl_context_and_afun_extra_parameters_contain_information_about_combo_counts"/>
    <testcase time="0.00199999999999534" classname="Analysis_functions_afun_" name=".spl_context_and_afun_extra_parameters_contain_information_about_combo_counts"/>
    <testcase time="0.00300000000000011" classname="Analysis_functions_afun_" name=".spl_context_and_afun_extra_parameters_contain_information_about_combo_counts"/>
    <testcase time="0.00300000000000011" classname="Analysis_functions_afun_" name=".spl_context_and_afun_extra_parameters_contain_information_about_combo_counts"/>
    <testcase time="0.00799999999999557" classname="Analysis_functions_afun_" name=".spl_context_and_afun_extra_parameters_contain_information_about_combo_counts"/>
    <testcase time="0.00100000000000477" classname="Analysis_functions_afun_" name=".spl_context_and_afun_extra_parameters_contain_information_about_combo_counts"/>
    <testcase time="0.00199999999999534" classname="Analysis_functions_afun_" name=".spl_context_and_afun_extra_parameters_contain_information_about_combo_counts"/>
    <testcase time="0.00100000000000477" classname="Analysis_functions_afun_" name=".spl_context_and_afun_extra_parameters_contain_information_about_combo_counts"/>
    <testcase time="0.00100000000000477" classname="Analysis_functions_afun_" name=".spl_context_and_afun_extra_parameters_contain_information_about_combo_counts"/>
    <testcase time="0.00199999999999534" classname="Analysis_functions_afun_" name=".spl_context_and_afun_extra_parameters_contain_information_about_combo_counts"/>
    <testcase time="0.00199999999999534" classname="Analysis_functions_afun_" name=".spl_context_and_afun_extra_parameters_contain_information_about_combo_counts"/>
    <testcase time="0.0110000000000099" classname="Analysis_functions_afun_" name=".spl_context_and_afun_extra_parameters_contain_information_about_combo_counts"/>
    <testcase time="0.00300000000000011" classname="Analysis_functions_afun_" name=".spl_context_and_afun_extra_parameters_contain_information_about_combo_counts"/>
    <testcase time="0.0109999999999957" classname="Analysis_functions_afun_" name=".spl_context_and_afun_extra_parameters_contain_information_about_combo_counts"/>
    <testcase time="0.000999999999990564" classname="Analysis_functions_afun_" name=".spl_context_and_afun_extra_parameters_contain_information_about_combo_counts"/>
    <testcase time="0.00200000000000955" classname="Analysis_functions_afun_" name=".spl_context_and_afun_extra_parameters_contain_information_about_combo_counts"/>
    <testcase time="0.00199999999999534" classname="Analysis_functions_afun_" name=".spl_context_and_afun_extra_parameters_contain_information_about_combo_counts"/>
    <testcase time="0.00199999999999534" classname="Analysis_functions_afun_" name=".spl_context_and_afun_extra_parameters_contain_information_about_combo_counts"/>
    <testcase time="0.00200000000000955" classname="Analysis_functions_afun_" name=".spl_context_and_afun_extra_parameters_contain_information_about_combo_counts"/>
    <testcase time="0.00199999999999534" classname="Analysis_functions_afun_" name=".spl_context_and_afun_extra_parameters_contain_information_about_combo_counts"/>
    <testcase time="0.00600000000000023" classname="Analysis_functions_afun_" name=".spl_context_and_afun_extra_parameters_contain_information_about_combo_counts"/>
    <testcase time="0.00300000000000011" classname="Analysis_functions_afun_" name=".spl_context_and_afun_extra_parameters_contain_information_about_combo_counts"/>
    <testcase time="0.00799999999999557" classname="Analysis_functions_afun_" name=".spl_context_and_afun_extra_parameters_contain_information_about_combo_counts"/>
    <testcase time="0.00200000000000955" classname="Analysis_functions_afun_" name=".spl_context_and_afun_extra_parameters_contain_information_about_combo_counts"/>
    <testcase time="0.000999999999990564" classname="Analysis_functions_afun_" name=".spl_context_and_afun_extra_parameters_contain_information_about_combo_counts"/>
    <testcase time="0.00200000000000955" classname="Analysis_functions_afun_" name=".spl_context_and_afun_extra_parameters_contain_information_about_combo_counts"/>
    <testcase time="0.000999999999990564" classname="Analysis_functions_afun_" name=".spl_context_and_afun_extra_parameters_contain_information_about_combo_counts"/>
    <testcase time="0.00200000000000955" classname="Analysis_functions_afun_" name=".spl_context_and_afun_extra_parameters_contain_information_about_combo_counts"/>
    <testcase time="0.00199999999999534" classname="Analysis_functions_afun_" name=".spl_context_and_afun_extra_parameters_contain_information_about_combo_counts"/>
    <testcase time="0.00600000000000023" classname="Analysis_functions_afun_" name=".spl_context_and_afun_extra_parameters_contain_information_about_combo_counts"/>
    <testcase time="0.00199999999999534" classname="Analysis_functions_afun_" name=".spl_context_and_afun_extra_parameters_contain_information_about_combo_counts"/>
    <testcase time="0.00900000000000034" classname="Analysis_functions_afun_" name=".spl_context_and_afun_extra_parameters_contain_information_about_combo_counts"/>
    <testcase time="0.00100000000000477" classname="Analysis_functions_afun_" name=".spl_context_and_afun_extra_parameters_contain_information_about_combo_counts"/>
    <testcase time="0.00199999999999534" classname="Analysis_functions_afun_" name=".spl_context_and_afun_extra_parameters_contain_information_about_combo_counts"/>
    <testcase time="0.00100000000000477" classname="Analysis_functions_afun_" name=".spl_context_and_afun_extra_parameters_contain_information_about_combo_counts"/>
    <testcase time="0.00199999999999534" classname="Analysis_functions_afun_" name=".spl_context_and_afun_extra_parameters_contain_information_about_combo_counts"/>
    <testcase time="0.00100000000000477" classname="Analysis_functions_afun_" name=".spl_context_and_afun_extra_parameters_contain_information_about_combo_counts"/>
    <testcase time="0.00200000000000955" classname="Analysis_functions_afun_" name=".spl_context_and_afun_extra_parameters_contain_information_about_combo_counts"/>
    <testcase time="0.00499999999999545" classname="Analysis_functions_afun_" name=".spl_context_and_afun_extra_parameters_contain_information_about_combo_counts"/>
    <testcase time="0.00300000000000011" classname="Analysis_functions_afun_" name=".spl_context_and_afun_extra_parameters_contain_information_about_combo_counts"/>
    <testcase time="0.00799999999999557" classname="Analysis_functions_afun_" name=".spl_context_and_afun_extra_parameters_contain_information_about_combo_counts"/>
    <testcase time="0.00200000000000955" classname="Analysis_functions_afun_" name=".spl_context_and_afun_extra_parameters_contain_information_about_combo_counts"/>
    <testcase time="0.00199999999999534" classname="Analysis_functions_afun_" name=".spl_context_and_afun_extra_parameters_contain_information_about_combo_counts"/>
    <testcase time="0.00100000000000477" classname="Analysis_functions_afun_" name=".spl_context_and_afun_extra_parameters_contain_information_about_combo_counts"/>
    <testcase time="0.00199999999999534" classname="Analysis_functions_afun_" name=".spl_context_and_afun_extra_parameters_contain_information_about_combo_counts"/>
    <testcase time="0.00100000000000477" classname="Analysis_functions_afun_" name=".spl_context_and_afun_extra_parameters_contain_information_about_combo_counts"/>
    <testcase time="0.00199999999999534" classname="Analysis_functions_afun_" name=".spl_context_and_afun_extra_parameters_contain_information_about_combo_counts"/>
    <testcase time="0.00600000000000023" classname="Analysis_functions_afun_" name=".spl_context_and_afun_extra_parameters_contain_information_about_combo_counts"/>
    <testcase time="0.00300000000000011" classname="Analysis_functions_afun_" name=".spl_context_and_afun_extra_parameters_contain_information_about_combo_counts"/>
    <testcase time="0.00799999999999557" classname="Analysis_functions_afun_" name=".spl_context_and_afun_extra_parameters_contain_information_about_combo_counts"/>
    <testcase time="0.00200000000000955" classname="Analysis_functions_afun_" name=".spl_context_and_afun_extra_parameters_contain_information_about_combo_counts"/>
    <testcase time="0.000999999999990564" classname="Analysis_functions_afun_" name=".spl_context_and_afun_extra_parameters_contain_information_about_combo_counts"/>
    <testcase time="0.007000000000005" classname="Analysis_functions_afun_" name=".spl_context_and_afun_extra_parameters_contain_information_about_combo_counts"/>
    <testcase time="0.00199999999999534" classname="Analysis_functions_afun_" name=".spl_context_and_afun_extra_parameters_contain_information_about_combo_counts"/>
    <testcase time="0.00200000000000955" classname="Analysis_functions_afun_" name=".spl_context_and_afun_extra_parameters_contain_information_about_combo_counts"/>
    <testcase time="0.00300000000000011" classname="Analysis_functions_afun_" name=".spl_context_and_afun_extra_parameters_contain_information_about_combo_counts"/>
    <testcase time="0.00799999999999557" classname="Analysis_functions_afun_" name=".spl_context_and_afun_extra_parameters_contain_information_about_combo_counts"/>
    <testcase time="0.00400000000000489" classname="Analysis_functions_afun_" name=".spl_context_and_afun_extra_parameters_contain_information_about_combo_counts"/>
    <testcase time="0.0229999999999961" classname="Analysis_functions_afun_" name=".spl_context_and_afun_extra_parameters_contain_information_about_combo_counts"/>
    <testcase time="0.00900000000000034" classname="Analysis_functions_afun_" name=".spl_context_and_afun_extra_parameters_contain_information_about_combo_counts"/>
    <testcase time="0.000999999999990564" classname="Analysis_functions_afun_" name=".spl_context_and_afun_extra_parameters_contain_information_about_combo_counts"/>
    <testcase time="0.00200000000000955" classname="Analysis_functions_afun_" name=".spl_context_and_afun_extra_parameters_contain_information_about_combo_counts"/>
    <testcase time="0.00199999999999534" classname="Analysis_functions_afun_" name=".spl_context_and_afun_extra_parameters_contain_information_about_combo_counts"/>
    <testcase time="0.00100000000000477" classname="Analysis_functions_afun_" name=".spl_context_and_afun_extra_parameters_contain_information_about_combo_counts"/>
    <testcase time="0.00199999999999534" classname="Analysis_functions_afun_" name=".spl_context_and_afun_extra_parameters_contain_information_about_combo_counts"/>
    <testcase time="0.00199999999999534" classname="Analysis_functions_afun_" name=".spl_context_and_afun_extra_parameters_contain_information_about_combo_counts"/>
    <testcase time="0.00600000000000023" classname="Analysis_functions_afun_" name=".spl_context_and_afun_extra_parameters_contain_information_about_combo_counts"/>
    <testcase time="0.00300000000000011" classname="Analysis_functions_afun_" name=".spl_context_and_afun_extra_parameters_contain_information_about_combo_counts"/>
    <testcase time="0.00800000000000978" classname="Analysis_functions_afun_" name=".spl_context_and_afun_extra_parameters_contain_information_about_combo_counts"/>
    <testcase time="0.00199999999999534" classname="Analysis_functions_afun_" name=".spl_context_and_afun_extra_parameters_contain_information_about_combo_counts"/>
    <testcase time="0.00199999999999534" classname="Analysis_functions_afun_" name=".spl_context_and_afun_extra_parameters_contain_information_about_combo_counts"/>
    <testcase time="0.00200000000000955" classname="Analysis_functions_afun_" name=".spl_context_and_afun_extra_parameters_contain_information_about_combo_counts"/>
    <testcase time="0.000999999999990564" classname="Analysis_functions_afun_" name=".spl_context_and_afun_extra_parameters_contain_information_about_combo_counts"/>
    <testcase time="0.00200000000000955" classname="Analysis_functions_afun_" name=".spl_context_and_afun_extra_parameters_contain_information_about_combo_counts"/>
    <testcase time="0.00199999999999534" classname="Analysis_functions_afun_" name=".spl_context_and_afun_extra_parameters_contain_information_about_combo_counts"/>
    <testcase time="0.00600000000000023" classname="Analysis_functions_afun_" name=".spl_context_and_afun_extra_parameters_contain_information_about_combo_counts"/>
    <testcase time="0.00300000000000011" classname="Analysis_functions_afun_" name=".spl_context_and_afun_extra_parameters_contain_information_about_combo_counts"/>
    <testcase time="0.00300000000000011" classname="Analysis_functions_afun_" name=".spl_context_and_afun_extra_parameters_contain_information_about_combo_counts"/>
    <testcase time="0.00300000000000011" classname="Analysis_functions_afun_" name=".spl_context_and_afun_extra_parameters_contain_information_about_combo_counts"/>
    <testcase time="0.00799999999999557" classname="Analysis_functions_afun_" name=".spl_context_and_afun_extra_parameters_contain_information_about_combo_counts"/>
    <testcase time="0.00200000000000955" classname="Analysis_functions_afun_" name=".spl_context_and_afun_extra_parameters_contain_information_about_combo_counts"/>
    <testcase time="0.000999999999990564" classname="Analysis_functions_afun_" name=".spl_context_and_afun_extra_parameters_contain_information_about_combo_counts"/>
    <testcase time="0.00200000000000955" classname="Analysis_functions_afun_" name=".spl_context_and_afun_extra_parameters_contain_information_about_combo_counts"/>
    <testcase time="0.00199999999999534" classname="Analysis_functions_afun_" name=".spl_context_and_afun_extra_parameters_contain_information_about_combo_counts"/>
    <testcase time="0.00199999999999534" classname="Analysis_functions_afun_" name=".spl_context_and_afun_extra_parameters_contain_information_about_combo_counts"/>
    <testcase time="0.00200000000000955" classname="Analysis_functions_afun_" name=".spl_context_and_afun_extra_parameters_contain_information_about_combo_counts"/>
    <testcase time="0.0120000000000005" classname="Analysis_functions_afun_" name=".spl_context_and_afun_extra_parameters_contain_information_about_combo_counts"/>
    <testcase time="0.00399999999999068" classname="Analysis_functions_afun_" name=".spl_context_and_afun_extra_parameters_contain_information_about_combo_counts"/>
    <testcase time="0.0120000000000005" classname="Analysis_functions_afun_" name=".spl_context_and_afun_extra_parameters_contain_information_about_combo_counts"/>
    <testcase time="0.00200000000000955" classname="Analysis_functions_afun_" name=".spl_context_and_afun_extra_parameters_contain_information_about_combo_counts"/>
    <testcase time="0.00199999999999534" classname="Analysis_functions_afun_" name=".spl_context_and_afun_extra_parameters_contain_information_about_combo_counts"/>
    <testcase time="0.00100000000000477" classname="Analysis_functions_afun_" name=".spl_context_and_afun_extra_parameters_contain_information_about_combo_counts"/>
    <testcase time="0.00199999999999534" classname="Analysis_functions_afun_" name=".spl_context_and_afun_extra_parameters_contain_information_about_combo_counts"/>
    <testcase time="0.00199999999999534" classname="Analysis_functions_afun_" name=".spl_context_and_afun_extra_parameters_contain_information_about_combo_counts"/>
    <testcase time="0.00200000000000955" classname="Analysis_functions_afun_" name=".spl_context_and_afun_extra_parameters_contain_information_about_combo_counts"/>
    <testcase time="0.00600000000000023" classname="Analysis_functions_afun_" name=".spl_context_and_afun_extra_parameters_contain_information_about_combo_counts"/>
    <testcase time="0.00300000000000011" classname="Analysis_functions_afun_" name=".spl_context_and_afun_extra_parameters_contain_information_about_combo_counts"/>
    <testcase time="0.00799999999999557" classname="Analysis_functions_afun_" name=".spl_context_and_afun_extra_parameters_contain_information_about_combo_counts"/>
    <testcase time="0.00199999999999534" classname="Analysis_functions_afun_" name=".spl_context_and_afun_extra_parameters_contain_information_about_combo_counts"/>
    <testcase time="0.00199999999999534" classname="Analysis_functions_afun_" name=".spl_context_and_afun_extra_parameters_contain_information_about_combo_counts"/>
    <testcase time="0.00100000000000477" classname="Analysis_functions_afun_" name=".spl_context_and_afun_extra_parameters_contain_information_about_combo_counts"/>
    <testcase time="0.00199999999999534" classname="Analysis_functions_afun_" name=".spl_context_and_afun_extra_parameters_contain_information_about_combo_counts"/>
    <testcase time="0.00200000000000955" classname="Analysis_functions_afun_" name=".spl_context_and_afun_extra_parameters_contain_information_about_combo_counts"/>
    <testcase time="0.00199999999999534" classname="Analysis_functions_afun_" name=".spl_context_and_afun_extra_parameters_contain_information_about_combo_counts"/>
    <testcase time="0.00600000000000023" classname="Analysis_functions_afun_" name=".spl_context_and_afun_extra_parameters_contain_information_about_combo_counts"/>
    <testcase time="0.00300000000000011" classname="Analysis_functions_afun_" name=".spl_context_and_afun_extra_parameters_contain_information_about_combo_counts"/>
    <testcase time="0.00900000000000034" classname="Analysis_functions_afun_" name=".spl_context_and_afun_extra_parameters_contain_information_about_combo_counts"/>
    <testcase time="0.00100000000000477" classname="Analysis_functions_afun_" name=".spl_context_and_afun_extra_parameters_contain_information_about_combo_counts"/>
    <testcase time="0.00199999999999534" classname="Analysis_functions_afun_" name=".spl_context_and_afun_extra_parameters_contain_information_about_combo_counts"/>
    <testcase time="0.00199999999999534" classname="Analysis_functions_afun_" name=".spl_context_and_afun_extra_parameters_contain_information_about_combo_counts"/>
    <testcase time="0.00200000000000955" classname="Analysis_functions_afun_" name=".spl_context_and_afun_extra_parameters_contain_information_about_combo_counts"/>
    <testcase time="0.00199999999999534" classname="Analysis_functions_afun_" name=".spl_context_and_afun_extra_parameters_contain_information_about_combo_counts"/>
    <testcase time="0.00199999999999534" classname="Analysis_functions_afun_" name=".spl_context_and_afun_extra_parameters_contain_information_about_combo_counts"/>
    <testcase time="0.00600000000000023" classname="Analysis_functions_afun_" name=".spl_context_and_afun_extra_parameters_contain_information_about_combo_counts"/>
    <testcase time="0.00300000000000011" classname="Analysis_functions_afun_" name=".spl_context_and_afun_extra_parameters_contain_information_about_combo_counts"/>
    <testcase time="0.00900000000000034" classname="Analysis_functions_afun_" name=".spl_context_and_afun_extra_parameters_contain_information_about_combo_counts"/>
    <testcase time="0.00200000000000955" classname="Analysis_functions_afun_" name=".spl_context_and_afun_extra_parameters_contain_information_about_combo_counts"/>
    <testcase time="0.00199999999999534" classname="Analysis_functions_afun_" name=".spl_context_and_afun_extra_parameters_contain_information_about_combo_counts"/>
    <testcase time="0.00100000000000477" classname="Analysis_functions_afun_" name=".spl_context_and_afun_extra_parameters_contain_information_about_combo_counts"/>
    <testcase time="0.00199999999999534" classname="Analysis_functions_afun_" name=".spl_context_and_afun_extra_parameters_contain_information_about_combo_counts"/>
    <testcase time="0.00199999999999534" classname="Analysis_functions_afun_" name=".spl_context_and_afun_extra_parameters_contain_information_about_combo_counts"/>
    <testcase time="0.00200000000000955" classname="Analysis_functions_afun_" name=".spl_context_and_afun_extra_parameters_contain_information_about_combo_counts"/>
    <testcase time="0.0180000000000007" classname="Analysis_functions_afun_" name=".spl_context_and_afun_extra_parameters_contain_information_about_combo_counts"/>
    <testcase time="0.00399999999999068" classname="Analysis_functions_afun_" name=".spl_context_and_afun_extra_parameters_contain_information_about_combo_counts"/>
    <testcase time="0.0120000000000005" classname="Analysis_functions_afun_" name=".spl_context_and_afun_extra_parameters_contain_information_about_combo_counts"/>
    <testcase time="0.00200000000000955" classname="Analysis_functions_afun_" name=".spl_context_and_afun_extra_parameters_contain_information_about_combo_counts"/>
    <testcase time="0.00300000000000011" classname="Analysis_functions_afun_" name=".spl_context_and_afun_extra_parameters_contain_information_about_combo_counts"/>
    <testcase time="0.00199999999999534" classname="Analysis_functions_afun_" name=".spl_context_and_afun_extra_parameters_contain_information_about_combo_counts"/>
    <testcase time="0.00300000000000011" classname="Analysis_functions_afun_" name=".spl_context_and_afun_extra_parameters_contain_information_about_combo_counts"/>
    <testcase time="0.00199999999999534" classname="Analysis_functions_afun_" name=".spl_context_and_afun_extra_parameters_contain_information_about_combo_counts"/>
    <testcase time="0.00300000000000011" classname="Analysis_functions_afun_" name=".spl_context_and_afun_extra_parameters_contain_information_about_combo_counts"/>
    <testcase time="0.00600000000000023" classname="Analysis_functions_afun_" name=".spl_context_and_afun_extra_parameters_contain_information_about_combo_counts"/>
    <testcase time="0.00300000000000011" classname="Analysis_functions_afun_" name=".spl_context_and_afun_extra_parameters_contain_information_about_combo_counts"/>
    <testcase time="0.0330000000000013" classname="Analysis_functions_afun_" name=".spl_context_and_afun_extra_parameters_contain_information_about_combo_counts"/>
    <testcase time="0.0109999999999957" classname="Analysis_functions_afun_" name=".spl_context_and_afun_extra_parameters_contain_information_about_combo_counts"/>
    <testcase time="0.00200000000000955" classname="Analysis_functions_afun_" name=".spl_context_and_afun_extra_parameters_contain_information_about_combo_counts"/>
    <testcase time="0.00199999999999534" classname="Analysis_functions_afun_" name=".spl_context_and_afun_extra_parameters_contain_information_about_combo_counts"/>
    <testcase time="0.00199999999999534" classname="Analysis_functions_afun_" name=".spl_context_and_afun_extra_parameters_contain_information_about_combo_counts"/>
    <testcase time="0.00200000000000955" classname="Analysis_functions_afun_" name=".spl_context_and_afun_extra_parameters_contain_information_about_combo_counts"/>
    <testcase time="0.00199999999999534" classname="Analysis_functions_afun_" name=".spl_context_and_afun_extra_parameters_contain_information_about_combo_counts"/>
    <testcase time="0.00300000000000011" classname="Analysis_functions_afun_" name=".spl_context_and_afun_extra_parameters_contain_information_about_combo_counts"/>
    <testcase time="0.00600000000000023" classname="Analysis_functions_afun_" name=".spl_context_and_afun_extra_parameters_contain_information_about_combo_counts"/>
    <testcase time="0.00300000000000011" classname="Analysis_functions_afun_" name=".spl_context_and_afun_extra_parameters_contain_information_about_combo_counts"/>
    <testcase time="0.0109999999999957" classname="Analysis_functions_afun_" name=".spl_context_and_afun_extra_parameters_contain_information_about_combo_counts"/>
    <testcase time="0.00200000000000955" classname="Analysis_functions_afun_" name=".spl_context_and_afun_extra_parameters_contain_information_about_combo_counts"/>
    <testcase time="0.00199999999999534" classname="Analysis_functions_afun_" name=".spl_context_and_afun_extra_parameters_contain_information_about_combo_counts"/>
    <testcase time="0.00100000000000477" classname="Analysis_functions_afun_" name=".spl_context_and_afun_extra_parameters_contain_information_about_combo_counts"/>
    <testcase time="0.00199999999999534" classname="Analysis_functions_afun_" name=".spl_context_and_afun_extra_parameters_contain_information_about_combo_counts"/>
    <testcase time="0.00199999999999534" classname="Analysis_functions_afun_" name=".spl_context_and_afun_extra_parameters_contain_information_about_combo_counts"/>
    <testcase time="0.00800000000000978" classname="Analysis_functions_afun_" name=".spl_context_and_afun_extra_parameters_contain_information_about_combo_counts"/>
    <testcase time="0.00900000000000034" classname="Analysis_functions_afun_" name=".spl_context_and_afun_extra_parameters_contain_information_about_combo_counts"/>
    <testcase time="0.00399999999999068" classname="Analysis_functions_afun_" name=".spl_context_and_afun_extra_parameters_contain_information_about_combo_counts"/>
    <testcase time="0.00400000000000489" classname="Analysis_functions_afun_" name=".spl_context_and_afun_extra_parameters_contain_information_about_combo_counts"/>
    <testcase time="0.00499999999999545" classname="Analysis_functions_afun_" name=".spl_context_and_afun_extra_parameters_contain_information_about_combo_counts"/>
    <testcase time="0.0130000000000052" classname="Analysis_functions_afun_" name=".spl_context_and_afun_extra_parameters_contain_information_about_combo_counts"/>
    <testcase time="0.00199999999999534" classname="Analysis_functions_afun_" name=".spl_context_and_afun_extra_parameters_contain_information_about_combo_counts"/>
    <testcase time="0.00199999999999534" classname="Analysis_functions_afun_" name=".spl_context_and_afun_extra_parameters_contain_information_about_combo_counts"/>
    <testcase time="0.00200000000000955" classname="Analysis_functions_afun_" name=".spl_context_and_afun_extra_parameters_contain_information_about_combo_counts"/>
    <testcase time="0.00199999999999534" classname="Analysis_functions_afun_" name=".spl_context_and_afun_extra_parameters_contain_information_about_combo_counts"/>
    <testcase time="0.00199999999999534" classname="Analysis_functions_afun_" name=".spl_context_and_afun_extra_parameters_contain_information_about_combo_counts"/>
    <testcase time="0.00200000000000955" classname="Analysis_functions_afun_" name=".spl_context_and_afun_extra_parameters_contain_information_about_combo_counts"/>
    <testcase time="0.00600000000000023" classname="Analysis_functions_afun_" name=".spl_context_and_afun_extra_parameters_contain_information_about_combo_counts"/>
    <testcase time="0.00300000000000011" classname="Analysis_functions_afun_" name=".spl_context_and_afun_extra_parameters_contain_information_about_combo_counts"/>
    <testcase time="0.0109999999999957" classname="Analysis_functions_afun_" name=".spl_context_and_afun_extra_parameters_contain_information_about_combo_counts"/>
    <testcase time="0.00199999999999534" classname="Analysis_functions_afun_" name=".spl_context_and_afun_extra_parameters_contain_information_about_combo_counts"/>
    <testcase time="0.00200000000000955" classname="Analysis_functions_afun_" name=".spl_context_and_afun_extra_parameters_contain_information_about_combo_counts"/>
    <testcase time="0.00199999999999534" classname="Analysis_functions_afun_" name=".spl_context_and_afun_extra_parameters_contain_information_about_combo_counts"/>
    <testcase time="0.00199999999999534" classname="Analysis_functions_afun_" name=".spl_context_and_afun_extra_parameters_contain_information_about_combo_counts"/>
    <testcase time="0.00200000000000955" classname="Analysis_functions_afun_" name=".spl_context_and_afun_extra_parameters_contain_information_about_combo_counts"/>
    <testcase time="0.00199999999999534" classname="Analysis_functions_afun_" name=".spl_context_and_afun_extra_parameters_contain_information_about_combo_counts"/>
    <testcase time="0.00600000000000023" classname="Analysis_functions_afun_" name=".spl_context_and_afun_extra_parameters_contain_information_about_combo_counts"/>
    <testcase time="0.00400000000000489" classname="Analysis_functions_afun_" name=".spl_context_and_afun_extra_parameters_contain_information_about_combo_counts"/>
    <testcase time="0.00999999999999091" classname="Analysis_functions_afun_" name=".spl_context_and_afun_extra_parameters_contain_information_about_combo_counts"/>
    <testcase time="0.00200000000000955" classname="Analysis_functions_afun_" name=".spl_context_and_afun_extra_parameters_contain_information_about_combo_counts"/>
    <testcase time="0.00199999999999534" classname="Analysis_functions_afun_" name=".spl_context_and_afun_extra_parameters_contain_information_about_combo_counts"/>
    <testcase time="0.00199999999999534" classname="Analysis_functions_afun_" name=".spl_context_and_afun_extra_parameters_contain_information_about_combo_counts"/>
    <testcase time="0.00200000000000955" classname="Analysis_functions_afun_" name=".spl_context_and_afun_extra_parameters_contain_information_about_combo_counts"/>
    <testcase time="0.00300000000000011" classname="Analysis_functions_afun_" name=".spl_context_and_afun_extra_parameters_contain_information_about_combo_counts"/>
    <testcase time="0.00199999999999534" classname="Analysis_functions_afun_" name=".spl_context_and_afun_extra_parameters_contain_information_about_combo_counts"/>
    <testcase time="0.00600000000000023" classname="Analysis_functions_afun_" name=".spl_context_and_afun_extra_parameters_contain_information_about_combo_counts"/>
    <testcase time="0.00300000000000011" classname="Analysis_functions_afun_" name=".spl_context_and_afun_extra_parameters_contain_information_about_combo_counts"/>
    <testcase time="0.0180000000000007" classname="Analysis_functions_afun_" name=".spl_context_and_afun_extra_parameters_contain_information_about_combo_counts"/>
    <testcase time="0.00300000000000011" classname="Analysis_functions_afun_" name=".spl_context_and_afun_extra_parameters_contain_information_about_combo_counts"/>
    <testcase time="0.00300000000000011" classname="Analysis_functions_afun_" name=".spl_context_and_afun_extra_parameters_contain_information_about_combo_counts"/>
    <testcase time="0.00300000000000011" classname="Analysis_functions_afun_" name=".spl_context_and_afun_extra_parameters_contain_information_about_combo_counts"/>
    <testcase time="0.00300000000000011" classname="Analysis_functions_afun_" name=".spl_context_and_afun_extra_parameters_contain_information_about_combo_counts"/>
    <testcase time="0.00300000000000011" classname="Analysis_functions_afun_" name=".spl_context_and_afun_extra_parameters_contain_information_about_combo_counts"/>
    <testcase time="0.00300000000000011" classname="Analysis_functions_afun_" name=".spl_context_and_afun_extra_parameters_contain_information_about_combo_counts"/>
    <testcase time="0.00799999999999557" classname="Analysis_functions_afun_" name=".spl_context_and_afun_extra_parameters_contain_information_about_combo_counts"/>
    <testcase time="0.00300000000000011" classname="Analysis_functions_afun_" name=".spl_context_and_afun_extra_parameters_contain_information_about_combo_counts"/>
    <testcase time="0.0109999999999957" classname="Analysis_functions_afun_" name=".spl_context_and_afun_extra_parameters_contain_information_about_combo_counts"/>
    <testcase time="0.00200000000000955" classname="Analysis_functions_afun_" name=".spl_context_and_afun_extra_parameters_contain_information_about_combo_counts"/>
    <testcase time="0.00199999999999534" classname="Analysis_functions_afun_" name=".spl_context_and_afun_extra_parameters_contain_information_about_combo_counts"/>
    <testcase time="0.00199999999999534" classname="Analysis_functions_afun_" name=".spl_context_and_afun_extra_parameters_contain_information_about_combo_counts"/>
    <testcase time="0.00200000000000955" classname="Analysis_functions_afun_" name=".spl_context_and_afun_extra_parameters_contain_information_about_combo_counts"/>
    <testcase time="0.00300000000000011" classname="Analysis_functions_afun_" name=".spl_context_and_afun_extra_parameters_contain_information_about_combo_counts"/>
    <testcase time="0.00199999999999534" classname="Analysis_functions_afun_" name=".spl_context_and_afun_extra_parameters_contain_information_about_combo_counts"/>
    <testcase time="0.00600000000000023" classname="Analysis_functions_afun_" name=".spl_context_and_afun_extra_parameters_contain_information_about_combo_counts"/>
    <testcase time="0.00300000000000011" classname="Analysis_functions_afun_" name=".spl_context_and_afun_extra_parameters_contain_information_about_combo_counts"/>
    <testcase time="0.0109999999999957" classname="Analysis_functions_afun_" name=".spl_context_and_afun_extra_parameters_contain_information_about_combo_counts"/>
    <testcase time="0.00300000000000011" classname="Analysis_functions_afun_" name=".spl_context_and_afun_extra_parameters_contain_information_about_combo_counts"/>
    <testcase time="0.00200000000000955" classname="Analysis_functions_afun_" name=".spl_context_and_afun_extra_parameters_contain_information_about_combo_counts"/>
    <testcase time="0.00199999999999534" classname="Analysis_functions_afun_" name=".spl_context_and_afun_extra_parameters_contain_information_about_combo_counts"/>
    <testcase time="0.00199999999999534" classname="Analysis_functions_afun_" name=".spl_context_and_afun_extra_parameters_contain_information_about_combo_counts"/>
    <testcase time="0.00200000000000955" classname="Analysis_functions_afun_" name=".spl_context_and_afun_extra_parameters_contain_information_about_combo_counts"/>
    <testcase time="0.00300000000000011" classname="Analysis_functions_afun_" name=".spl_context_and_afun_extra_parameters_contain_information_about_combo_counts"/>
    <testcase time="0.00600000000000023" classname="Analysis_functions_afun_" name=".spl_context_and_afun_extra_parameters_contain_information_about_combo_counts"/>
    <testcase time="0.00300000000000011" classname="Analysis_functions_afun_" name=".spl_context_and_afun_extra_parameters_contain_information_about_combo_counts"/>
    <testcase time="0.0279999999999916" classname="Analysis_functions_afun_" name=".spl_context_and_afun_extra_parameters_contain_information_about_combo_counts"/>
    <testcase time="0.0150000000000006" classname="Analysis_functions_afun_" name=".spl_context_and_afun_extra_parameters_contain_information_about_combo_counts"/>
    <testcase time="0.00300000000000011" classname="Analysis_functions_afun_" name=".spl_context_and_afun_extra_parameters_contain_information_about_combo_counts"/>
    <testcase time="0.00199999999999534" classname="Analysis_functions_afun_" name=".spl_context_and_afun_extra_parameters_contain_information_about_combo_counts"/>
    <testcase time="0.00300000000000011" classname="Analysis_functions_afun_" name=".spl_context_and_afun_extra_parameters_contain_information_about_combo_counts"/>
    <testcase time="0.00300000000000011" classname="Analysis_functions_afun_" name=".spl_context_and_afun_extra_parameters_contain_information_about_combo_counts"/>
    <testcase time="0.00300000000000011" classname="Analysis_functions_afun_" name=".spl_context_and_afun_extra_parameters_contain_information_about_combo_counts"/>
    <testcase time="0.00300000000000011" classname="Analysis_functions_afun_" name=".spl_context_and_afun_extra_parameters_contain_information_about_combo_counts"/>
    <testcase time="0.00600000000000023" classname="Analysis_functions_afun_" name=".spl_context_and_afun_extra_parameters_contain_information_about_combo_counts"/>
    <testcase time="0.00300000000000011" classname="Analysis_functions_afun_" name=".spl_context_and_afun_extra_parameters_contain_information_about_combo_counts"/>
    <testcase time="0.0110000000000099" classname="Analysis_functions_afun_" name=".spl_context_and_afun_extra_parameters_contain_information_about_combo_counts"/>
    <testcase time="0.00300000000000011" classname="Analysis_functions_afun_" name=".spl_context_and_afun_extra_parameters_contain_information_about_combo_counts"/>
    <testcase time="0.00199999999999534" classname="Analysis_functions_afun_" name=".spl_context_and_afun_extra_parameters_contain_information_about_combo_counts"/>
    <testcase time="0.00199999999999534" classname="Analysis_functions_afun_" name=".spl_context_and_afun_extra_parameters_contain_information_about_combo_counts"/>
    <testcase time="0.00200000000000955" classname="Analysis_functions_afun_" name=".spl_context_and_afun_extra_parameters_contain_information_about_combo_counts"/>
    <testcase time="0.00199999999999534" classname="Analysis_functions_afun_" name=".spl_context_and_afun_extra_parameters_contain_information_about_combo_counts"/>
    <testcase time="0.00300000000000011" classname="Analysis_functions_afun_" name=".spl_context_and_afun_extra_parameters_contain_information_about_combo_counts"/>
    <testcase time="0.00600000000000023" classname="Analysis_functions_afun_" name=".spl_context_and_afun_extra_parameters_contain_information_about_combo_counts"/>
    <testcase time="0.00400000000000489" classname="Analysis_functions_afun_" name=".spl_context_and_afun_extra_parameters_contain_information_about_combo_counts"/>
    <testcase time="0.00399999999999068" classname="Analysis_functions_afun_" name=".spl_context_and_afun_extra_parameters_contain_information_about_combo_counts"/>
    <testcase time="0.00300000000000011" classname="Analysis_functions_afun_" name=".spl_context_and_afun_extra_parameters_contain_information_about_combo_counts"/>
    <testcase time="0.0120000000000005" classname="Analysis_functions_afun_" name=".spl_context_and_afun_extra_parameters_contain_information_about_combo_counts"/>
    <testcase time="0.00200000000000955" classname="Analysis_functions_afun_" name=".spl_context_and_afun_extra_parameters_contain_information_about_combo_counts"/>
    <testcase time="0.00199999999999534" classname="Analysis_functions_afun_" name=".spl_context_and_afun_extra_parameters_contain_information_about_combo_counts"/>
    <testcase time="0.00199999999999534" classname="Analysis_functions_afun_" name=".spl_context_and_afun_extra_parameters_contain_information_about_combo_counts"/>
    <testcase time="0.00200000000000955" classname="Analysis_functions_afun_" name=".spl_context_and_afun_extra_parameters_contain_information_about_combo_counts"/>
    <testcase time="0.00300000000000011" classname="Analysis_functions_afun_" name=".spl_context_and_afun_extra_parameters_contain_information_about_combo_counts"/>
    <testcase time="0.00199999999999534" classname="Analysis_functions_afun_" name=".spl_context_and_afun_extra_parameters_contain_information_about_combo_counts"/>
    <testcase time="0.00600000000000023" classname="Analysis_functions_afun_" name=".spl_context_and_afun_extra_parameters_contain_information_about_combo_counts"/>
    <testcase time="0.00300000000000011" classname="Analysis_functions_afun_" name=".spl_context_and_afun_extra_parameters_contain_information_about_combo_counts"/>
    <testcase time="0.0179999999999865" classname="Analysis_functions_afun_" name=".spl_context_and_afun_extra_parameters_contain_information_about_combo_counts"/>
    <testcase time="0.00400000000000489" classname="Analysis_functions_afun_" name=".spl_context_and_afun_extra_parameters_contain_information_about_combo_counts"/>
    <testcase time="0.00300000000000011" classname="Analysis_functions_afun_" name=".spl_context_and_afun_extra_parameters_contain_information_about_combo_counts"/>
    <testcase time="0.00300000000000011" classname="Analysis_functions_afun_" name=".spl_context_and_afun_extra_parameters_contain_information_about_combo_counts"/>
    <testcase time="0.00300000000000011" classname="Analysis_functions_afun_" name=".spl_context_and_afun_extra_parameters_contain_information_about_combo_counts"/>
    <testcase time="0.00300000000000011" classname="Analysis_functions_afun_" name=".spl_context_and_afun_extra_parameters_contain_information_about_combo_counts"/>
    <testcase time="0.00300000000000011" classname="Analysis_functions_afun_" name=".spl_context_and_afun_extra_parameters_contain_information_about_combo_counts"/>
    <testcase time="0.007000000000005" classname="Analysis_functions_afun_" name=".spl_context_and_afun_extra_parameters_contain_information_about_combo_counts"/>
    <testcase time="0.00300000000000011" classname="Analysis_functions_afun_" name=".spl_context_and_afun_extra_parameters_contain_information_about_combo_counts"/>
    <testcase time="0.0120000000000005" classname="Analysis_functions_afun_" name=".spl_context_and_afun_extra_parameters_contain_information_about_combo_counts"/>
    <testcase time="0.00199999999999534" classname="Analysis_functions_afun_" name=".spl_context_and_afun_extra_parameters_contain_information_about_combo_counts"/>
    <testcase time="0.00199999999999534" classname="Analysis_functions_afun_" name=".spl_context_and_afun_extra_parameters_contain_information_about_combo_counts"/>
    <testcase time="0.00300000000000011" classname="Analysis_functions_afun_" name=".spl_context_and_afun_extra_parameters_contain_information_about_combo_counts"/>
    <testcase time="0.00200000000000955" classname="Analysis_functions_afun_" name=".spl_context_and_afun_extra_parameters_contain_information_about_combo_counts"/>
    <testcase time="0.00199999999999534" classname="Analysis_functions_afun_" name=".spl_context_and_afun_extra_parameters_contain_information_about_combo_counts"/>
    <testcase time="0.00300000000000011" classname="Analysis_functions_afun_" name=".spl_context_and_afun_extra_parameters_contain_information_about_combo_counts"/>
    <testcase time="0.00600000000000023" classname="Analysis_functions_afun_" name=".spl_context_and_afun_extra_parameters_contain_information_about_combo_counts"/>
    <testcase time="0.00400000000000489" classname="Analysis_functions_afun_" name=".spl_context_and_afun_extra_parameters_contain_information_about_combo_counts"/>
    <testcase time="0.0109999999999957" classname="Analysis_functions_afun_" name=".spl_context_and_afun_extra_parameters_contain_information_about_combo_counts"/>
    <testcase time="0.00300000000000011" classname="Analysis_functions_afun_" name=".spl_context_and_afun_extra_parameters_contain_information_about_combo_counts"/>
    <testcase time="0.00199999999999534" classname="Analysis_functions_afun_" name=".spl_context_and_afun_extra_parameters_contain_information_about_combo_counts"/>
    <testcase time="0.00200000000000955" classname="Analysis_functions_afun_" name=".spl_context_and_afun_extra_parameters_contain_information_about_combo_counts"/>
    <testcase time="0.00300000000000011" classname="Analysis_functions_afun_" name=".spl_context_and_afun_extra_parameters_contain_information_about_combo_counts"/>
    <testcase time="0.00199999999999534" classname="Analysis_functions_afun_" name=".spl_context_and_afun_extra_parameters_contain_information_about_combo_counts"/>
    <testcase time="0.00300000000000011" classname="Analysis_functions_afun_" name=".spl_context_and_afun_extra_parameters_contain_information_about_combo_counts"/>
    <testcase time="0.00600000000000023" classname="Analysis_functions_afun_" name=".spl_context_and_afun_extra_parameters_contain_information_about_combo_counts"/>
    <testcase time="0.00400000000000489" classname="Analysis_functions_afun_" name=".spl_context_and_afun_extra_parameters_contain_information_about_combo_counts"/>
    <testcase time="0.0159999999999911" classname="Analysis_functions_afun_" name=".spl_context_and_afun_extra_parameters_contain_information_about_combo_counts"/>
    <testcase time="0.00300000000000011" classname="Analysis_functions_afun_" name=".spl_context_and_afun_extra_parameters_contain_information_about_combo_counts"/>
    <testcase time="0.00400000000000489" classname="Analysis_functions_afun_" name=".spl_context_and_afun_extra_parameters_contain_information_about_combo_counts"/>
    <testcase time="0.00300000000000011" classname="Analysis_functions_afun_" name=".spl_context_and_afun_extra_parameters_contain_information_about_combo_counts"/>
    <testcase time="0.00300000000000011" classname="Analysis_functions_afun_" name=".spl_context_and_afun_extra_parameters_contain_information_about_combo_counts"/>
    <testcase time="0.00399999999999068" classname="Analysis_functions_afun_" name=".spl_context_and_afun_extra_parameters_contain_information_about_combo_counts"/>
    <testcase time="0.00400000000000489" classname="Analysis_functions_afun_" name=".spl_context_and_afun_extra_parameters_contain_information_about_combo_counts"/>
    <testcase time="0.00900000000000034" classname="Analysis_functions_afun_" name=".spl_context_and_afun_extra_parameters_contain_information_about_combo_counts"/>
    <testcase time="0.00400000000000489" classname="Analysis_functions_afun_" name=".spl_context_and_afun_extra_parameters_contain_information_about_combo_counts"/>
    <testcase time="0.0109999999999957" classname="Analysis_functions_afun_" name=".spl_context_and_afun_extra_parameters_contain_information_about_combo_counts"/>
    <testcase time="0.00199999999999534" classname="Analysis_functions_afun_" name=".spl_context_and_afun_extra_parameters_contain_information_about_combo_counts"/>
    <testcase time="0.00300000000000011" classname="Analysis_functions_afun_" name=".spl_context_and_afun_extra_parameters_contain_information_about_combo_counts"/>
    <testcase time="0.00200000000000955" classname="Analysis_functions_afun_" name=".spl_context_and_afun_extra_parameters_contain_information_about_combo_counts"/>
    <testcase time="0.00300000000000011" classname="Analysis_functions_afun_" name=".spl_context_and_afun_extra_parameters_contain_information_about_combo_counts"/>
    <testcase time="0.00199999999999534" classname="Analysis_functions_afun_" name=".spl_context_and_afun_extra_parameters_contain_information_about_combo_counts"/>
    <testcase time="0.00300000000000011" classname="Analysis_functions_afun_" name=".spl_context_and_afun_extra_parameters_contain_information_about_combo_counts"/>
    <testcase time="0.00600000000000023" classname="Analysis_functions_afun_" name=".spl_context_and_afun_extra_parameters_contain_information_about_combo_counts"/>
    <testcase time="0.00400000000000489" classname="Analysis_functions_afun_" name=".spl_context_and_afun_extra_parameters_contain_information_about_combo_counts"/>
    <testcase time="0.0349999999999966" classname="Analysis_functions_afun_" name=".spl_context_and_afun_extra_parameters_contain_information_about_combo_counts"/>
    <testcase time="0.0109999999999957" classname="Analysis_functions_afun_" name=".spl_context_and_afun_extra_parameters_contain_information_about_combo_counts"/>
    <testcase time="0.00300000000000011" classname="Analysis_functions_afun_" name=".spl_context_and_afun_extra_parameters_contain_information_about_combo_counts"/>
    <testcase time="0.00200000000000955" classname="Analysis_functions_afun_" name=".spl_context_and_afun_extra_parameters_contain_information_about_combo_counts"/>
    <testcase time="0.00300000000000011" classname="Analysis_functions_afun_" name=".spl_context_and_afun_extra_parameters_contain_information_about_combo_counts"/>
    <testcase time="0.00600000000000023" classname="Analysis_functions_afun_" name=".spl_context_and_afun_extra_parameters_contain_information_about_combo_counts"/>
    <testcase time="0.00399999999999068" classname="Analysis_functions_afun_" name=".spl_context_and_afun_extra_parameters_contain_information_about_combo_counts"/>
    <testcase time="0.00400000000000489" classname="Analysis_functions_afun_" name=".spl_context_and_afun_extra_parameters_contain_information_about_combo_counts"/>
    <testcase time="0.00999999999999091" classname="Analysis_functions_afun_" name=".spl_context_and_afun_extra_parameters_contain_information_about_combo_counts"/>
    <testcase time="0.00400000000000489" classname="Analysis_functions_afun_" name=".spl_context_and_afun_extra_parameters_contain_information_about_combo_counts"/>
    <testcase time="0.0139999999999958" classname="Analysis_functions_afun_" name=".spl_context_and_afun_extra_parameters_contain_information_about_combo_counts"/>
    <testcase time="0.00200000000000955" classname="Analysis_functions_afun_" name=".spl_context_and_afun_extra_parameters_contain_information_about_combo_counts"/>
    <testcase time="0.00200000000000955" classname="Analysis_functions_afun_" name=".spl_context_and_afun_extra_parameters_contain_information_about_combo_counts"/>
    <testcase time="0.00199999999999534" classname="Analysis_functions_afun_" name=".spl_context_and_afun_extra_parameters_contain_information_about_combo_counts"/>
    <testcase time="0.00300000000000011" classname="Analysis_functions_afun_" name=".spl_context_and_afun_extra_parameters_contain_information_about_combo_counts"/>
    <testcase time="0.00199999999999534" classname="Analysis_functions_afun_" name=".spl_context_and_afun_extra_parameters_contain_information_about_combo_counts"/>
    <testcase time="0.00300000000000011" classname="Analysis_functions_afun_" name=".spl_context_and_afun_extra_parameters_contain_information_about_combo_counts"/>
    <testcase time="0.007000000000005" classname="Analysis_functions_afun_" name=".spl_context_and_afun_extra_parameters_contain_information_about_combo_counts"/>
    <testcase time="0.00400000000000489" classname="Analysis_functions_afun_" name=".spl_context_and_afun_extra_parameters_contain_information_about_combo_counts"/>
    <testcase time="0.00300000000000011" classname="Analysis_functions_afun_" name=".spl_context_and_afun_extra_parameters_contain_information_about_combo_counts"/>
    <testcase time="0.00300000000000011" classname="Analysis_functions_afun_" name=".spl_context_and_afun_extra_parameters_contain_information_about_combo_counts"/>
    <testcase time="0.0120000000000005" classname="Analysis_functions_afun_" name=".spl_context_and_afun_extra_parameters_contain_information_about_combo_counts"/>
    <testcase time="0.00200000000000955" classname="Analysis_functions_afun_" name=".spl_context_and_afun_extra_parameters_contain_information_about_combo_counts"/>
    <testcase time="0.00300000000000011" classname="Analysis_functions_afun_" name=".spl_context_and_afun_extra_parameters_contain_information_about_combo_counts"/>
    <testcase time="0.00300000000000011" classname="Analysis_functions_afun_" name=".spl_context_and_afun_extra_parameters_contain_information_about_combo_counts"/>
    <testcase time="0.00199999999999534" classname="Analysis_functions_afun_" name=".spl_context_and_afun_extra_parameters_contain_information_about_combo_counts"/>
    <testcase time="0.00300000000000011" classname="Analysis_functions_afun_" name=".spl_context_and_afun_extra_parameters_contain_information_about_combo_counts"/>
    <testcase time="0.00300000000000011" classname="Analysis_functions_afun_" name=".spl_context_and_afun_extra_parameters_contain_information_about_combo_counts"/>
    <testcase time="0.00600000000000023" classname="Analysis_functions_afun_" name=".spl_context_and_afun_extra_parameters_contain_information_about_combo_counts"/>
    <testcase time="0.00400000000000489" classname="Analysis_functions_afun_" name=".spl_context_and_afun_extra_parameters_contain_information_about_combo_counts"/>
    <testcase time="0.0109999999999957" classname="Analysis_functions_afun_" name=".spl_context_and_afun_extra_parameters_contain_information_about_combo_counts"/>
    <testcase time="0.00199999999999534" classname="Analysis_functions_afun_" name=".spl_context_and_afun_extra_parameters_contain_information_about_combo_counts"/>
    <testcase time="0.00799999999999557" classname="Analysis_functions_afun_" name=".spl_context_and_afun_extra_parameters_contain_information_about_combo_counts"/>
    <testcase time="0.00300000000000011" classname="Analysis_functions_afun_" name=".spl_context_and_afun_extra_parameters_contain_information_about_combo_counts"/>
    <testcase time="0.00400000000000489" classname="Analysis_functions_afun_" name=".spl_context_and_afun_extra_parameters_contain_information_about_combo_counts"/>
    <testcase time="0.00300000000000011" classname="Analysis_functions_afun_" name=".spl_context_and_afun_extra_parameters_contain_information_about_combo_counts"/>
    <testcase time="0.00499999999999545" classname="Analysis_functions_afun_" name=".spl_context_and_afun_extra_parameters_contain_information_about_combo_counts"/>
    <testcase time="0.00900000000000034" classname="Analysis_functions_afun_" name=".spl_context_and_afun_extra_parameters_contain_information_about_combo_counts"/>
    <testcase time="0.00400000000000489" classname="Analysis_functions_afun_" name=".spl_context_and_afun_extra_parameters_contain_information_about_combo_counts"/>
    <testcase time="0.0120000000000005" classname="Analysis_functions_afun_" name=".spl_context_and_afun_extra_parameters_contain_information_about_combo_counts"/>
    <testcase time="0.00300000000000011" classname="Analysis_functions_afun_" name=".spl_context_and_afun_extra_parameters_contain_information_about_combo_counts"/>
    <testcase time="0.00199999999999534" classname="Analysis_functions_afun_" name=".spl_context_and_afun_extra_parameters_contain_information_about_combo_counts"/>
    <testcase time="0.00300000000000011" classname="Analysis_functions_afun_" name=".spl_context_and_afun_extra_parameters_contain_information_about_combo_counts"/>
    <testcase time="0.00300000000000011" classname="Analysis_functions_afun_" name=".spl_context_and_afun_extra_parameters_contain_information_about_combo_counts"/>
    <testcase time="0.00199999999999534" classname="Analysis_functions_afun_" name=".spl_context_and_afun_extra_parameters_contain_information_about_combo_counts"/>
    <testcase time="0.00400000000000489" classname="Analysis_functions_afun_" name=".spl_context_and_afun_extra_parameters_contain_information_about_combo_counts"/>
    <testcase time="0.00600000000000023" classname="Analysis_functions_afun_" name=".spl_context_and_afun_extra_parameters_contain_information_about_combo_counts"/>
    <testcase time="0.00400000000000489" classname="Analysis_functions_afun_" name=".spl_context_and_afun_extra_parameters_contain_information_about_combo_counts"/>
    <testcase time="0.0120000000000005" classname="Analysis_functions_afun_" name=".spl_context_and_afun_extra_parameters_contain_information_about_combo_counts"/>
    <testcase time="0.00199999999999534" classname="Analysis_functions_afun_" name=".spl_context_and_afun_extra_parameters_contain_information_about_combo_counts"/>
    <testcase time="0.00300000000000011" classname="Analysis_functions_afun_" name=".spl_context_and_afun_extra_parameters_contain_information_about_combo_counts"/>
    <testcase time="0.00300000000000011" classname="Analysis_functions_afun_" name=".spl_context_and_afun_extra_parameters_contain_information_about_combo_counts"/>
    <testcase time="0.00199999999999534" classname="Analysis_functions_afun_" name=".spl_context_and_afun_extra_parameters_contain_information_about_combo_counts"/>
    <testcase time="0.00300000000000011" classname="Analysis_functions_afun_" name=".spl_context_and_afun_extra_parameters_contain_information_about_combo_counts"/>
    <testcase time="0.00300000000000011" classname="Analysis_functions_afun_" name=".spl_context_and_afun_extra_parameters_contain_information_about_combo_counts"/>
    <testcase time="0.007000000000005" classname="Analysis_functions_afun_" name=".spl_context_and_afun_extra_parameters_contain_information_about_combo_counts"/>
    <testcase time="0.00300000000000011" classname="Analysis_functions_afun_" name=".spl_context_and_afun_extra_parameters_contain_information_about_combo_counts"/>
    <testcase time="0.0120000000000005" classname="Analysis_functions_afun_" name=".spl_context_and_afun_extra_parameters_contain_information_about_combo_counts"/>
    <testcase time="0.00799999999999557" classname="Analysis_functions_afun_" name=".spl_context_and_afun_extra_parameters_contain_information_about_combo_counts"/>
    <testcase time="0.00400000000000489" classname="Analysis_functions_afun_" name=".spl_context_and_afun_extra_parameters_contain_information_about_combo_counts"/>
    <testcase time="0.00399999999999068" classname="Analysis_functions_afun_" name=".spl_context_and_afun_extra_parameters_contain_information_about_combo_counts"/>
    <testcase time="0.00300000000000011" classname="Analysis_functions_afun_" name=".spl_context_and_afun_extra_parameters_contain_information_about_combo_counts"/>
    <testcase time="0.00400000000000489" classname="Analysis_functions_afun_" name=".spl_context_and_afun_extra_parameters_contain_information_about_combo_counts"/>
    <testcase time="0.00400000000000489" classname="Analysis_functions_afun_" name=".spl_context_and_afun_extra_parameters_contain_information_about_combo_counts"/>
    <testcase time="0.00900000000000034" classname="Analysis_functions_afun_" name=".spl_context_and_afun_extra_parameters_contain_information_about_combo_counts"/>
    <testcase time="0.00399999999999068" classname="Analysis_functions_afun_" name=".spl_context_and_afun_extra_parameters_contain_information_about_combo_counts"/>
    <testcase time="0.0120000000000005" classname="Analysis_functions_afun_" name=".spl_context_and_afun_extra_parameters_contain_information_about_combo_counts"/>
    <testcase time="0.00200000000000955" classname="Analysis_functions_afun_" name=".spl_context_and_afun_extra_parameters_contain_information_about_combo_counts"/>
    <testcase time="0.00300000000000011" classname="Analysis_functions_afun_" name=".spl_context_and_afun_extra_parameters_contain_information_about_combo_counts"/>
    <testcase time="0.00300000000000011" classname="Analysis_functions_afun_" name=".spl_context_and_afun_extra_parameters_contain_information_about_combo_counts"/>
    <testcase time="0.00199999999999534" classname="Analysis_functions_afun_" name=".spl_context_and_afun_extra_parameters_contain_information_about_combo_counts"/>
    <testcase time="0.00300000000000011" classname="Analysis_functions_afun_" name=".spl_context_and_afun_extra_parameters_contain_information_about_combo_counts"/>
    <testcase time="0.00300000000000011" classname="Analysis_functions_afun_" name=".spl_context_and_afun_extra_parameters_contain_information_about_combo_counts"/>
    <testcase time="0.007000000000005" classname="Analysis_functions_afun_" name=".spl_context_and_afun_extra_parameters_contain_information_about_combo_counts"/>
    <testcase time="0.00399999999999068" classname="Analysis_functions_afun_" name=".spl_context_and_afun_extra_parameters_contain_information_about_combo_counts"/>
    <testcase time="0.0230000000000103" classname="Analysis_functions_afun_" name=".spl_context_and_afun_extra_parameters_contain_information_about_combo_counts"/>
    <testcase time="0.0120000000000005" classname="Analysis_functions_afun_" name=".spl_context_and_afun_extra_parameters_contain_information_about_combo_counts"/>
    <testcase time="0.00199999999999534" classname="Analysis_functions_afun_" name=".spl_context_and_afun_extra_parameters_contain_information_about_combo_counts"/>
    <testcase time="0.00300000000000011" classname="Analysis_functions_afun_" name=".spl_context_and_afun_extra_parameters_contain_information_about_combo_counts"/>
    <testcase time="0.00300000000000011" classname="Analysis_functions_afun_" name=".spl_context_and_afun_extra_parameters_contain_information_about_combo_counts"/>
    <testcase time="0.00199999999999534" classname="Analysis_functions_afun_" name=".spl_context_and_afun_extra_parameters_contain_information_about_combo_counts"/>
    <testcase time="0.00900000000000034" classname="Analysis_functions_afun_" name=".spl_context_and_afun_extra_parameters_contain_information_about_combo_counts"/>
    <testcase time="0.00400000000000489" classname="Analysis_functions_afun_" name=".spl_context_and_afun_extra_parameters_contain_information_about_combo_counts"/>
    <testcase time="0.00999999999999091" classname="Analysis_functions_afun_" name=".spl_context_and_afun_extra_parameters_contain_information_about_combo_counts"/>
    <testcase time="0.00500000000000966" classname="Analysis_functions_afun_" name=".spl_context_and_afun_extra_parameters_contain_information_about_combo_counts"/>
    <testcase time="0.0139999999999958" classname="Analysis_functions_afun_" name=".spl_context_and_afun_extra_parameters_contain_information_about_combo_counts"/>
    <testcase time="0.00300000000000011" classname="Analysis_functions_afun_" name=".spl_context_and_afun_extra_parameters_contain_information_about_combo_counts"/>
    <testcase time="0.00199999999999534" classname="Analysis_functions_afun_" name=".spl_context_and_afun_extra_parameters_contain_information_about_combo_counts"/>
    <testcase time="0.00300000000000011" classname="Analysis_functions_afun_" name=".spl_context_and_afun_extra_parameters_contain_information_about_combo_counts"/>
    <testcase time="0.00300000000000011" classname="Analysis_functions_afun_" name=".spl_context_and_afun_extra_parameters_contain_information_about_combo_counts"/>
    <testcase time="0.00300000000000011" classname="Analysis_functions_afun_" name=".spl_context_and_afun_extra_parameters_contain_information_about_combo_counts"/>
    <testcase time="0.00300000000000011" classname="Analysis_functions_afun_" name=".spl_context_and_afun_extra_parameters_contain_information_about_combo_counts"/>
    <testcase time="0.007000000000005" classname="Analysis_functions_afun_" name=".spl_context_and_afun_extra_parameters_contain_information_about_combo_counts"/>
    <testcase time="0.00400000000000489" classname="Analysis_functions_afun_" name=".spl_context_and_afun_extra_parameters_contain_information_about_combo_counts"/>
    <testcase time="0.00399999999999068" classname="Analysis_functions_afun_" name=".spl_context_and_afun_extra_parameters_contain_information_about_combo_counts"/>
    <testcase time="0.00400000000000489" classname="Analysis_functions_afun_" name=".spl_context_and_afun_extra_parameters_contain_information_about_combo_counts"/>
    <testcase time="0.0120000000000005" classname="Analysis_functions_afun_" name=".spl_context_and_afun_extra_parameters_contain_information_about_combo_counts"/>
    <testcase time="0.00199999999999534" classname="Analysis_functions_afun_" name=".spl_context_and_afun_extra_parameters_contain_information_about_combo_counts"/>
    <testcase time="0.00300000000000011" classname="Analysis_functions_afun_" name=".spl_context_and_afun_extra_parameters_contain_information_about_combo_counts"/>
    <testcase time="0.00300000000000011" classname="Analysis_functions_afun_" name=".spl_context_and_afun_extra_parameters_contain_information_about_combo_counts"/>
    <testcase time="0.00300000000000011" classname="Analysis_functions_afun_" name=".spl_context_and_afun_extra_parameters_contain_information_about_combo_counts"/>
    <testcase time="0.00200000000000955" classname="Analysis_functions_afun_" name=".spl_context_and_afun_extra_parameters_contain_information_about_combo_counts"/>
    <testcase time="0.00399999999999068" classname="Analysis_functions_afun_" name=".spl_context_and_afun_extra_parameters_contain_information_about_combo_counts"/>
    <testcase time="0.00600000000000023" classname="Analysis_functions_afun_" name=".spl_context_and_afun_extra_parameters_contain_information_about_combo_counts"/>
    <testcase time="0.00400000000000489" classname="Analysis_functions_afun_" name=".spl_context_and_afun_extra_parameters_contain_information_about_combo_counts"/>
    <testcase time="0.0180000000000007" classname="Analysis_functions_afun_" name=".spl_context_and_afun_extra_parameters_contain_information_about_combo_counts"/>
    <testcase time="0.00399999999999068" classname="Analysis_functions_afun_" name=".spl_context_and_afun_extra_parameters_contain_information_about_combo_counts"/>
    <testcase time="0.00400000000000489" classname="Analysis_functions_afun_" name=".spl_context_and_afun_extra_parameters_contain_information_about_combo_counts"/>
    <testcase time="0.00400000000000489" classname="Analysis_functions_afun_" name=".spl_context_and_afun_extra_parameters_contain_information_about_combo_counts"/>
    <testcase time="0.00399999999999068" classname="Analysis_functions_afun_" name=".spl_context_and_afun_extra_parameters_contain_information_about_combo_counts"/>
    <testcase time="0.00400000000000489" classname="Analysis_functions_afun_" name=".spl_context_and_afun_extra_parameters_contain_information_about_combo_counts"/>
    <testcase time="0.00400000000000489" classname="Analysis_functions_afun_" name=".spl_context_and_afun_extra_parameters_contain_information_about_combo_counts"/>
    <testcase time="0.00699999999999079" classname="Analysis_functions_afun_" name=".spl_context_and_afun_extra_parameters_contain_information_about_combo_counts"/>
    <testcase time="0.00400000000000489" classname="Analysis_functions_afun_" name=".spl_context_and_afun_extra_parameters_contain_information_about_combo_counts"/>
    <testcase time="0.0120000000000005" classname="Analysis_functions_afun_" name=".spl_context_and_afun_extra_parameters_contain_information_about_combo_counts"/>
    <testcase time="0.00300000000000011" classname="Analysis_functions_afun_" name=".spl_context_and_afun_extra_parameters_contain_information_about_combo_counts"/>
    <testcase time="0.00300000000000011" classname="Analysis_functions_afun_" name=".spl_context_and_afun_extra_parameters_contain_information_about_combo_counts"/>
    <testcase time="0.00300000000000011" classname="Analysis_functions_afun_" name=".spl_context_and_afun_extra_parameters_contain_information_about_combo_counts"/>
    <testcase time="0.00199999999999534" classname="Analysis_functions_afun_" name=".spl_context_and_afun_extra_parameters_contain_information_about_combo_counts"/>
    <testcase time="0.00300000000000011" classname="Analysis_functions_afun_" name=".spl_context_and_afun_extra_parameters_contain_information_about_combo_counts"/>
    <testcase time="0.00400000000000489" classname="Analysis_functions_afun_" name=".spl_context_and_afun_extra_parameters_contain_information_about_combo_counts"/>
    <testcase time="0.00600000000000023" classname="Analysis_functions_afun_" name=".spl_context_and_afun_extra_parameters_contain_information_about_combo_counts"/>
    <testcase time="0.00499999999999545" classname="Analysis_functions_afun_" name=".spl_context_and_afun_extra_parameters_contain_information_about_combo_counts"/>
    <testcase time="0.0110000000000099" classname="Analysis_functions_afun_" name=".spl_context_and_afun_extra_parameters_contain_information_about_combo_counts"/>
    <testcase time="0.00300000000000011" classname="Analysis_functions_afun_" name=".spl_context_and_afun_extra_parameters_contain_information_about_combo_counts"/>
    <testcase time="0.00300000000000011" classname="Analysis_functions_afun_" name=".spl_context_and_afun_extra_parameters_contain_information_about_combo_counts"/>
    <testcase time="0.00300000000000011" classname="Analysis_functions_afun_" name=".spl_context_and_afun_extra_parameters_contain_information_about_combo_counts"/>
    <testcase time="0.00300000000000011" classname="Analysis_functions_afun_" name=".spl_context_and_afun_extra_parameters_contain_information_about_combo_counts"/>
    <testcase time="0.00199999999999534" classname="Analysis_functions_afun_" name=".spl_context_and_afun_extra_parameters_contain_information_about_combo_counts"/>
    <testcase time="0.00400000000000489" classname="Analysis_functions_afun_" name=".spl_context_and_afun_extra_parameters_contain_information_about_combo_counts"/>
    <testcase time="0.012999999999991" classname="Analysis_functions_afun_" name=".spl_context_and_afun_extra_parameters_contain_information_about_combo_counts"/>
    <testcase time="0.00600000000000023" classname="Analysis_functions_afun_" name=".spl_context_and_afun_extra_parameters_contain_information_about_combo_counts"/>
    <testcase time="0.0160000000000053" classname="Analysis_functions_afun_" name=".spl_context_and_afun_extra_parameters_contain_information_about_combo_counts"/>
    <testcase time="0.00399999999999068" classname="Analysis_functions_afun_" name=".spl_context_and_afun_extra_parameters_contain_information_about_combo_counts"/>
    <testcase time="0.00300000000000011" classname="Analysis_functions_afun_" name=".spl_context_and_afun_extra_parameters_contain_information_about_combo_counts"/>
    <testcase time="0.00300000000000011" classname="Analysis_functions_afun_" name=".spl_context_and_afun_extra_parameters_contain_information_about_combo_counts"/>
    <testcase time="0.00300000000000011" classname="Analysis_functions_afun_" name=".spl_context_and_afun_extra_parameters_contain_information_about_combo_counts"/>
    <testcase time="0.00300000000000011" classname="Analysis_functions_afun_" name=".spl_context_and_afun_extra_parameters_contain_information_about_combo_counts"/>
    <testcase time="0.00300000000000011" classname="Analysis_functions_afun_" name=".spl_context_and_afun_extra_parameters_contain_information_about_combo_counts"/>
    <testcase time="0.007000000000005" classname="Analysis_functions_afun_" name=".spl_context_and_afun_extra_parameters_contain_information_about_combo_counts"/>
    <testcase time="0.00400000000000489" classname="Analysis_functions_afun_" name=".spl_context_and_afun_extra_parameters_contain_information_about_combo_counts"/>
    <testcase time="0.0120000000000005" classname="Analysis_functions_afun_" name=".spl_context_and_afun_extra_parameters_contain_information_about_combo_counts"/>
    <testcase time="0.00300000000000011" classname="Analysis_functions_afun_" name=".spl_context_and_afun_extra_parameters_contain_information_about_combo_counts"/>
    <testcase time="0.00300000000000011" classname="Analysis_functions_afun_" name=".spl_context_and_afun_extra_parameters_contain_information_about_combo_counts"/>
    <testcase time="0.00300000000000011" classname="Analysis_functions_afun_" name=".spl_context_and_afun_extra_parameters_contain_information_about_combo_counts"/>
    <testcase time="0.00300000000000011" classname="Analysis_functions_afun_" name=".spl_context_and_afun_extra_parameters_contain_information_about_combo_counts"/>
    <testcase time="0.00300000000000011" classname="Analysis_functions_afun_" name=".spl_context_and_afun_extra_parameters_contain_information_about_combo_counts"/>
    <testcase time="0.00300000000000011" classname="Analysis_functions_afun_" name=".spl_context_and_afun_extra_parameters_contain_information_about_combo_counts"/>
    <testcase time="0.00699999999999079" classname="Analysis_functions_afun_" name=".spl_context_and_afun_extra_parameters_contain_information_about_combo_counts"/>
    <testcase time="0.00400000000000489" classname="Analysis_functions_afun_" name=".spl_context_and_afun_extra_parameters_contain_information_about_combo_counts"/>
    <testcase time="0.0450000000000017" classname="Analysis_functions_afun_" name=".spl_context_and_afun_extra_parameters_contain_information_about_combo_counts"/>
    <testcase time="0.0159999999999911" classname="Analysis_functions_afun_" name=".spl_context_and_afun_extra_parameters_contain_information_about_combo_counts"/>
    <testcase time="0.00300000000000011" classname="Analysis_functions_afun_" name=".spl_context_and_afun_extra_parameters_contain_information_about_combo_counts"/>
    <testcase time="0.00300000000000011" classname="Analysis_functions_afun_" name=".spl_context_and_afun_extra_parameters_contain_information_about_combo_counts"/>
    <testcase time="0.00300000000000011" classname="Analysis_functions_afun_" name=".spl_context_and_afun_extra_parameters_contain_information_about_combo_counts"/>
    <testcase time="0.00300000000000011" classname="Analysis_functions_afun_" name=".spl_context_and_afun_extra_parameters_contain_information_about_combo_counts"/>
    <testcase time="0.00300000000000011" classname="Analysis_functions_afun_" name=".spl_context_and_afun_extra_parameters_contain_information_about_combo_counts"/>
    <testcase time="0.00300000000000011" classname="Analysis_functions_afun_" name=".spl_context_and_afun_extra_parameters_contain_information_about_combo_counts"/>
    <testcase time="0.007000000000005" classname="Analysis_functions_afun_" name=".spl_context_and_afun_extra_parameters_contain_information_about_combo_counts"/>
    <testcase time="0.00499999999999545" classname="Analysis_functions_afun_" name=".spl_context_and_afun_extra_parameters_contain_information_about_combo_counts"/>
    <testcase time="0.0120000000000005" classname="Analysis_functions_afun_" name=".spl_context_and_afun_extra_parameters_contain_information_about_combo_counts"/>
    <testcase time="0.00300000000000011" classname="Analysis_functions_afun_" name=".spl_context_and_afun_extra_parameters_contain_information_about_combo_counts"/>
    <testcase time="0.00300000000000011" classname="Analysis_functions_afun_" name=".spl_context_and_afun_extra_parameters_contain_information_about_combo_counts"/>
    <testcase time="0.00300000000000011" classname="Analysis_functions_afun_" name=".spl_context_and_afun_extra_parameters_contain_information_about_combo_counts"/>
    <testcase time="0.00300000000000011" classname="Analysis_functions_afun_" name=".spl_context_and_afun_extra_parameters_contain_information_about_combo_counts"/>
    <testcase time="0.00300000000000011" classname="Analysis_functions_afun_" name=".spl_context_and_afun_extra_parameters_contain_information_about_combo_counts"/>
    <testcase time="0.00400000000000489" classname="Analysis_functions_afun_" name=".spl_context_and_afun_extra_parameters_contain_information_about_combo_counts"/>
    <testcase time="0.007000000000005" classname="Analysis_functions_afun_" name=".spl_context_and_afun_extra_parameters_contain_information_about_combo_counts"/>
    <testcase time="0.00399999999999068" classname="Analysis_functions_afun_" name=".spl_context_and_afun_extra_parameters_contain_information_about_combo_counts"/>
    <testcase time="0.00400000000000489" classname="Analysis_functions_afun_" name=".spl_context_and_afun_extra_parameters_contain_information_about_combo_counts"/>
    <testcase time="0.00400000000000489" classname="Analysis_functions_afun_" name=".spl_context_and_afun_extra_parameters_contain_information_about_combo_counts"/>
    <testcase time="0.019999999999996" classname="Analysis_functions_afun_" name=".spl_context_and_afun_extra_parameters_contain_information_about_combo_counts"/>
    <testcase time="0.00499999999999545" classname="Analysis_functions_afun_" name=".spl_context_and_afun_extra_parameters_contain_information_about_combo_counts"/>
    <testcase time="0.00400000000000489" classname="Analysis_functions_afun_" name=".spl_context_and_afun_extra_parameters_contain_information_about_combo_counts"/>
    <testcase time="0.00399999999999068" classname="Analysis_functions_afun_" name=".spl_context_and_afun_extra_parameters_contain_information_about_combo_counts"/>
    <testcase time="0.00400000000000489" classname="Analysis_functions_afun_" name=".spl_context_and_afun_extra_parameters_contain_information_about_combo_counts"/>
    <testcase time="0.00300000000000011" classname="Analysis_functions_afun_" name=".spl_context_and_afun_extra_parameters_contain_information_about_combo_counts"/>
    <testcase time="0.00400000000000489" classname="Analysis_functions_afun_" name=".spl_context_and_afun_extra_parameters_contain_information_about_combo_counts"/>
    <testcase time="0.00699999999999079" classname="Analysis_functions_afun_" name=".spl_context_and_afun_extra_parameters_contain_information_about_combo_counts"/>
    <testcase time="0.00400000000000489" classname="Analysis_functions_afun_" name=".spl_context_and_afun_extra_parameters_contain_information_about_combo_counts"/>
    <testcase time="0.0120000000000005" classname="Analysis_functions_afun_" name=".spl_context_and_afun_extra_parameters_contain_information_about_combo_counts"/>
    <testcase time="0.00400000000000489" classname="Analysis_functions_afun_" name=".spl_context_and_afun_extra_parameters_contain_information_about_combo_counts"/>
    <testcase time="0.00300000000000011" classname="Analysis_functions_afun_" name=".spl_context_and_afun_extra_parameters_contain_information_about_combo_counts"/>
    <testcase time="0.00300000000000011" classname="Analysis_functions_afun_" name=".spl_context_and_afun_extra_parameters_contain_information_about_combo_counts"/>
    <testcase time="0.00300000000000011" classname="Analysis_functions_afun_" name=".spl_context_and_afun_extra_parameters_contain_information_about_combo_counts"/>
    <testcase time="0.00300000000000011" classname="Analysis_functions_afun_" name=".spl_context_and_afun_extra_parameters_contain_information_about_combo_counts"/>
    <testcase time="0.00300000000000011" classname="Analysis_functions_afun_" name=".spl_context_and_afun_extra_parameters_contain_information_about_combo_counts"/>
    <testcase time="0.00799999999999557" classname="Analysis_functions_afun_" name=".spl_context_and_afun_extra_parameters_contain_information_about_combo_counts"/>
    <testcase time="0.00400000000000489" classname="Analysis_functions_afun_" name=".spl_context_and_afun_extra_parameters_contain_information_about_combo_counts"/>
    <testcase time="0.0120000000000005" classname="Analysis_functions_afun_" name=".spl_context_and_afun_extra_parameters_contain_information_about_combo_counts"/>
    <testcase time="0.00300000000000011" classname="Analysis_functions_afun_" name=".spl_context_and_afun_extra_parameters_contain_information_about_combo_counts"/>
    <testcase time="0.00300000000000011" classname="Analysis_functions_afun_" name=".spl_context_and_afun_extra_parameters_contain_information_about_combo_counts"/>
    <testcase time="0.00399999999999068" classname="Analysis_functions_afun_" name=".spl_context_and_afun_extra_parameters_contain_information_about_combo_counts"/>
    <testcase time="0.00800000000000978" classname="Analysis_functions_afun_" name=".spl_context_and_afun_extra_parameters_contain_information_about_combo_counts"/>
    <testcase time="0.00499999999999545" classname="Analysis_functions_afun_" name=".spl_context_and_afun_extra_parameters_contain_information_about_combo_counts"/>
    <testcase time="0.00499999999999545" classname="Analysis_functions_afun_" name=".spl_context_and_afun_extra_parameters_contain_information_about_combo_counts"/>
    <testcase time="0.0100000000000051" classname="Analysis_functions_afun_" name=".spl_context_and_afun_extra_parameters_contain_information_about_combo_counts"/>
    <testcase time="0.00600000000000023" classname="Analysis_functions_afun_" name=".spl_context_and_afun_extra_parameters_contain_information_about_combo_counts"/>
    <testcase time="0.012999999999991" classname="Analysis_functions_afun_" name=".spl_context_and_afun_extra_parameters_contain_information_about_combo_counts"/>
    <testcase time="0.00300000000000011" classname="Analysis_functions_afun_" name=".spl_context_and_afun_extra_parameters_contain_information_about_combo_counts"/>
    <testcase time="0.00300000000000011" classname="Analysis_functions_afun_" name=".spl_context_and_afun_extra_parameters_contain_information_about_combo_counts"/>
    <testcase time="0.00300000000000011" classname="Analysis_functions_afun_" name=".spl_context_and_afun_extra_parameters_contain_information_about_combo_counts"/>
    <testcase time="0.00300000000000011" classname="Analysis_functions_afun_" name=".spl_context_and_afun_extra_parameters_contain_information_about_combo_counts"/>
    <testcase time="0.00400000000000489" classname="Analysis_functions_afun_" name=".spl_context_and_afun_extra_parameters_contain_information_about_combo_counts"/>
    <testcase time="0.00300000000000011" classname="Analysis_functions_afun_" name=".spl_context_and_afun_extra_parameters_contain_information_about_combo_counts"/>
    <testcase time="0.007000000000005" classname="Analysis_functions_afun_" name=".spl_context_and_afun_extra_parameters_contain_information_about_combo_counts"/>
    <testcase time="0.00499999999999545" classname="Analysis_functions_afun_" name=".spl_context_and_afun_extra_parameters_contain_information_about_combo_counts"/>
    <testcase time="0.0120000000000005" classname="Analysis_functions_afun_" name=".spl_context_and_afun_extra_parameters_contain_information_about_combo_counts"/>
    <testcase time="0.00300000000000011" classname="Analysis_functions_afun_" name=".spl_context_and_afun_extra_parameters_contain_information_about_combo_counts"/>
    <testcase time="0.00400000000000489" classname="Analysis_functions_afun_" name=".spl_context_and_afun_extra_parameters_contain_information_about_combo_counts"/>
    <testcase time="0.00300000000000011" classname="Analysis_functions_afun_" name=".spl_context_and_afun_extra_parameters_contain_information_about_combo_counts"/>
    <testcase time="0.00300000000000011" classname="Analysis_functions_afun_" name=".spl_context_and_afun_extra_parameters_contain_information_about_combo_counts"/>
    <testcase time="0.00300000000000011" classname="Analysis_functions_afun_" name=".spl_context_and_afun_extra_parameters_contain_information_about_combo_counts"/>
    <testcase time="0.00399999999999068" classname="Analysis_functions_afun_" name=".spl_context_and_afun_extra_parameters_contain_information_about_combo_counts"/>
    <testcase time="0.007000000000005" classname="Analysis_functions_afun_" name=".spl_context_and_afun_extra_parameters_contain_information_about_combo_counts"/>
    <testcase time="0.0100000000000051" classname="Analysis_functions_afun_" name=".spl_context_and_afun_extra_parameters_contain_information_about_combo_counts"/>
    <testcase time="0.0159999999999911" classname="Analysis_functions_afun_" name=".spl_context_and_afun_extra_parameters_contain_information_about_combo_counts"/>
    <testcase time="0.00400000000000489" classname="Analysis_functions_afun_" name=".spl_context_and_afun_extra_parameters_contain_information_about_combo_counts"/>
    <testcase time="0.00499999999999545" classname="Analysis_functions_afun_" name=".spl_context_and_afun_extra_parameters_contain_information_about_combo_counts"/>
    <testcase time="0.00300000000000011" classname="Analysis_functions_afun_" name=".spl_context_and_afun_extra_parameters_contain_information_about_combo_counts"/>
    <testcase time="0.00400000000000489" classname="Analysis_functions_afun_" name=".spl_context_and_afun_extra_parameters_contain_information_about_combo_counts"/>
    <testcase time="0.00300000000000011" classname="Analysis_functions_afun_" name=".spl_context_and_afun_extra_parameters_contain_information_about_combo_counts"/>
    <testcase time="0.00399999999999068" classname="Analysis_functions_afun_" name=".spl_context_and_afun_extra_parameters_contain_information_about_combo_counts"/>
    <testcase time="0.007000000000005" classname="Analysis_functions_afun_" name=".spl_context_and_afun_extra_parameters_contain_information_about_combo_counts"/>
    <testcase time="0.00499999999999545" classname="Analysis_functions_afun_" name=".spl_context_and_afun_extra_parameters_contain_information_about_combo_counts"/>
    <testcase time="0.0230000000000103" classname="Analysis_functions_afun_" name=".spl_context_and_afun_extra_parameters_contain_information_about_combo_counts"/>
    <testcase time="0.012999999999991" classname="Analysis_functions_afun_" name=".spl_context_and_afun_extra_parameters_contain_information_about_combo_counts"/>
    <testcase time="0.00400000000000489" classname="Analysis_functions_afun_" name=".spl_context_and_afun_extra_parameters_contain_information_about_combo_counts"/>
    <testcase time="0.00300000000000011" classname="Analysis_functions_afun_" name=".spl_context_and_afun_extra_parameters_contain_information_about_combo_counts"/>
    <testcase time="0.00400000000000489" classname="Analysis_functions_afun_" name=".spl_context_and_afun_extra_parameters_contain_information_about_combo_counts"/>
    <testcase time="0.00300000000000011" classname="Analysis_functions_afun_" name=".spl_context_and_afun_extra_parameters_contain_information_about_combo_counts"/>
    <testcase time="0.00300000000000011" classname="Analysis_functions_afun_" name=".spl_context_and_afun_extra_parameters_contain_information_about_combo_counts"/>
    <testcase time="0.00399999999999068" classname="Analysis_functions_afun_" name=".spl_context_and_afun_extra_parameters_contain_information_about_combo_counts"/>
    <testcase time="0.0120000000000005" classname="Analysis_functions_afun_" name=".spl_context_and_afun_extra_parameters_contain_information_about_combo_counts"/>
    <testcase time="0.007000000000005" classname="Analysis_functions_afun_" name=".spl_context_and_afun_extra_parameters_contain_information_about_combo_counts"/>
    <testcase time="0.0160000000000053" classname="Analysis_functions_afun_" name=".spl_context_and_afun_extra_parameters_contain_information_about_combo_counts"/>
    <testcase time="0.00399999999999068" classname="Analysis_functions_afun_" name=".spl_context_and_afun_extra_parameters_contain_information_about_combo_counts"/>
    <testcase time="0.00400000000000489" classname="Analysis_functions_afun_" name=".spl_context_and_afun_extra_parameters_contain_information_about_combo_counts"/>
    <testcase time="0.00300000000000011" classname="Analysis_functions_afun_" name=".spl_context_and_afun_extra_parameters_contain_information_about_combo_counts"/>
    <testcase time="0.00300000000000011" classname="Analysis_functions_afun_" name=".spl_context_and_afun_extra_parameters_contain_information_about_combo_counts"/>
    <testcase time="0.00300000000000011" classname="Analysis_functions_afun_" name=".spl_context_and_afun_extra_parameters_contain_information_about_combo_counts"/>
    <testcase time="0.00399999999999068" classname="Analysis_functions_afun_" name=".spl_context_and_afun_extra_parameters_contain_information_about_combo_counts"/>
    <testcase time="0.00800000000000978" classname="Analysis_functions_afun_" name=".spl_context_and_afun_extra_parameters_contain_information_about_combo_counts"/>
    <testcase time="0.00399999999999068" classname="Analysis_functions_afun_" name=".spl_context_and_afun_extra_parameters_contain_information_about_combo_counts"/>
    <testcase time="0.00500000000000966" classname="Analysis_functions_afun_" name=".spl_context_and_afun_extra_parameters_contain_information_about_combo_counts"/>
    <testcase time="0.00399999999999068" classname="Analysis_functions_afun_" name=".spl_context_and_afun_extra_parameters_contain_information_about_combo_counts"/>
    <testcase time="0.0120000000000005" classname="Analysis_functions_afun_" name=".spl_context_and_afun_extra_parameters_contain_information_about_combo_counts"/>
    <testcase time="0.00400000000000489" classname="Analysis_functions_afun_" name=".spl_context_and_afun_extra_parameters_contain_information_about_combo_counts"/>
    <testcase time="0.00300000000000011" classname="Analysis_functions_afun_" name=".spl_context_and_afun_extra_parameters_contain_information_about_combo_counts"/>
    <testcase time="0.00300000000000011" classname="Analysis_functions_afun_" name=".spl_context_and_afun_extra_parameters_contain_information_about_combo_counts"/>
    <testcase time="0.00400000000000489" classname="Analysis_functions_afun_" name=".spl_context_and_afun_extra_parameters_contain_information_about_combo_counts"/>
    <testcase time="0.00300000000000011" classname="Analysis_functions_afun_" name=".spl_context_and_afun_extra_parameters_contain_information_about_combo_counts"/>
    <testcase time="0.00399999999999068" classname="Analysis_functions_afun_" name=".spl_context_and_afun_extra_parameters_contain_information_about_combo_counts"/>
    <testcase time="0.007000000000005" classname="Analysis_functions_afun_" name=".spl_context_and_afun_extra_parameters_contain_information_about_combo_counts"/>
    <testcase time="0.0100000000000051" classname="Analysis_functions_afun_" name=".spl_context_and_afun_extra_parameters_contain_information_about_combo_counts"/>
    <testcase time="0.0159999999999911" classname="Analysis_functions_afun_" name=".spl_context_and_afun_extra_parameters_contain_information_about_combo_counts"/>
    <testcase time="0.00500000000000966" classname="Analysis_functions_afun_" name=".spl_context_and_afun_extra_parameters_contain_information_about_combo_counts"/>
    <testcase time="0.00399999999999068" classname="Analysis_functions_afun_" name=".spl_context_and_afun_extra_parameters_contain_information_about_combo_counts"/>
    <testcase time="0.00400000000000489" classname="Analysis_functions_afun_" name=".spl_context_and_afun_extra_parameters_contain_information_about_combo_counts"/>
    <testcase time="0.00400000000000489" classname="Analysis_functions_afun_" name=".spl_context_and_afun_extra_parameters_contain_information_about_combo_counts"/>
    <testcase time="0.00300000000000011" classname="Analysis_functions_afun_" name=".spl_context_and_afun_extra_parameters_contain_information_about_combo_counts"/>
    <testcase time="0.00399999999999068" classname="Analysis_functions_afun_" name=".spl_context_and_afun_extra_parameters_contain_information_about_combo_counts"/>
    <testcase time="0.007000000000005" classname="Analysis_functions_afun_" name=".spl_context_and_afun_extra_parameters_contain_information_about_combo_counts"/>
    <testcase time="0.00499999999999545" classname="Analysis_functions_afun_" name=".spl_context_and_afun_extra_parameters_contain_information_about_combo_counts"/>
    <testcase time="0.0120000000000005" classname="Analysis_functions_afun_" name=".spl_context_and_afun_extra_parameters_contain_information_about_combo_counts"/>
    <testcase time="0.00300000000000011" classname="Analysis_functions_afun_" name=".spl_context_and_afun_extra_parameters_contain_information_about_combo_counts"/>
    <testcase time="0.00400000000000489" classname="Analysis_functions_afun_" name=".spl_context_and_afun_extra_parameters_contain_information_about_combo_counts"/>
    <testcase time="0.00300000000000011" classname="Analysis_functions_afun_" name=".spl_context_and_afun_extra_parameters_contain_information_about_combo_counts"/>
    <testcase time="0.00399999999999068" classname="Analysis_functions_afun_" name=".spl_context_and_afun_extra_parameters_contain_information_about_combo_counts"/>
    <testcase time="0.00300000000000011" classname="Analysis_functions_afun_" name=".spl_context_and_afun_extra_parameters_contain_information_about_combo_counts"/>
    <testcase time="0.00400000000000489" classname="Analysis_functions_afun_" name=".spl_context_and_afun_extra_parameters_contain_information_about_combo_counts"/>
    <testcase time="0.007000000000005" classname="Analysis_functions_afun_" name=".spl_context_and_afun_extra_parameters_contain_information_about_combo_counts"/>
    <testcase time="0.00499999999999545" classname="Analysis_functions_afun_" name=".spl_context_and_afun_extra_parameters_contain_information_about_combo_counts"/>
    <testcase time="0.0169999999999959" classname="Analysis_functions_afun_" name=".spl_context_and_afun_extra_parameters_contain_information_about_combo_counts"/>
    <testcase time="0.00400000000000489" classname="Analysis_functions_afun_" name=".spl_context_and_afun_extra_parameters_contain_information_about_combo_counts"/>
    <testcase time="0.00499999999999545" classname="Analysis_functions_afun_" name=".spl_context_and_afun_extra_parameters_contain_information_about_combo_counts"/>
    <testcase time="0.00500000000000966" classname="Analysis_functions_afun_" name=".spl_context_and_afun_extra_parameters_contain_information_about_combo_counts"/>
    <testcase time="0.00499999999999545" classname="Analysis_functions_afun_" name=".spl_context_and_afun_extra_parameters_contain_information_about_combo_counts"/>
    <testcase time="0.00400000000000489" classname="Analysis_functions_afun_" name=".spl_context_and_afun_extra_parameters_contain_information_about_combo_counts"/>
    <testcase time="0.00499999999999545" classname="Analysis_functions_afun_" name=".spl_context_and_afun_extra_parameters_contain_information_about_combo_counts"/>
    <testcase time="0.00799999999999557" classname="Analysis_functions_afun_" name=".spl_context_and_afun_extra_parameters_contain_information_about_combo_counts"/>
    <testcase time="0.00400000000000489" classname="Analysis_functions_afun_" name=".spl_context_and_afun_extra_parameters_contain_information_about_combo_counts"/>
    <testcase time="0.012999999999991" classname="Analysis_functions_afun_" name=".spl_context_and_afun_extra_parameters_contain_information_about_combo_counts"/>
    <testcase time="0.00300000000000011" classname="Analysis_functions_afun_" name=".spl_context_and_afun_extra_parameters_contain_information_about_combo_counts"/>
    <testcase time="0.00400000000000489" classname="Analysis_functions_afun_" name=".spl_context_and_afun_extra_parameters_contain_information_about_combo_counts"/>
    <testcase time="0.00300000000000011" classname="Analysis_functions_afun_" name=".spl_context_and_afun_extra_parameters_contain_information_about_combo_counts"/>
    <testcase time="0.00300000000000011" classname="Analysis_functions_afun_" name=".spl_context_and_afun_extra_parameters_contain_information_about_combo_counts"/>
    <testcase time="0.00400000000000489" classname="Analysis_functions_afun_" name=".spl_context_and_afun_extra_parameters_contain_information_about_combo_counts"/>
    <testcase time="0.00399999999999068" classname="Analysis_functions_afun_" name=".spl_context_and_afun_extra_parameters_contain_information_about_combo_counts"/>
    <testcase time="0.007000000000005" classname="Analysis_functions_afun_" name=".spl_context_and_afun_extra_parameters_contain_information_about_combo_counts"/>
    <testcase time="0.00499999999999545" classname="Analysis_functions_afun_" name=".spl_context_and_afun_extra_parameters_contain_information_about_combo_counts"/>
    <testcase time="0.0120000000000005" classname="Analysis_functions_afun_" name=".spl_context_and_afun_extra_parameters_contain_information_about_combo_counts"/>
    <testcase time="0.00400000000000489" classname="Analysis_functions_afun_" name=".spl_context_and_afun_extra_parameters_contain_information_about_combo_counts"/>
    <testcase time="0.00300000000000011" classname="Analysis_functions_afun_" name=".spl_context_and_afun_extra_parameters_contain_information_about_combo_counts"/>
    <testcase time="0.00799999999999557" classname="Analysis_functions_afun_" name=".spl_context_and_afun_extra_parameters_contain_information_about_combo_counts"/>
    <testcase time="0.00500000000000966" classname="Analysis_functions_afun_" name=".spl_context_and_afun_extra_parameters_contain_information_about_combo_counts"/>
    <testcase time="0.00499999999999545" classname="Analysis_functions_afun_" name=".spl_context_and_afun_extra_parameters_contain_information_about_combo_counts"/>
    <testcase time="0.00499999999999545" classname="Analysis_functions_afun_" name=".spl_context_and_afun_extra_parameters_contain_information_about_combo_counts"/>
    <testcase time="0.0110000000000099" classname="Analysis_functions_afun_" name=".spl_context_and_afun_extra_parameters_contain_information_about_combo_counts"/>
    <testcase time="0.00499999999999545" classname="Analysis_functions_afun_" name=".spl_context_and_afun_extra_parameters_contain_information_about_combo_counts"/>
    <testcase time="0.405000000000001" classname="Analysis_functions_afun_" name=".spl_context_and_afun_extra_parameters_contain_information_about_combo_counts"/>
    <testcase time="0.027000000000001" classname="Analysis_functions_afun_" name=".spl_context_and_afun_extra_parameters_contain_information_about_combo_counts"/>
    <testcase time="0.0489999999999924" classname="Analysis_functions_afun_" name=".spl_context_and_afun_extra_parameters_contain_information_about_combo_counts"/>
    <testcase time="0.027000000000001" classname="Analysis_functions_afun_" name="Error_localization_for_missing_split_variable_when_done_in_alt_count_df"/>
    <testcase time="0.0240000000000009" classname="Analysis_functions_afun_" name="Error_localization_for_missing_split_variable_when_done_in_alt_count_df"/>
    <testcase time="0.0240000000000009" classname="Analysis_functions_afun_" name="Error_localization_for_missing_split_variable_when_done_in_alt_count_df"/>
    <testcase time="0.0300000000000011" classname="Analysis_functions_afun_" name="Error_localization_for_missing_split_variable_when_done_in_alt_count_df"/>
    <testcase time="0.0550000000000068" classname="Analysis_functions_afun_" name="Error_localization_for_missing_split_variable_when_done_in_alt_count_df"/>
    <testcase time="0.0309999999999917" classname="Analysis_functions_afun_" name="Error_localization_for_missmatch_split_variable_when_done_in_alt_count_df"/>
    <testcase time="0.019999999999996" classname="Analysis_functions_afun_" name="Error_localization_for_missmatch_split_variable_when_done_in_alt_count_df"/>
    <testcase time="0.0200000000000102" classname="Analysis_functions_afun_" name="Error_localization_for_missmatch_split_variable_when_done_in_alt_count_df"/>
    <testcase time="0.019999999999996" classname="Analysis_functions_afun_" name="Error_localization_for_missmatch_split_variable_when_done_in_alt_count_df"/>
    <testcase time="0.0529999999999973" classname="Analysis_functions_afun_" name="Error_localization_for_missmatch_split_variable_when_done_in_alt_count_df"/>
    <testcase time="0.0510000000000019" classname="Analysis_functions_afun_" name="Error_localization_for_missmatch_split_variable_when_done_in_alt_count_df"/>
    <testcase time="0.019999999999996" classname="Analysis_functions_afun_" name="Error_localization_for_missmatch_split_variable_when_done_in_alt_count_df"/>
    <testcase time="0.0520000000000067" classname="Analysis_functions_afun_" name="Error_localization_for_missmatch_split_variable_when_done_in_alt_count_df"/>
  </testsuite>
  <testsuite name="Content functions (cfun)" timestamp="2024-11-14T16:41:00Z" hostname="d42982ee9c84" tests="3" skipped="0" failures="0" errors="0" time="0.152">
    <testcase time="0.0319999999999965" classname="Content_functions_cfun_" name=".alt_df_row_appears_in_cfun_but_not_in_afun."/>
    <testcase time="0.0139999999999958" classname="Content_functions_cfun_" name=".alt_df_row_appears_in_cfun_but_not_in_afun."/>
    <testcase time="0.106000000000009" classname="Content_functions_cfun_" name=".alt_df_row_appears_in_cfun_but_not_in_afun."/>
  </testsuite>
  <testsuite name="Checking utility functions" timestamp="2024-11-14T16:41:00Z" hostname="d42982ee9c84" tests="6" skipped="0" failures="0" errors="0" time="0.017">
    <testcase time="0.00600000000000023" classname="Checking_utility_functions" name="func_takes_works_with_different_inputs"/>
    <testcase time="0.000999999999990564" classname="Checking_utility_functions" name="func_takes_works_with_different_inputs"/>
    <testcase time="0.00200000000000955" classname="Checking_utility_functions" name="func_takes_works_with_different_inputs"/>
    <testcase time="0.000999999999990564" classname="Checking_utility_functions" name="func_takes_works_with_different_inputs"/>
    <testcase time="0.00300000000000011" classname="Checking_utility_functions" name="func_takes_works_with_different_inputs"/>
    <testcase time="0.00400000000000489" classname="Checking_utility_functions" name="func_takes_works_with_different_inputs"/>
  </testsuite>
</testsuites>
